!SESSION 2018-10-24 17:42:49.760 -----------------------------------------------
eclipse.buildId=unknown
java.version=1.8.0_181
java.vendor=Oracle Corporation
BootLoader constants: OS=linux, ARCH=x86_64, WS=gtk, NL=pt_BR

!ENTRY org.eclipse.equinox.metatype 4 0 2018-10-24 17:42:49.761
!MESSAGE Missing element "AD" of parent element "OCD" with ID "com.liferay.training.gradebook.configuration.GradebookSystemServiceConfiguration" in metadata XML at "bundleentry://967.fwk570602209/OSGI-INF/metatype/com.liferay.training.gradebook.configuration.GradebookSystemServiceConfiguration.xml" for bundle ID "967" with symbolic name "com.liferay.training.gradebook.api".

!ENTRY org.eclipse.equinox.metatype 4 0 2018-10-24 17:42:49.762
!MESSAGE Designate with pid "com.liferay.training.gradebook.configuration.GradebookSystemServiceConfiguration" and factoryPid "null" references missing OCD "com.liferay.training.gradebook.configuration.GradebookSystemServiceConfiguration" in metadata XML at "bundleentry://967.fwk570602209/OSGI-INF/metatype/com.liferay.training.gradebook.configuration.GradebookSystemServiceConfiguration.xml" for bundle ID "967" with symbolic name "com.liferay.training.gradebook.api".

!ENTRY com.liferay.portal.configuration.settings 4 0 2018-10-24 18:14:13.324
!MESSAGE [com.liferay.portal.configuration.settings.internal.SettingsFactoryImpl(1018)] The setConfigurationBeanDeclaration method has thrown an exception
!STACK 0
java.lang.NullPointerException
	at com.liferay.portal.configuration.settings.internal.util.ConfigurationPidUtil.getConfigurationPid(ConfigurationPidUtil.java:28)
	at com.liferay.portal.configuration.settings.internal.SettingsFactoryImpl.setConfigurationBeanDeclaration(SettingsFactoryImpl.java:225)
	at sun.reflect.GeneratedMethodAccessor76.invoke(Unknown Source)
	at sun.reflect.DelegatingMethodAccessorImpl.invoke(DelegatingMethodAccessorImpl.java:43)
	at java.lang.reflect.Method.invoke(Method.java:498)
	at org.apache.felix.scr.impl.inject.BaseMethod.invokeMethod(BaseMethod.java:224)
	at org.apache.felix.scr.impl.inject.BaseMethod.access$500(BaseMethod.java:39)
	at org.apache.felix.scr.impl.inject.BaseMethod$Resolved.invoke(BaseMethod.java:617)
	at org.apache.felix.scr.impl.inject.BaseMethod.invoke(BaseMethod.java:501)
	at org.apache.felix.scr.impl.inject.BindMethod.invoke(BindMethod.java:655)
	at org.apache.felix.scr.impl.manager.DependencyManager.doInvokeBindMethod(DependencyManager.java:1724)
	at org.apache.felix.scr.impl.manager.DependencyManager.invokeBindMethod(DependencyManager.java:1701)
	at org.apache.felix.scr.impl.manager.SingleComponentManager.invokeBindMethod(SingleComponentManager.java:371)
	at org.apache.felix.scr.impl.manager.DependencyManager$MultipleDynamicCustomizer.addedService(DependencyManager.java:320)
	at org.apache.felix.scr.impl.manager.DependencyManager$MultipleDynamicCustomizer.addedService(DependencyManager.java:291)
	at org.apache.felix.scr.impl.manager.ServiceTracker$Tracked.customizerAdded(ServiceTracker.java:1215)
	at org.apache.felix.scr.impl.manager.ServiceTracker$Tracked.customizerAdded(ServiceTracker.java:1136)
	at org.apache.felix.scr.impl.manager.ServiceTracker$AbstractTracked.trackAdding(ServiceTracker.java:945)
	at org.apache.felix.scr.impl.manager.ServiceTracker$AbstractTracked.track(ServiceTracker.java:881)
	at org.apache.felix.scr.impl.manager.ServiceTracker$Tracked.serviceChanged(ServiceTracker.java:1167)
	at org.apache.felix.scr.impl.BundleComponentActivator$ListenerInfo.serviceChanged(BundleComponentActivator.java:127)
	at org.eclipse.osgi.internal.serviceregistry.FilteredServiceListener.serviceChanged(FilteredServiceListener.java:109)
	at org.eclipse.osgi.internal.framework.BundleContextImpl.dispatchEvent(BundleContextImpl.java:917)
	at org.eclipse.osgi.framework.eventmgr.EventManager.dispatchEvent(EventManager.java:230)
	at org.eclipse.osgi.framework.eventmgr.ListenerQueue.dispatchEventSynchronous(ListenerQueue.java:148)
	at org.eclipse.osgi.internal.serviceregistry.ServiceRegistry.publishServiceEventPrivileged(ServiceRegistry.java:862)
	at org.eclipse.osgi.internal.serviceregistry.ServiceRegistry.publishServiceEvent(ServiceRegistry.java:801)
	at org.eclipse.osgi.internal.serviceregistry.ServiceRegistrationImpl.register(ServiceRegistrationImpl.java:127)
	at org.eclipse.osgi.internal.serviceregistry.ServiceRegistry.registerService(ServiceRegistry.java:225)
	at org.eclipse.osgi.internal.framework.BundleContextImpl.registerService(BundleContextImpl.java:464)
	at org.apache.felix.scr.impl.manager.AbstractComponentManager$3.register(AbstractComponentManager.java:886)
	at org.apache.felix.scr.impl.manager.AbstractComponentManager$3.register(AbstractComponentManager.java:873)
	at org.apache.felix.scr.impl.manager.RegistrationManager.changeRegistration(RegistrationManager.java:132)
	at org.apache.felix.scr.impl.manager.AbstractComponentManager.registerService(AbstractComponentManager.java:940)
	at org.apache.felix.scr.impl.manager.AbstractComponentManager.activateInternal(AbstractComponentManager.java:740)
	at org.apache.felix.scr.impl.manager.AbstractComponentManager.enableInternal(AbstractComponentManager.java:674)
	at org.apache.felix.scr.impl.manager.AbstractComponentManager.enable(AbstractComponentManager.java:429)
	at org.apache.felix.scr.impl.manager.ConfigurableComponentHolder.enableComponents(ConfigurableComponentHolder.java:657)
	at org.apache.felix.scr.impl.BundleComponentActivator.initialEnable(BundleComponentActivator.java:341)
	at org.apache.felix.scr.impl.Activator.loadComponents(Activator.java:403)
	at org.apache.felix.scr.impl.Activator.access$200(Activator.java:54)
	at org.apache.felix.scr.impl.Activator$ScrExtension.start(Activator.java:278)
	at org.apache.felix.utils.extender.AbstractExtender.createExtension(AbstractExtender.java:259)
	at org.apache.felix.utils.extender.AbstractExtender.modifiedBundle(AbstractExtender.java:232)
	at org.osgi.util.tracker.BundleTracker$Tracked.customizerModified(BundleTracker.java:482)
	at org.osgi.util.tracker.BundleTracker$Tracked.customizerModified(BundleTracker.java:1)
	at org.osgi.util.tracker.AbstractTracked.track(AbstractTracked.java:232)
	at org.osgi.util.tracker.BundleTracker$Tracked.bundleChanged(BundleTracker.java:444)
	at org.eclipse.osgi.internal.framework.BundleContextImpl.dispatchEvent(BundleContextImpl.java:905)
	at org.eclipse.osgi.framework.eventmgr.EventManager.dispatchEvent(EventManager.java:230)
	at org.eclipse.osgi.framework.eventmgr.ListenerQueue.dispatchEventSynchronous(ListenerQueue.java:148)
	at org.eclipse.osgi.internal.framework.EquinoxEventPublisher.publishBundleEventPrivileged(EquinoxEventPublisher.java:165)
	at org.eclipse.osgi.internal.framework.EquinoxEventPublisher.publishBundleEvent(EquinoxEventPublisher.java:75)
	at org.eclipse.osgi.internal.framework.EquinoxEventPublisher.publishBundleEvent(EquinoxEventPublisher.java:67)
	at org.eclipse.osgi.internal.framework.EquinoxContainerAdaptor.publishModuleEvent(EquinoxContainerAdaptor.java:102)
	at org.eclipse.osgi.container.Module.publishEvent(Module.java:461)
	at org.eclipse.osgi.container.Module.start(Module.java:452)
	at org.eclipse.osgi.internal.framework.EquinoxBundle.start(EquinoxBundle.java:402)
	at org.apache.felix.gogo.command.Basic.start(Basic.java:729)
	at sun.reflect.GeneratedMethodAccessor1003.invoke(Unknown Source)
	at sun.reflect.DelegatingMethodAccessorImpl.invoke(DelegatingMethodAccessorImpl.java:43)
	at java.lang.reflect.Method.invoke(Method.java:498)
	at org.apache.felix.gogo.runtime.Reflective.invoke(Reflective.java:137)
	at org.apache.felix.gogo.runtime.CommandProxy.execute(CommandProxy.java:82)
	at org.apache.felix.gogo.runtime.Closure.executeCmd(Closure.java:477)
	at org.apache.felix.gogo.runtime.Closure.executeStatement(Closure.java:403)
	at org.apache.felix.gogo.runtime.Pipe.run(Pipe.java:108)
	at org.apache.felix.gogo.runtime.Closure.execute(Closure.java:183)
	at org.apache.felix.gogo.runtime.Closure.execute(Closure.java:120)
	at org.apache.felix.gogo.runtime.CommandSessionImpl.execute(CommandSessionImpl.java:89)
	at org.apache.felix.gogo.shell.Console.run(Console.java:62)
	at org.apache.felix.gogo.shell.Shell.console(Shell.java:203)
	at org.apache.felix.gogo.shell.Shell.gosh(Shell.java:128)
	at sun.reflect.GeneratedMethodAccessor897.invoke(Unknown Source)
	at sun.reflect.DelegatingMethodAccessorImpl.invoke(DelegatingMethodAccessorImpl.java:43)
	at java.lang.reflect.Method.invoke(Method.java:498)
	at org.apache.felix.gogo.runtime.Reflective.invoke(Reflective.java:137)
	at org.apache.felix.gogo.runtime.CommandProxy.execute(CommandProxy.java:82)
	at org.apache.felix.gogo.runtime.Closure.executeCmd(Closure.java:477)
	at org.apache.felix.gogo.runtime.Closure.executeStatement(Closure.java:403)
	at org.apache.felix.gogo.runtime.Pipe.run(Pipe.java:108)
	at org.apache.felix.gogo.runtime.Closure.execute(Closure.java:183)
	at org.apache.felix.gogo.runtime.Closure.execute(Closure.java:120)
	at org.apache.felix.gogo.runtime.CommandSessionImpl.execute(CommandSessionImpl.java:89)
	at org.eclipse.equinox.console.telnet.TelnetConnection.run(TelnetConnection.java:94)

!ENTRY com.liferay.portal.configuration.settings 4 0 2018-10-24 18:14:13.327
!MESSAGE [com.liferay.portal.configuration.settings.internal.scoped.configuration.ScopedConfigurationBeanConfigurationListener(1020)] The addConfigurationBeanDeclaration method has thrown an exception
!STACK 0
java.lang.NullPointerException
	at com.liferay.portal.configuration.settings.internal.util.ConfigurationPidUtil.getConfigurationPid(ConfigurationPidUtil.java:28)
	at com.liferay.portal.configuration.settings.internal.scoped.configuration.ScopedConfigurationBeanConfigurationListener.addConfigurationBeanDeclaration(ScopedConfigurationBeanConfigurationListener.java:121)
	at sun.reflect.GeneratedMethodAccessor57.invoke(Unknown Source)
	at sun.reflect.DelegatingMethodAccessorImpl.invoke(DelegatingMethodAccessorImpl.java:43)
	at java.lang.reflect.Method.invoke(Method.java:498)
	at org.apache.felix.scr.impl.inject.BaseMethod.invokeMethod(BaseMethod.java:224)
	at org.apache.felix.scr.impl.inject.BaseMethod.access$500(BaseMethod.java:39)
	at org.apache.felix.scr.impl.inject.BaseMethod$Resolved.invoke(BaseMethod.java:617)
	at org.apache.felix.scr.impl.inject.BaseMethod.invoke(BaseMethod.java:501)
	at org.apache.felix.scr.impl.inject.BindMethod.invoke(BindMethod.java:655)
	at org.apache.felix.scr.impl.manager.DependencyManager.doInvokeBindMethod(DependencyManager.java:1724)
	at org.apache.felix.scr.impl.manager.DependencyManager.invokeBindMethod(DependencyManager.java:1701)
	at org.apache.felix.scr.impl.manager.SingleComponentManager.invokeBindMethod(SingleComponentManager.java:371)
	at org.apache.felix.scr.impl.manager.DependencyManager$MultipleDynamicCustomizer.addedService(DependencyManager.java:320)
	at org.apache.felix.scr.impl.manager.DependencyManager$MultipleDynamicCustomizer.addedService(DependencyManager.java:291)
	at org.apache.felix.scr.impl.manager.ServiceTracker$Tracked.customizerAdded(ServiceTracker.java:1215)
	at org.apache.felix.scr.impl.manager.ServiceTracker$Tracked.customizerAdded(ServiceTracker.java:1136)
	at org.apache.felix.scr.impl.manager.ServiceTracker$AbstractTracked.trackAdding(ServiceTracker.java:945)
	at org.apache.felix.scr.impl.manager.ServiceTracker$AbstractTracked.track(ServiceTracker.java:881)
	at org.apache.felix.scr.impl.manager.ServiceTracker$Tracked.serviceChanged(ServiceTracker.java:1167)
	at org.apache.felix.scr.impl.BundleComponentActivator$ListenerInfo.serviceChanged(BundleComponentActivator.java:127)
	at org.eclipse.osgi.internal.serviceregistry.FilteredServiceListener.serviceChanged(FilteredServiceListener.java:109)
	at org.eclipse.osgi.internal.framework.BundleContextImpl.dispatchEvent(BundleContextImpl.java:917)
	at org.eclipse.osgi.framework.eventmgr.EventManager.dispatchEvent(EventManager.java:230)
	at org.eclipse.osgi.framework.eventmgr.ListenerQueue.dispatchEventSynchronous(ListenerQueue.java:148)
	at org.eclipse.osgi.internal.serviceregistry.ServiceRegistry.publishServiceEventPrivileged(ServiceRegistry.java:862)
	at org.eclipse.osgi.internal.serviceregistry.ServiceRegistry.publishServiceEvent(ServiceRegistry.java:801)
	at org.eclipse.osgi.internal.serviceregistry.ServiceRegistrationImpl.register(ServiceRegistrationImpl.java:127)
	at org.eclipse.osgi.internal.serviceregistry.ServiceRegistry.registerService(ServiceRegistry.java:225)
	at org.eclipse.osgi.internal.framework.BundleContextImpl.registerService(BundleContextImpl.java:464)
	at org.apache.felix.scr.impl.manager.AbstractComponentManager$3.register(AbstractComponentManager.java:886)
	at org.apache.felix.scr.impl.manager.AbstractComponentManager$3.register(AbstractComponentManager.java:873)
	at org.apache.felix.scr.impl.manager.RegistrationManager.changeRegistration(RegistrationManager.java:132)
	at org.apache.felix.scr.impl.manager.AbstractComponentManager.registerService(AbstractComponentManager.java:940)
	at org.apache.felix.scr.impl.manager.AbstractComponentManager.activateInternal(AbstractComponentManager.java:740)
	at org.apache.felix.scr.impl.manager.AbstractComponentManager.enableInternal(AbstractComponentManager.java:674)
	at org.apache.felix.scr.impl.manager.AbstractComponentManager.enable(AbstractComponentManager.java:429)
	at org.apache.felix.scr.impl.manager.ConfigurableComponentHolder.enableComponents(ConfigurableComponentHolder.java:657)
	at org.apache.felix.scr.impl.BundleComponentActivator.initialEnable(BundleComponentActivator.java:341)
	at org.apache.felix.scr.impl.Activator.loadComponents(Activator.java:403)
	at org.apache.felix.scr.impl.Activator.access$200(Activator.java:54)
	at org.apache.felix.scr.impl.Activator$ScrExtension.start(Activator.java:278)
	at org.apache.felix.utils.extender.AbstractExtender.createExtension(AbstractExtender.java:259)
	at org.apache.felix.utils.extender.AbstractExtender.modifiedBundle(AbstractExtender.java:232)
	at org.osgi.util.tracker.BundleTracker$Tracked.customizerModified(BundleTracker.java:482)
	at org.osgi.util.tracker.BundleTracker$Tracked.customizerModified(BundleTracker.java:1)
	at org.osgi.util.tracker.AbstractTracked.track(AbstractTracked.java:232)
	at org.osgi.util.tracker.BundleTracker$Tracked.bundleChanged(BundleTracker.java:444)
	at org.eclipse.osgi.internal.framework.BundleContextImpl.dispatchEvent(BundleContextImpl.java:905)
	at org.eclipse.osgi.framework.eventmgr.EventManager.dispatchEvent(EventManager.java:230)
	at org.eclipse.osgi.framework.eventmgr.ListenerQueue.dispatchEventSynchronous(ListenerQueue.java:148)
	at org.eclipse.osgi.internal.framework.EquinoxEventPublisher.publishBundleEventPrivileged(EquinoxEventPublisher.java:165)
	at org.eclipse.osgi.internal.framework.EquinoxEventPublisher.publishBundleEvent(EquinoxEventPublisher.java:75)
	at org.eclipse.osgi.internal.framework.EquinoxEventPublisher.publishBundleEvent(EquinoxEventPublisher.java:67)
	at org.eclipse.osgi.internal.framework.EquinoxContainerAdaptor.publishModuleEvent(EquinoxContainerAdaptor.java:102)
	at org.eclipse.osgi.container.Module.publishEvent(Module.java:461)
	at org.eclipse.osgi.container.Module.start(Module.java:452)
	at org.eclipse.osgi.internal.framework.EquinoxBundle.start(EquinoxBundle.java:402)
	at org.apache.felix.gogo.command.Basic.start(Basic.java:729)
	at sun.reflect.GeneratedMethodAccessor1003.invoke(Unknown Source)
	at sun.reflect.DelegatingMethodAccessorImpl.invoke(DelegatingMethodAccessorImpl.java:43)
	at java.lang.reflect.Method.invoke(Method.java:498)
	at org.apache.felix.gogo.runtime.Reflective.invoke(Reflective.java:137)
	at org.apache.felix.gogo.runtime.CommandProxy.execute(CommandProxy.java:82)
	at org.apache.felix.gogo.runtime.Closure.executeCmd(Closure.java:477)
	at org.apache.felix.gogo.runtime.Closure.executeStatement(Closure.java:403)
	at org.apache.felix.gogo.runtime.Pipe.run(Pipe.java:108)
	at org.apache.felix.gogo.runtime.Closure.execute(Closure.java:183)
	at org.apache.felix.gogo.runtime.Closure.execute(Closure.java:120)
	at org.apache.felix.gogo.runtime.CommandSessionImpl.execute(CommandSessionImpl.java:89)
	at org.apache.felix.gogo.shell.Console.run(Console.java:62)
	at org.apache.felix.gogo.shell.Shell.console(Shell.java:203)
	at org.apache.felix.gogo.shell.Shell.gosh(Shell.java:128)
	at sun.reflect.GeneratedMethodAccessor897.invoke(Unknown Source)
	at sun.reflect.DelegatingMethodAccessorImpl.invoke(DelegatingMethodAccessorImpl.java:43)
	at java.lang.reflect.Method.invoke(Method.java:498)
	at org.apache.felix.gogo.runtime.Reflective.invoke(Reflective.java:137)
	at org.apache.felix.gogo.runtime.CommandProxy.execute(CommandProxy.java:82)
	at org.apache.felix.gogo.runtime.Closure.executeCmd(Closure.java:477)
	at org.apache.felix.gogo.runtime.Closure.executeStatement(Closure.java:403)
	at org.apache.felix.gogo.runtime.Pipe.run(Pipe.java:108)
	at org.apache.felix.gogo.runtime.Closure.execute(Closure.java:183)
	at org.apache.felix.gogo.runtime.Closure.execute(Closure.java:120)
	at org.apache.felix.gogo.runtime.CommandSessionImpl.execute(CommandSessionImpl.java:89)
	at org.eclipse.equinox.console.telnet.TelnetConnection.run(TelnetConnection.java:94)

!ENTRY com.liferay.portal.configuration.settings 4 0 2018-10-24 18:14:13.329
!MESSAGE FrameworkEvent ERROR
!STACK 0
java.lang.NullPointerException
	at com.liferay.portal.configuration.settings.internal.util.ConfigurationPidUtil.getConfigurationPid(ConfigurationPidUtil.java:28)
	at com.liferay.portal.configuration.settings.internal.ConfigurationBeanManagedService.<init>(ConfigurationBeanManagedService.java:47)
	at com.liferay.portal.configuration.settings.internal.SettingsLocatorHelperImpl$ConfigurationBeanDeclarationServiceTracker.addingService(SettingsLocatorHelperImpl.java:382)
	at com.liferay.portal.configuration.settings.internal.SettingsLocatorHelperImpl$ConfigurationBeanDeclarationServiceTracker.addingService(SettingsLocatorHelperImpl.java:368)
	at org.osgi.util.tracker.ServiceTracker$Tracked.customizerAdding(ServiceTracker.java:941)
	at org.osgi.util.tracker.ServiceTracker$Tracked.customizerAdding(ServiceTracker.java:1)
	at org.osgi.util.tracker.AbstractTracked.trackAdding(AbstractTracked.java:256)
	at org.osgi.util.tracker.AbstractTracked.track(AbstractTracked.java:229)
	at org.osgi.util.tracker.ServiceTracker$Tracked.serviceChanged(ServiceTracker.java:901)
	at org.eclipse.osgi.internal.serviceregistry.FilteredServiceListener.serviceChanged(FilteredServiceListener.java:109)
	at org.eclipse.osgi.internal.framework.BundleContextImpl.dispatchEvent(BundleContextImpl.java:917)
	at org.eclipse.osgi.framework.eventmgr.EventManager.dispatchEvent(EventManager.java:230)
	at org.eclipse.osgi.framework.eventmgr.ListenerQueue.dispatchEventSynchronous(ListenerQueue.java:148)
	at org.eclipse.osgi.internal.serviceregistry.ServiceRegistry.publishServiceEventPrivileged(ServiceRegistry.java:862)
	at org.eclipse.osgi.internal.serviceregistry.ServiceRegistry.publishServiceEvent(ServiceRegistry.java:801)
	at org.eclipse.osgi.internal.serviceregistry.ServiceRegistrationImpl.register(ServiceRegistrationImpl.java:127)
	at org.eclipse.osgi.internal.serviceregistry.ServiceRegistry.registerService(ServiceRegistry.java:225)
	at org.eclipse.osgi.internal.framework.BundleContextImpl.registerService(BundleContextImpl.java:464)
	at org.apache.felix.scr.impl.manager.AbstractComponentManager$3.register(AbstractComponentManager.java:886)
	at org.apache.felix.scr.impl.manager.AbstractComponentManager$3.register(AbstractComponentManager.java:873)
	at org.apache.felix.scr.impl.manager.RegistrationManager.changeRegistration(RegistrationManager.java:132)
	at org.apache.felix.scr.impl.manager.AbstractComponentManager.registerService(AbstractComponentManager.java:940)
	at org.apache.felix.scr.impl.manager.AbstractComponentManager.activateInternal(AbstractComponentManager.java:740)
	at org.apache.felix.scr.impl.manager.AbstractComponentManager.enableInternal(AbstractComponentManager.java:674)
	at org.apache.felix.scr.impl.manager.AbstractComponentManager.enable(AbstractComponentManager.java:429)
	at org.apache.felix.scr.impl.manager.ConfigurableComponentHolder.enableComponents(ConfigurableComponentHolder.java:657)
	at org.apache.felix.scr.impl.BundleComponentActivator.initialEnable(BundleComponentActivator.java:341)
	at org.apache.felix.scr.impl.Activator.loadComponents(Activator.java:403)
	at org.apache.felix.scr.impl.Activator.access$200(Activator.java:54)
	at org.apache.felix.scr.impl.Activator$ScrExtension.start(Activator.java:278)
	at org.apache.felix.utils.extender.AbstractExtender.createExtension(AbstractExtender.java:259)
	at org.apache.felix.utils.extender.AbstractExtender.modifiedBundle(AbstractExtender.java:232)
	at org.osgi.util.tracker.BundleTracker$Tracked.customizerModified(BundleTracker.java:482)
	at org.osgi.util.tracker.BundleTracker$Tracked.customizerModified(BundleTracker.java:1)
	at org.osgi.util.tracker.AbstractTracked.track(AbstractTracked.java:232)
	at org.osgi.util.tracker.BundleTracker$Tracked.bundleChanged(BundleTracker.java:444)
	at org.eclipse.osgi.internal.framework.BundleContextImpl.dispatchEvent(BundleContextImpl.java:905)
	at org.eclipse.osgi.framework.eventmgr.EventManager.dispatchEvent(EventManager.java:230)
	at org.eclipse.osgi.framework.eventmgr.ListenerQueue.dispatchEventSynchronous(ListenerQueue.java:148)
	at org.eclipse.osgi.internal.framework.EquinoxEventPublisher.publishBundleEventPrivileged(EquinoxEventPublisher.java:165)
	at org.eclipse.osgi.internal.framework.EquinoxEventPublisher.publishBundleEvent(EquinoxEventPublisher.java:75)
	at org.eclipse.osgi.internal.framework.EquinoxEventPublisher.publishBundleEvent(EquinoxEventPublisher.java:67)
	at org.eclipse.osgi.internal.framework.EquinoxContainerAdaptor.publishModuleEvent(EquinoxContainerAdaptor.java:102)
	at org.eclipse.osgi.container.Module.publishEvent(Module.java:461)
	at org.eclipse.osgi.container.Module.start(Module.java:452)
	at org.eclipse.osgi.internal.framework.EquinoxBundle.start(EquinoxBundle.java:402)
	at org.apache.felix.gogo.command.Basic.start(Basic.java:729)
	at sun.reflect.GeneratedMethodAccessor1003.invoke(Unknown Source)
	at sun.reflect.DelegatingMethodAccessorImpl.invoke(DelegatingMethodAccessorImpl.java:43)
	at java.lang.reflect.Method.invoke(Method.java:498)
	at org.apache.felix.gogo.runtime.Reflective.invoke(Reflective.java:137)
	at org.apache.felix.gogo.runtime.CommandProxy.execute(CommandProxy.java:82)
	at org.apache.felix.gogo.runtime.Closure.executeCmd(Closure.java:477)
	at org.apache.felix.gogo.runtime.Closure.executeStatement(Closure.java:403)
	at org.apache.felix.gogo.runtime.Pipe.run(Pipe.java:108)
	at org.apache.felix.gogo.runtime.Closure.execute(Closure.java:183)
	at org.apache.felix.gogo.runtime.Closure.execute(Closure.java:120)
	at org.apache.felix.gogo.runtime.CommandSessionImpl.execute(CommandSessionImpl.java:89)
	at org.apache.felix.gogo.shell.Console.run(Console.java:62)
	at org.apache.felix.gogo.shell.Shell.console(Shell.java:203)
	at org.apache.felix.gogo.shell.Shell.gosh(Shell.java:128)
	at sun.reflect.GeneratedMethodAccessor897.invoke(Unknown Source)
	at sun.reflect.DelegatingMethodAccessorImpl.invoke(DelegatingMethodAccessorImpl.java:43)
	at java.lang.reflect.Method.invoke(Method.java:498)
	at org.apache.felix.gogo.runtime.Reflective.invoke(Reflective.java:137)
	at org.apache.felix.gogo.runtime.CommandProxy.execute(CommandProxy.java:82)
	at org.apache.felix.gogo.runtime.Closure.executeCmd(Closure.java:477)
	at org.apache.felix.gogo.runtime.Closure.executeStatement(Closure.java:403)
	at org.apache.felix.gogo.runtime.Pipe.run(Pipe.java:108)
	at org.apache.felix.gogo.runtime.Closure.execute(Closure.java:183)
	at org.apache.felix.gogo.runtime.Closure.execute(Closure.java:120)
	at org.apache.felix.gogo.runtime.CommandSessionImpl.execute(CommandSessionImpl.java:89)
	at org.eclipse.equinox.console.telnet.TelnetConnection.run(TelnetConnection.java:94)

!ENTRY com.liferay.portal.configuration.settings 4 0 2018-10-24 18:14:30.591
!MESSAGE [com.liferay.portal.configuration.settings.internal.SettingsFactoryImpl(1018)] The unsetConfigurationBeanDeclaration method has thrown an exception
!STACK 0
java.lang.NoClassDefFoundError: com/liferay/training/gradebook/configuration/GradebookSystemServiceConfiguration
	at com.liferay.training.gradebook.configuration.definition.GradeBookSystemServiceConfiguraionBeanDeclaration.getConfigurationBeanClass(GradeBookSystemServiceConfiguraionBeanDeclaration.java:14)
	at com.liferay.portal.configuration.settings.internal.SettingsFactoryImpl.unsetConfigurationBeanDeclaration(SettingsFactoryImpl.java:278)
	at sun.reflect.NativeMethodAccessorImpl.invoke0(Native Method)
	at sun.reflect.NativeMethodAccessorImpl.invoke(NativeMethodAccessorImpl.java:62)
	at sun.reflect.DelegatingMethodAccessorImpl.invoke(DelegatingMethodAccessorImpl.java:43)
	at java.lang.reflect.Method.invoke(Method.java:498)
	at org.apache.felix.scr.impl.inject.BaseMethod.invokeMethod(BaseMethod.java:224)
	at org.apache.felix.scr.impl.inject.BaseMethod.access$500(BaseMethod.java:39)
	at org.apache.felix.scr.impl.inject.BaseMethod$Resolved.invoke(BaseMethod.java:617)
	at org.apache.felix.scr.impl.inject.BaseMethod$NotResolved.invoke(BaseMethod.java:576)
	at org.apache.felix.scr.impl.inject.BaseMethod.invoke(BaseMethod.java:501)
	at org.apache.felix.scr.impl.inject.BindMethod.invoke(BindMethod.java:655)
	at org.apache.felix.scr.impl.manager.DependencyManager.invokeUnbindMethod(DependencyManager.java:1839)
	at org.apache.felix.scr.impl.manager.SingleComponentManager.invokeUnbindMethod(SingleComponentManager.java:394)
	at org.apache.felix.scr.impl.manager.DependencyManager$MultipleDynamicCustomizer.removedService(DependencyManager.java:375)
	at org.apache.felix.scr.impl.manager.DependencyManager$MultipleDynamicCustomizer.removedService(DependencyManager.java:291)
	at org.apache.felix.scr.impl.manager.ServiceTracker$Tracked.customizerRemoved(ServiceTracker.java:1241)
	at org.apache.felix.scr.impl.manager.ServiceTracker$Tracked.customizerRemoved(ServiceTracker.java:1136)
	at org.apache.felix.scr.impl.manager.ServiceTracker$AbstractTracked.untrack(ServiceTracker.java:996)
	at org.apache.felix.scr.impl.manager.ServiceTracker$Tracked.serviceChanged(ServiceTracker.java:1175)
	at org.apache.felix.scr.impl.BundleComponentActivator$ListenerInfo.serviceChanged(BundleComponentActivator.java:127)
	at org.eclipse.osgi.internal.serviceregistry.FilteredServiceListener.serviceChanged(FilteredServiceListener.java:109)
	at org.eclipse.osgi.internal.framework.BundleContextImpl.dispatchEvent(BundleContextImpl.java:917)
	at org.eclipse.osgi.framework.eventmgr.EventManager.dispatchEvent(EventManager.java:230)
	at org.eclipse.osgi.framework.eventmgr.ListenerQueue.dispatchEventSynchronous(ListenerQueue.java:148)
	at org.eclipse.osgi.internal.serviceregistry.ServiceRegistry.publishServiceEventPrivileged(ServiceRegistry.java:862)
	at org.eclipse.osgi.internal.serviceregistry.ServiceRegistry.publishServiceEvent(ServiceRegistry.java:801)
	at org.eclipse.osgi.internal.serviceregistry.ServiceRegistrationImpl.unregister(ServiceRegistrationImpl.java:222)
	at org.apache.felix.scr.impl.manager.AbstractComponentManager$3.unregister(AbstractComponentManager.java:908)
	at org.apache.felix.scr.impl.manager.AbstractComponentManager$3.unregister(AbstractComponentManager.java:873)
	at org.apache.felix.scr.impl.manager.RegistrationManager.changeRegistration(RegistrationManager.java:139)
	at org.apache.felix.scr.impl.manager.AbstractComponentManager.unregisterService(AbstractComponentManager.java:950)
	at org.apache.felix.scr.impl.manager.AbstractComponentManager.doDeactivate(AbstractComponentManager.java:805)
	at org.apache.felix.scr.impl.manager.AbstractComponentManager.deactivateInternal(AbstractComponentManager.java:787)
	at org.apache.felix.scr.impl.manager.AbstractComponentManager.dispose(AbstractComponentManager.java:579)
	at org.apache.felix.scr.impl.manager.ConfigurableComponentHolder.disposeComponents(ConfigurableComponentHolder.java:706)
	at org.apache.felix.scr.impl.BundleComponentActivator.dispose(BundleComponentActivator.java:523)
	at org.apache.felix.scr.impl.Activator.disposeComponents(Activator.java:452)
	at org.apache.felix.scr.impl.Activator.access$300(Activator.java:54)
	at org.apache.felix.scr.impl.Activator$ScrExtension.destroy(Activator.java:306)
	at org.apache.felix.utils.extender.AbstractExtender$2.run(AbstractExtender.java:290)
	at java.util.concurrent.Executors$RunnableAdapter.call(Executors.java:511)
	at java.util.concurrent.FutureTask.run(FutureTask.java:266)
	at org.apache.felix.utils.extender.AbstractExtender.destroyExtension(AbstractExtender.java:312)
	at org.apache.felix.utils.extender.AbstractExtender.bundleChanged(AbstractExtender.java:186)
	at org.eclipse.osgi.internal.framework.BundleContextImpl.dispatchEvent(BundleContextImpl.java:905)
	at org.eclipse.osgi.framework.eventmgr.EventManager.dispatchEvent(EventManager.java:230)
	at org.eclipse.osgi.framework.eventmgr.ListenerQueue.dispatchEventSynchronous(ListenerQueue.java:148)
	at org.eclipse.osgi.internal.framework.EquinoxEventPublisher.publishBundleEventPrivileged(EquinoxEventPublisher.java:165)
	at org.eclipse.osgi.internal.framework.EquinoxEventPublisher.publishBundleEvent(EquinoxEventPublisher.java:75)
	at org.eclipse.osgi.internal.framework.EquinoxEventPublisher.publishBundleEvent(EquinoxEventPublisher.java:67)
	at org.eclipse.osgi.internal.framework.EquinoxContainerAdaptor.publishModuleEvent(EquinoxContainerAdaptor.java:102)
	at org.eclipse.osgi.container.Module.publishEvent(Module.java:461)
	at org.eclipse.osgi.container.Module.doStop(Module.java:619)
	at org.eclipse.osgi.container.Module.stop(Module.java:483)
	at org.eclipse.osgi.internal.framework.EquinoxBundle.stop(EquinoxBundle.java:429)
	at org.apache.felix.gogo.command.Basic.stop(Basic.java:786)
	at sun.reflect.GeneratedMethodAccessor1004.invoke(Unknown Source)
	at sun.reflect.DelegatingMethodAccessorImpl.invoke(DelegatingMethodAccessorImpl.java:43)
	at java.lang.reflect.Method.invoke(Method.java:498)
	at org.apache.felix.gogo.runtime.Reflective.invoke(Reflective.java:137)
	at org.apache.felix.gogo.runtime.CommandProxy.execute(CommandProxy.java:82)
	at org.apache.felix.gogo.runtime.Closure.executeCmd(Closure.java:477)
	at org.apache.felix.gogo.runtime.Closure.executeStatement(Closure.java:403)
	at org.apache.felix.gogo.runtime.Pipe.run(Pipe.java:108)
	at org.apache.felix.gogo.runtime.Closure.execute(Closure.java:183)
	at org.apache.felix.gogo.runtime.Closure.execute(Closure.java:120)
	at org.apache.felix.gogo.runtime.CommandSessionImpl.execute(CommandSessionImpl.java:89)
	at org.apache.felix.gogo.shell.Console.run(Console.java:62)
	at org.apache.felix.gogo.shell.Shell.console(Shell.java:203)
	at org.apache.felix.gogo.shell.Shell.gosh(Shell.java:128)
	at sun.reflect.GeneratedMethodAccessor897.invoke(Unknown Source)
	at sun.reflect.DelegatingMethodAccessorImpl.invoke(DelegatingMethodAccessorImpl.java:43)
	at java.lang.reflect.Method.invoke(Method.java:498)
	at org.apache.felix.gogo.runtime.Reflective.invoke(Reflective.java:137)
	at org.apache.felix.gogo.runtime.CommandProxy.execute(CommandProxy.java:82)
	at org.apache.felix.gogo.runtime.Closure.executeCmd(Closure.java:477)
	at org.apache.felix.gogo.runtime.Closure.executeStatement(Closure.java:403)
	at org.apache.felix.gogo.runtime.Pipe.run(Pipe.java:108)
	at org.apache.felix.gogo.runtime.Closure.execute(Closure.java:183)
	at org.apache.felix.gogo.runtime.Closure.execute(Closure.java:120)
	at org.apache.felix.gogo.runtime.CommandSessionImpl.execute(CommandSessionImpl.java:89)
	at org.eclipse.equinox.console.telnet.TelnetConnection.run(TelnetConnection.java:94)
Caused by: java.lang.ClassNotFoundException: com.liferay.training.gradebook.configuration.GradebookSystemServiceConfiguration cannot be found by com.liferay.training.gradebook.service_1.0.0
	at org.eclipse.osgi.internal.loader.BundleLoader.findClassInternal(BundleLoader.java:444)
	at org.eclipse.osgi.internal.loader.BundleLoader.findClass(BundleLoader.java:357)
	at org.eclipse.osgi.internal.loader.BundleLoader.findClass(BundleLoader.java:349)
	at org.eclipse.osgi.internal.loader.ModuleClassLoader.loadClass(ModuleClassLoader.java:160)
	at java.lang.ClassLoader.loadClass(ClassLoader.java:357)
	... 83 more

!ENTRY com.liferay.portal.configuration.settings 4 0 2018-10-24 18:14:30.596
!MESSAGE [com.liferay.portal.configuration.settings.internal.scoped.configuration.ScopedConfigurationBeanConfigurationListener(1020)] The removeConfigurationBeanDeclaration method has thrown an exception
!STACK 0
java.lang.NoClassDefFoundError: com/liferay/training/gradebook/configuration/GradebookSystemServiceConfiguration
	at com.liferay.training.gradebook.configuration.definition.GradeBookSystemServiceConfiguraionBeanDeclaration.getConfigurationBeanClass(GradeBookSystemServiceConfiguraionBeanDeclaration.java:14)
	at com.liferay.portal.configuration.settings.internal.scoped.configuration.ScopedConfigurationBeanConfigurationListener.removeConfigurationBeanDeclaration(ScopedConfigurationBeanConfigurationListener.java:131)
	at sun.reflect.NativeMethodAccessorImpl.invoke0(Native Method)
	at sun.reflect.NativeMethodAccessorImpl.invoke(NativeMethodAccessorImpl.java:62)
	at sun.reflect.DelegatingMethodAccessorImpl.invoke(DelegatingMethodAccessorImpl.java:43)
	at java.lang.reflect.Method.invoke(Method.java:498)
	at org.apache.felix.scr.impl.inject.BaseMethod.invokeMethod(BaseMethod.java:224)
	at org.apache.felix.scr.impl.inject.BaseMethod.access$500(BaseMethod.java:39)
	at org.apache.felix.scr.impl.inject.BaseMethod$Resolved.invoke(BaseMethod.java:617)
	at org.apache.felix.scr.impl.inject.BaseMethod$NotResolved.invoke(BaseMethod.java:576)
	at org.apache.felix.scr.impl.inject.BaseMethod.invoke(BaseMethod.java:501)
	at org.apache.felix.scr.impl.inject.BindMethod.invoke(BindMethod.java:655)
	at org.apache.felix.scr.impl.manager.DependencyManager.invokeUnbindMethod(DependencyManager.java:1839)
	at org.apache.felix.scr.impl.manager.SingleComponentManager.invokeUnbindMethod(SingleComponentManager.java:394)
	at org.apache.felix.scr.impl.manager.DependencyManager$MultipleDynamicCustomizer.removedService(DependencyManager.java:375)
	at org.apache.felix.scr.impl.manager.DependencyManager$MultipleDynamicCustomizer.removedService(DependencyManager.java:291)
	at org.apache.felix.scr.impl.manager.ServiceTracker$Tracked.customizerRemoved(ServiceTracker.java:1241)
	at org.apache.felix.scr.impl.manager.ServiceTracker$Tracked.customizerRemoved(ServiceTracker.java:1136)
	at org.apache.felix.scr.impl.manager.ServiceTracker$AbstractTracked.untrack(ServiceTracker.java:996)
	at org.apache.felix.scr.impl.manager.ServiceTracker$Tracked.serviceChanged(ServiceTracker.java:1175)
	at org.apache.felix.scr.impl.BundleComponentActivator$ListenerInfo.serviceChanged(BundleComponentActivator.java:127)
	at org.eclipse.osgi.internal.serviceregistry.FilteredServiceListener.serviceChanged(FilteredServiceListener.java:109)
	at org.eclipse.osgi.internal.framework.BundleContextImpl.dispatchEvent(BundleContextImpl.java:917)
	at org.eclipse.osgi.framework.eventmgr.EventManager.dispatchEvent(EventManager.java:230)
	at org.eclipse.osgi.framework.eventmgr.ListenerQueue.dispatchEventSynchronous(ListenerQueue.java:148)
	at org.eclipse.osgi.internal.serviceregistry.ServiceRegistry.publishServiceEventPrivileged(ServiceRegistry.java:862)
	at org.eclipse.osgi.internal.serviceregistry.ServiceRegistry.publishServiceEvent(ServiceRegistry.java:801)
	at org.eclipse.osgi.internal.serviceregistry.ServiceRegistrationImpl.unregister(ServiceRegistrationImpl.java:222)
	at org.apache.felix.scr.impl.manager.AbstractComponentManager$3.unregister(AbstractComponentManager.java:908)
	at org.apache.felix.scr.impl.manager.AbstractComponentManager$3.unregister(AbstractComponentManager.java:873)
	at org.apache.felix.scr.impl.manager.RegistrationManager.changeRegistration(RegistrationManager.java:139)
	at org.apache.felix.scr.impl.manager.AbstractComponentManager.unregisterService(AbstractComponentManager.java:950)
	at org.apache.felix.scr.impl.manager.AbstractComponentManager.doDeactivate(AbstractComponentManager.java:805)
	at org.apache.felix.scr.impl.manager.AbstractComponentManager.deactivateInternal(AbstractComponentManager.java:787)
	at org.apache.felix.scr.impl.manager.AbstractComponentManager.dispose(AbstractComponentManager.java:579)
	at org.apache.felix.scr.impl.manager.ConfigurableComponentHolder.disposeComponents(ConfigurableComponentHolder.java:706)
	at org.apache.felix.scr.impl.BundleComponentActivator.dispose(BundleComponentActivator.java:523)
	at org.apache.felix.scr.impl.Activator.disposeComponents(Activator.java:452)
	at org.apache.felix.scr.impl.Activator.access$300(Activator.java:54)
	at org.apache.felix.scr.impl.Activator$ScrExtension.destroy(Activator.java:306)
	at org.apache.felix.utils.extender.AbstractExtender$2.run(AbstractExtender.java:290)
	at java.util.concurrent.Executors$RunnableAdapter.call(Executors.java:511)
	at java.util.concurrent.FutureTask.run(FutureTask.java:266)
	at org.apache.felix.utils.extender.AbstractExtender.destroyExtension(AbstractExtender.java:312)
	at org.apache.felix.utils.extender.AbstractExtender.bundleChanged(AbstractExtender.java:186)
	at org.eclipse.osgi.internal.framework.BundleContextImpl.dispatchEvent(BundleContextImpl.java:905)
	at org.eclipse.osgi.framework.eventmgr.EventManager.dispatchEvent(EventManager.java:230)
	at org.eclipse.osgi.framework.eventmgr.ListenerQueue.dispatchEventSynchronous(ListenerQueue.java:148)
	at org.eclipse.osgi.internal.framework.EquinoxEventPublisher.publishBundleEventPrivileged(EquinoxEventPublisher.java:165)
	at org.eclipse.osgi.internal.framework.EquinoxEventPublisher.publishBundleEvent(EquinoxEventPublisher.java:75)
	at org.eclipse.osgi.internal.framework.EquinoxEventPublisher.publishBundleEvent(EquinoxEventPublisher.java:67)
	at org.eclipse.osgi.internal.framework.EquinoxContainerAdaptor.publishModuleEvent(EquinoxContainerAdaptor.java:102)
	at org.eclipse.osgi.container.Module.publishEvent(Module.java:461)
	at org.eclipse.osgi.container.Module.doStop(Module.java:619)
	at org.eclipse.osgi.container.Module.stop(Module.java:483)
	at org.eclipse.osgi.internal.framework.EquinoxBundle.stop(EquinoxBundle.java:429)
	at org.apache.felix.gogo.command.Basic.stop(Basic.java:786)
	at sun.reflect.GeneratedMethodAccessor1004.invoke(Unknown Source)
	at sun.reflect.DelegatingMethodAccessorImpl.invoke(DelegatingMethodAccessorImpl.java:43)
	at java.lang.reflect.Method.invoke(Method.java:498)
	at org.apache.felix.gogo.runtime.Reflective.invoke(Reflective.java:137)
	at org.apache.felix.gogo.runtime.CommandProxy.execute(CommandProxy.java:82)
	at org.apache.felix.gogo.runtime.Closure.executeCmd(Closure.java:477)
	at org.apache.felix.gogo.runtime.Closure.executeStatement(Closure.java:403)
	at org.apache.felix.gogo.runtime.Pipe.run(Pipe.java:108)
	at org.apache.felix.gogo.runtime.Closure.execute(Closure.java:183)
	at org.apache.felix.gogo.runtime.Closure.execute(Closure.java:120)
	at org.apache.felix.gogo.runtime.CommandSessionImpl.execute(CommandSessionImpl.java:89)
	at org.apache.felix.gogo.shell.Console.run(Console.java:62)
	at org.apache.felix.gogo.shell.Shell.console(Shell.java:203)
	at org.apache.felix.gogo.shell.Shell.gosh(Shell.java:128)
	at sun.reflect.GeneratedMethodAccessor897.invoke(Unknown Source)
	at sun.reflect.DelegatingMethodAccessorImpl.invoke(DelegatingMethodAccessorImpl.java:43)
	at java.lang.reflect.Method.invoke(Method.java:498)
	at org.apache.felix.gogo.runtime.Reflective.invoke(Reflective.java:137)
	at org.apache.felix.gogo.runtime.CommandProxy.execute(CommandProxy.java:82)
	at org.apache.felix.gogo.runtime.Closure.executeCmd(Closure.java:477)
	at org.apache.felix.gogo.runtime.Closure.executeStatement(Closure.java:403)
	at org.apache.felix.gogo.runtime.Pipe.run(Pipe.java:108)
	at org.apache.felix.gogo.runtime.Closure.execute(Closure.java:183)
	at org.apache.felix.gogo.runtime.Closure.execute(Closure.java:120)
	at org.apache.felix.gogo.runtime.CommandSessionImpl.execute(CommandSessionImpl.java:89)
	at org.eclipse.equinox.console.telnet.TelnetConnection.run(TelnetConnection.java:94)
