22-Oct-2018 17:30:57.112 INFORMAÇÕES [main] org.apache.catalina.startup.VersionLoggerListener.log Server version:        Apache Tomcat/9.0.6
22-Oct-2018 17:30:57.113 INFORMAÇÕES [main] org.apache.catalina.startup.VersionLoggerListener.log Server built:          Mar 5 2018 09:34:35 UTC
22-Oct-2018 17:30:57.113 INFORMAÇÕES [main] org.apache.catalina.startup.VersionLoggerListener.log Server number:         9.0.6.0
22-Oct-2018 17:30:57.113 INFORMAÇÕES [main] org.apache.catalina.startup.VersionLoggerListener.log OS Name:               Linux
22-Oct-2018 17:30:57.113 INFORMAÇÕES [main] org.apache.catalina.startup.VersionLoggerListener.log OS Version:            4.15.0-36-generic
22-Oct-2018 17:30:57.113 INFORMAÇÕES [main] org.apache.catalina.startup.VersionLoggerListener.log Architecture:          amd64
22-Oct-2018 17:30:57.114 INFORMAÇÕES [main] org.apache.catalina.startup.VersionLoggerListener.log Java Home:             /usr/lib/jvm/java-8-oracle/jre
22-Oct-2018 17:30:57.114 INFORMAÇÕES [main] org.apache.catalina.startup.VersionLoggerListener.log JVM Version:           1.8.0_181-b13
22-Oct-2018 17:30:57.114 INFORMAÇÕES [main] org.apache.catalina.startup.VersionLoggerListener.log JVM Vendor:            Oracle Corporation
22-Oct-2018 17:30:57.114 INFORMAÇÕES [main] org.apache.catalina.startup.VersionLoggerListener.log CATALINA_BASE:         /media/dfs2/8db50751-1bdc-42e7-a702-5af7636b2a17/liferay-workspace-training/training-workspace/bundles/tomcat-9.0.6
22-Oct-2018 17:30:57.114 INFORMAÇÕES [main] org.apache.catalina.startup.VersionLoggerListener.log CATALINA_HOME:         /media/dfs2/8db50751-1bdc-42e7-a702-5af7636b2a17/liferay-workspace-training/training-workspace/bundles/tomcat-9.0.6
22-Oct-2018 17:30:57.114 INFORMAÇÕES [main] org.apache.catalina.startup.VersionLoggerListener.log Command line argument: -Xmx1024m
22-Oct-2018 17:30:57.114 INFORMAÇÕES [main] org.apache.catalina.startup.VersionLoggerListener.log Command line argument: -Dcatalina.base=/media/dfs2/8db50751-1bdc-42e7-a702-5af7636b2a17/liferay-workspace-training/training-workspace/bundles/tomcat-9.0.6
22-Oct-2018 17:30:57.115 INFORMAÇÕES [main] org.apache.catalina.startup.VersionLoggerListener.log Command line argument: -Dcatalina.home=/media/dfs2/8db50751-1bdc-42e7-a702-5af7636b2a17/liferay-workspace-training/training-workspace/bundles/tomcat-9.0.6
22-Oct-2018 17:30:57.115 INFORMAÇÕES [main] org.apache.catalina.startup.VersionLoggerListener.log Command line argument: -Dcom.sun.management.jmxremote
22-Oct-2018 17:30:57.115 INFORMAÇÕES [main] org.apache.catalina.startup.VersionLoggerListener.log Command line argument: -Dcom.sun.management.jmxremote.authenticate=false
22-Oct-2018 17:30:57.115 INFORMAÇÕES [main] org.apache.catalina.startup.VersionLoggerListener.log Command line argument: -Dcom.sun.management.jmxremote.port=8099
22-Oct-2018 17:30:57.115 INFORMAÇÕES [main] org.apache.catalina.startup.VersionLoggerListener.log Command line argument: -Dcom.sun.management.jmxremote.ssl=false
22-Oct-2018 17:30:57.115 INFORMAÇÕES [main] org.apache.catalina.startup.VersionLoggerListener.log Command line argument: -Dfile.encoding=UTF8
22-Oct-2018 17:30:57.115 INFORMAÇÕES [main] org.apache.catalina.startup.VersionLoggerListener.log Command line argument: -Djava.endorsed.dirs=/media/dfs2/8db50751-1bdc-42e7-a702-5af7636b2a17/liferay-workspace-training/training-workspace/bundles/tomcat-9.0.6/endorsed
22-Oct-2018 17:30:57.115 INFORMAÇÕES [main] org.apache.catalina.startup.VersionLoggerListener.log Command line argument: -Djava.io.tmpdir=/media/dfs2/8db50751-1bdc-42e7-a702-5af7636b2a17/liferay-workspace-training/training-workspace/bundles/tomcat-9.0.6/temp
22-Oct-2018 17:30:57.116 INFORMAÇÕES [main] org.apache.catalina.startup.VersionLoggerListener.log Command line argument: -Djava.net.preferIPv4Stack=true
22-Oct-2018 17:30:57.116 INFORMAÇÕES [main] org.apache.catalina.startup.VersionLoggerListener.log Command line argument: -Djava.util.logging.config.file=/media/dfs2/8db50751-1bdc-42e7-a702-5af7636b2a17/liferay-workspace-training/training-workspace/bundles/tomcat-9.0.6/conf/logging.properties
22-Oct-2018 17:30:57.116 INFORMAÇÕES [main] org.apache.catalina.startup.VersionLoggerListener.log Command line argument: -Djava.util.logging.manager=org.apache.juli.ClassLoaderLogManager
22-Oct-2018 17:30:57.116 INFORMAÇÕES [main] org.apache.catalina.startup.VersionLoggerListener.log Command line argument: -Dorg.apache.catalina.loader.WebappClassLoader.ENABLE_CLEAR_REFERENCES=false
22-Oct-2018 17:30:57.116 INFORMAÇÕES [main] org.apache.catalina.startup.VersionLoggerListener.log Command line argument: -Duser.timezone=GMT
22-Oct-2018 17:30:57.116 INFORMAÇÕES [main] org.apache.catalina.core.AprLifecycleListener.lifecycleEvent The APR based Apache Tomcat Native library which allows optimal performance in production environments was not found on the java.library.path: [/usr/java/packages/lib/amd64:/usr/lib64:/lib64:/lib:/usr/lib]
22-Oct-2018 17:30:57.246 INFORMAÇÕES [main] org.apache.coyote.AbstractProtocol.init Initializing ProtocolHandler ["http-nio-8080"]
22-Oct-2018 17:30:57.253 INFORMAÇÕES [main] org.apache.tomcat.util.net.NioSelectorPool.getSharedSelector Using a shared selector for servlet write/read
22-Oct-2018 17:30:57.258 INFORMAÇÕES [main] org.apache.coyote.AbstractProtocol.init Initializing ProtocolHandler ["ajp-nio-8009"]
22-Oct-2018 17:30:57.259 INFORMAÇÕES [main] org.apache.tomcat.util.net.NioSelectorPool.getSharedSelector Using a shared selector for servlet write/read
22-Oct-2018 17:30:57.260 INFORMAÇÕES [main] org.apache.catalina.startup.Catalina.load Initialization processed in 483 ms
22-Oct-2018 17:30:57.281 INFORMAÇÕES [main] org.apache.catalina.core.StandardService.startInternal Starting service [Catalina]
22-Oct-2018 17:30:57.281 INFORMAÇÕES [main] org.apache.catalina.core.StandardEngine.startInternal Starting Servlet Engine: Apache Tomcat/9.0.6
22-Oct-2018 17:30:57.287 INFORMAÇÕES [main] org.apache.catalina.startup.HostConfig.deployDescriptor Deploying deployment descriptor [/media/dfs2/8db50751-1bdc-42e7-a702-5af7636b2a17/liferay-workspace-training/training-workspace/bundles/tomcat-9.0.6/conf/Catalina/localhost/ROOT.xml]
22-Oct-2018 17:30:57.305 ADVERTÊNCIA [main] org.apache.catalina.startup.HostConfig.deployDescriptor The path attribute with value [] in deployment descriptor [/media/dfs2/8db50751-1bdc-42e7-a702-5af7636b2a17/liferay-workspace-training/training-workspace/bundles/tomcat-9.0.6/conf/Catalina/localhost/ROOT.xml] has been ignored
22-Oct-2018 17:41:30.328 INFORMAÇÕES [main] org.apache.catalina.startup.HostConfig.deployDescriptor Deployment of deployment descriptor [/media/dfs2/8db50751-1bdc-42e7-a702-5af7636b2a17/liferay-workspace-training/training-workspace/bundles/tomcat-9.0.6/conf/Catalina/localhost/ROOT.xml] has finished in [633,041] ms
22-Oct-2018 17:41:30.332 INFORMAÇÕES [main] org.apache.coyote.AbstractProtocol.start Starting ProtocolHandler ["http-nio-8080"]
22-Oct-2018 17:41:30.344 INFORMAÇÕES [main] org.apache.coyote.AbstractProtocol.start Starting ProtocolHandler ["ajp-nio-8009"]
22-Oct-2018 17:41:30.352 INFORMAÇÕES [main] org.apache.catalina.startup.Catalina.start Server startup in 633092 ms
22-Oct-2018 17:44:07.305 INFORMAÇÕES [main] org.apache.catalina.core.StandardServer.await A valid shutdown command was received via the shutdown port. Stopping the Server instance.
22-Oct-2018 17:44:07.305 INFORMAÇÕES [main] org.apache.coyote.AbstractProtocol.pause Pausing ProtocolHandler ["http-nio-8080"]
22-Oct-2018 17:44:07.358 INFORMAÇÕES [main] org.apache.coyote.AbstractProtocol.pause Pausing ProtocolHandler ["ajp-nio-8009"]
22-Oct-2018 17:44:07.408 INFORMAÇÕES [main] org.apache.catalina.core.StandardService.stopInternal Stopping service [Catalina]
22-Oct-2018 17:44:33.792 GRAVE [main] org.apache.catalina.loader.WebappClassLoaderBase.checkThreadLocalMapForLeaks The web application [ROOT] created a ThreadLocal with key of type [java.lang.ThreadLocal] (value [java.lang.ThreadLocal@698de416]) and a value of type [io.netty.util.internal.InternalThreadLocalMap] (value [io.netty.util.internal.InternalThreadLocalMap@34db1dfb]) but failed to remove it when the web application was stopped. Threads are going to be renewed over time to try and avoid a probable memory leak.
22-Oct-2018 17:44:33.799 INFORMAÇÕES [main] org.apache.coyote.AbstractProtocol.stop Stopping ProtocolHandler ["http-nio-8080"]
22-Oct-2018 17:44:33.801 INFORMAÇÕES [main] org.apache.coyote.AbstractProtocol.stop Stopping ProtocolHandler ["ajp-nio-8009"]
22-Oct-2018 17:44:33.803 INFORMAÇÕES [main] org.apache.coyote.AbstractProtocol.destroy Destroying ProtocolHandler ["http-nio-8080"]
22-Oct-2018 17:44:33.803 INFORMAÇÕES [main] org.apache.coyote.AbstractProtocol.destroy Destroying ProtocolHandler ["ajp-nio-8009"]
22-Oct-2018 17:44:40.122 INFORMAÇÕES [main] org.apache.catalina.startup.VersionLoggerListener.log Server version:        Apache Tomcat/9.0.6
22-Oct-2018 17:44:40.123 INFORMAÇÕES [main] org.apache.catalina.startup.VersionLoggerListener.log Server built:          Mar 5 2018 09:34:35 UTC
22-Oct-2018 17:44:40.123 INFORMAÇÕES [main] org.apache.catalina.startup.VersionLoggerListener.log Server number:         9.0.6.0
22-Oct-2018 17:44:40.123 INFORMAÇÕES [main] org.apache.catalina.startup.VersionLoggerListener.log OS Name:               Linux
22-Oct-2018 17:44:40.123 INFORMAÇÕES [main] org.apache.catalina.startup.VersionLoggerListener.log OS Version:            4.15.0-36-generic
22-Oct-2018 17:44:40.123 INFORMAÇÕES [main] org.apache.catalina.startup.VersionLoggerListener.log Architecture:          amd64
22-Oct-2018 17:44:40.123 INFORMAÇÕES [main] org.apache.catalina.startup.VersionLoggerListener.log Java Home:             /usr/lib/jvm/java-8-oracle/jre
22-Oct-2018 17:44:40.123 INFORMAÇÕES [main] org.apache.catalina.startup.VersionLoggerListener.log JVM Version:           1.8.0_181-b13
22-Oct-2018 17:44:40.123 INFORMAÇÕES [main] org.apache.catalina.startup.VersionLoggerListener.log JVM Vendor:            Oracle Corporation
22-Oct-2018 17:44:40.124 INFORMAÇÕES [main] org.apache.catalina.startup.VersionLoggerListener.log CATALINA_BASE:         /media/dfs2/8db50751-1bdc-42e7-a702-5af7636b2a17/liferay-workspace-training/training-workspace/bundles/tomcat-9.0.6
22-Oct-2018 17:44:40.124 INFORMAÇÕES [main] org.apache.catalina.startup.VersionLoggerListener.log CATALINA_HOME:         /media/dfs2/8db50751-1bdc-42e7-a702-5af7636b2a17/liferay-workspace-training/training-workspace/bundles/tomcat-9.0.6
22-Oct-2018 17:44:40.124 INFORMAÇÕES [main] org.apache.catalina.startup.VersionLoggerListener.log Command line argument: -Xmx1024m
22-Oct-2018 17:44:40.124 INFORMAÇÕES [main] org.apache.catalina.startup.VersionLoggerListener.log Command line argument: -Dcatalina.base=/media/dfs2/8db50751-1bdc-42e7-a702-5af7636b2a17/liferay-workspace-training/training-workspace/bundles/tomcat-9.0.6
22-Oct-2018 17:44:40.124 INFORMAÇÕES [main] org.apache.catalina.startup.VersionLoggerListener.log Command line argument: -Dcatalina.home=/media/dfs2/8db50751-1bdc-42e7-a702-5af7636b2a17/liferay-workspace-training/training-workspace/bundles/tomcat-9.0.6
22-Oct-2018 17:44:40.124 INFORMAÇÕES [main] org.apache.catalina.startup.VersionLoggerListener.log Command line argument: -Dcom.sun.management.jmxremote
22-Oct-2018 17:44:40.124 INFORMAÇÕES [main] org.apache.catalina.startup.VersionLoggerListener.log Command line argument: -Dcom.sun.management.jmxremote.authenticate=false
22-Oct-2018 17:44:40.125 INFORMAÇÕES [main] org.apache.catalina.startup.VersionLoggerListener.log Command line argument: -Dcom.sun.management.jmxremote.port=8099
22-Oct-2018 17:44:40.125 INFORMAÇÕES [main] org.apache.catalina.startup.VersionLoggerListener.log Command line argument: -Dcom.sun.management.jmxremote.ssl=false
22-Oct-2018 17:44:40.125 INFORMAÇÕES [main] org.apache.catalina.startup.VersionLoggerListener.log Command line argument: -Dfile.encoding=UTF8
22-Oct-2018 17:44:40.125 INFORMAÇÕES [main] org.apache.catalina.startup.VersionLoggerListener.log Command line argument: -Djava.endorsed.dirs=/media/dfs2/8db50751-1bdc-42e7-a702-5af7636b2a17/liferay-workspace-training/training-workspace/bundles/tomcat-9.0.6/endorsed
22-Oct-2018 17:44:40.125 INFORMAÇÕES [main] org.apache.catalina.startup.VersionLoggerListener.log Command line argument: -Djava.io.tmpdir=/media/dfs2/8db50751-1bdc-42e7-a702-5af7636b2a17/liferay-workspace-training/training-workspace/bundles/tomcat-9.0.6/temp
22-Oct-2018 17:44:40.125 INFORMAÇÕES [main] org.apache.catalina.startup.VersionLoggerListener.log Command line argument: -Djava.net.preferIPv4Stack=true
22-Oct-2018 17:44:40.125 INFORMAÇÕES [main] org.apache.catalina.startup.VersionLoggerListener.log Command line argument: -Djava.util.logging.config.file=/media/dfs2/8db50751-1bdc-42e7-a702-5af7636b2a17/liferay-workspace-training/training-workspace/bundles/tomcat-9.0.6/conf/logging.properties
22-Oct-2018 17:44:40.125 INFORMAÇÕES [main] org.apache.catalina.startup.VersionLoggerListener.log Command line argument: -Djava.util.logging.manager=org.apache.juli.ClassLoaderLogManager
22-Oct-2018 17:44:40.125 INFORMAÇÕES [main] org.apache.catalina.startup.VersionLoggerListener.log Command line argument: -Dorg.apache.catalina.loader.WebappClassLoader.ENABLE_CLEAR_REFERENCES=false
22-Oct-2018 17:44:40.126 INFORMAÇÕES [main] org.apache.catalina.startup.VersionLoggerListener.log Command line argument: -Duser.timezone=GMT
22-Oct-2018 17:44:40.126 INFORMAÇÕES [main] org.apache.catalina.core.AprLifecycleListener.lifecycleEvent The APR based Apache Tomcat Native library which allows optimal performance in production environments was not found on the java.library.path: [/usr/java/packages/lib/amd64:/usr/lib64:/lib64:/lib:/usr/lib]
22-Oct-2018 17:44:40.259 INFORMAÇÕES [main] org.apache.coyote.AbstractProtocol.init Initializing ProtocolHandler ["http-nio-8080"]
22-Oct-2018 17:44:40.267 INFORMAÇÕES [main] org.apache.tomcat.util.net.NioSelectorPool.getSharedSelector Using a shared selector for servlet write/read
22-Oct-2018 17:44:40.277 INFORMAÇÕES [main] org.apache.coyote.AbstractProtocol.init Initializing ProtocolHandler ["ajp-nio-8009"]
22-Oct-2018 17:44:40.278 INFORMAÇÕES [main] org.apache.tomcat.util.net.NioSelectorPool.getSharedSelector Using a shared selector for servlet write/read
22-Oct-2018 17:44:40.278 INFORMAÇÕES [main] org.apache.catalina.startup.Catalina.load Initialization processed in 446 ms
22-Oct-2018 17:44:40.303 INFORMAÇÕES [main] org.apache.catalina.core.StandardService.startInternal Starting service [Catalina]
22-Oct-2018 17:44:40.303 INFORMAÇÕES [main] org.apache.catalina.core.StandardEngine.startInternal Starting Servlet Engine: Apache Tomcat/9.0.6
22-Oct-2018 17:44:40.310 INFORMAÇÕES [main] org.apache.catalina.startup.HostConfig.deployDescriptor Deploying deployment descriptor [/media/dfs2/8db50751-1bdc-42e7-a702-5af7636b2a17/liferay-workspace-training/training-workspace/bundles/tomcat-9.0.6/conf/Catalina/localhost/ROOT.xml]
22-Oct-2018 17:44:40.328 ADVERTÊNCIA [main] org.apache.catalina.startup.HostConfig.deployDescriptor The path attribute with value [] in deployment descriptor [/media/dfs2/8db50751-1bdc-42e7-a702-5af7636b2a17/liferay-workspace-training/training-workspace/bundles/tomcat-9.0.6/conf/Catalina/localhost/ROOT.xml] has been ignored
22-Oct-2018 17:48:32.788 INFORMAÇÕES [main] org.apache.catalina.startup.HostConfig.deployDescriptor Deployment of deployment descriptor [/media/dfs2/8db50751-1bdc-42e7-a702-5af7636b2a17/liferay-workspace-training/training-workspace/bundles/tomcat-9.0.6/conf/Catalina/localhost/ROOT.xml] has finished in [232,479] ms
22-Oct-2018 17:48:32.791 INFORMAÇÕES [main] org.apache.coyote.AbstractProtocol.start Starting ProtocolHandler ["http-nio-8080"]
22-Oct-2018 17:48:32.803 INFORMAÇÕES [main] org.apache.coyote.AbstractProtocol.start Starting ProtocolHandler ["ajp-nio-8009"]
22-Oct-2018 17:48:32.811 INFORMAÇÕES [main] org.apache.catalina.startup.Catalina.start Server startup in 232532 ms
22-Oct-2018 20:02:41.923 INFORMAÇÕES [Thread-34] org.apache.coyote.AbstractProtocol.pause Pausing ProtocolHandler ["http-nio-8080"]
22-Oct-2018 20:02:41.975 INFORMAÇÕES [Thread-34] org.apache.coyote.AbstractProtocol.pause Pausing ProtocolHandler ["ajp-nio-8009"]
22-Oct-2018 20:02:42.026 INFORMAÇÕES [Thread-34] org.apache.catalina.core.StandardService.stopInternal Stopping service [Catalina]
22-Oct-2018 20:03:02.230 GRAVE [Thread-34] org.apache.catalina.loader.WebappClassLoaderBase.checkThreadLocalMapForLeaks The web application [ROOT] created a ThreadLocal with key of type [java.lang.ThreadLocal] (value [java.lang.ThreadLocal@15cd188]) and a value of type [org.apache.logging.log4j.message.ReusableParameterizedMessage] (value [ReusableParameterizedMessage[messagePattern={}, stringArgs=[null], throwable=null]]) but failed to remove it when the web application was stopped. Threads are going to be renewed over time to try and avoid a probable memory leak.
22-Oct-2018 20:03:02.233 GRAVE [Thread-34] org.apache.catalina.loader.WebappClassLoaderBase.checkThreadLocalMapForLeaks The web application [ROOT] created a ThreadLocal with key of type [java.lang.ThreadLocal] (value [java.lang.ThreadLocal@6e781260]) and a value of type [org.apache.logging.log4j.core.pattern.DatePatternConverter.FixedFormatter] (value [org.apache.logging.log4j.core.pattern.DatePatternConverter$FixedFormatter@309e20e0]) but failed to remove it when the web application was stopped. Threads are going to be renewed over time to try and avoid a probable memory leak.
22-Oct-2018 20:03:02.233 GRAVE [Thread-34] org.apache.catalina.loader.WebappClassLoaderBase.checkThreadLocalMapForLeaks The web application [ROOT] created a ThreadLocal with key of type [java.lang.ThreadLocal] (value [java.lang.ThreadLocal@1e5bdf81]) and a value of type [io.netty.util.internal.InternalThreadLocalMap] (value [io.netty.util.internal.InternalThreadLocalMap@4adfb2c8]) but failed to remove it when the web application was stopped. Threads are going to be renewed over time to try and avoid a probable memory leak.
22-Oct-2018 20:03:02.234 GRAVE [Thread-34] org.apache.catalina.loader.WebappClassLoaderBase.checkThreadLocalMapForLeaks The web application [ROOT] created a ThreadLocal with key of type [java.lang.ThreadLocal] (value [java.lang.ThreadLocal@56b24104]) and a value of type [org.apache.logging.log4j.core.impl.MutableLogEvent] (value [org.apache.logging.log4j.core.impl.MutableLogEvent@17eaf212]) but failed to remove it when the web application was stopped. Threads are going to be renewed over time to try and avoid a probable memory leak.
22-Oct-2018 20:03:02.234 GRAVE [Thread-34] org.apache.catalina.loader.WebappClassLoaderBase.checkThreadLocalMapForLeaks The web application [ROOT] created a ThreadLocal with key of type [java.lang.ThreadLocal] (value [java.lang.ThreadLocal@578d90b9]) and a value of type [org.apache.logging.log4j.message.ReusableSimpleMessage] (value [org.apache.logging.log4j.message.ReusableSimpleMessage@60732172]) but failed to remove it when the web application was stopped. Threads are going to be renewed over time to try and avoid a probable memory leak.
22-Oct-2018 20:03:02.235 GRAVE [Thread-34] org.apache.catalina.loader.WebappClassLoaderBase.checkThreadLocalMapForLeaks The web application [ROOT] created a ThreadLocal with key of type [java.lang.ThreadLocal] (value [java.lang.ThreadLocal@5f84b69f]) and a value of type [org.eclipse.equinox.console.common.ConsoleInputStream] (value [org.eclipse.equinox.console.common.ConsoleInputStream@268564ac]) but failed to remove it when the web application was stopped. Threads are going to be renewed over time to try and avoid a probable memory leak.
22-Oct-2018 20:03:02.235 GRAVE [Thread-34] org.apache.catalina.loader.WebappClassLoaderBase.checkThreadLocalMapForLeaks The web application [ROOT] created a ThreadLocal with key of type [java.lang.InheritableThreadLocal] (value [java.lang.InheritableThreadLocal@6df3634b]) and a value of type [org.eclipse.equinox.console.common.ConsoleInputStream] (value [org.eclipse.equinox.console.common.ConsoleInputStream@268564ac]) but failed to remove it when the web application was stopped. Threads are going to be renewed over time to try and avoid a probable memory leak.
22-Oct-2018 20:03:02.236 GRAVE [Thread-34] org.apache.catalina.loader.WebappClassLoaderBase.checkThreadLocalMapForLeaks The web application [ROOT] created a ThreadLocal with key of type [java.lang.InheritableThreadLocal] (value [java.lang.InheritableThreadLocal@36c8a4a7]) and a value of type [org.apache.felix.gogo.runtime.threadio.Marker] (value [org.apache.felix.gogo.runtime.threadio.Marker@4c02ccaf]) but failed to remove it when the web application was stopped. Threads are going to be renewed over time to try and avoid a probable memory leak.
22-Oct-2018 20:03:02.240 INFORMAÇÕES [Thread-34] org.apache.coyote.AbstractProtocol.stop Stopping ProtocolHandler ["http-nio-8080"]
22-Oct-2018 20:03:02.242 INFORMAÇÕES [Thread-34] org.apache.coyote.AbstractProtocol.stop Stopping ProtocolHandler ["ajp-nio-8009"]
22-Oct-2018 20:03:02.243 INFORMAÇÕES [Thread-34] org.apache.coyote.AbstractProtocol.destroy Destroying ProtocolHandler ["http-nio-8080"]
22-Oct-2018 20:03:02.244 INFORMAÇÕES [Thread-34] org.apache.coyote.AbstractProtocol.destroy Destroying ProtocolHandler ["ajp-nio-8009"]
