25-Oct-2018 12:16:41.510 INFORMAÇÕES [main] org.apache.catalina.core.StandardServer.await A valid shutdown command was received via the shutdown port. Stopping the Server instance.
25-Oct-2018 12:16:41.512 INFORMAÇÕES [main] org.apache.coyote.AbstractProtocol.pause Pausing ProtocolHandler ["http-nio-8080"]
25-Oct-2018 12:16:41.564 INFORMAÇÕES [main] org.apache.coyote.AbstractProtocol.pause Pausing ProtocolHandler ["ajp-nio-8009"]
25-Oct-2018 12:16:41.615 INFORMAÇÕES [main] org.apache.catalina.core.StandardService.stopInternal Stopping service [Catalina]
25-Oct-2018 12:17:28.708 GRAVE [main] org.apache.catalina.loader.WebappClassLoaderBase.checkThreadLocalMapForLeaks The web application [ROOT] created a ThreadLocal with key of type [java.lang.ThreadLocal] (value [java.lang.ThreadLocal@4ef0b970]) and a value of type [org.apache.logging.log4j.message.ReusableParameterizedMessage] (value [ReusableParameterizedMessage[messagePattern={}, stringArgs=[null], throwable=null]]) but failed to remove it when the web application was stopped. Threads are going to be renewed over time to try and avoid a probable memory leak.
25-Oct-2018 12:17:28.715 GRAVE [main] org.apache.catalina.loader.WebappClassLoaderBase.checkThreadLocalMapForLeaks The web application [ROOT] created a ThreadLocal with key of type [java.lang.ThreadLocal] (value [java.lang.ThreadLocal@48e6c14c]) and a value of type [org.apache.logging.log4j.core.pattern.DatePatternConverter.FixedFormatter] (value [org.apache.logging.log4j.core.pattern.DatePatternConverter$FixedFormatter@7e93e2d0]) but failed to remove it when the web application was stopped. Threads are going to be renewed over time to try and avoid a probable memory leak.
25-Oct-2018 12:17:28.716 GRAVE [main] org.apache.catalina.loader.WebappClassLoaderBase.checkThreadLocalMapForLeaks The web application [ROOT] created a ThreadLocal with key of type [java.lang.ThreadLocal] (value [java.lang.ThreadLocal@81a0ef]) and a value of type [org.apache.logging.log4j.core.impl.MutableLogEvent] (value [org.apache.logging.log4j.core.impl.MutableLogEvent@cb12640]) but failed to remove it when the web application was stopped. Threads are going to be renewed over time to try and avoid a probable memory leak.
25-Oct-2018 12:17:28.717 GRAVE [main] org.apache.catalina.loader.WebappClassLoaderBase.checkThreadLocalMapForLeaks The web application [ROOT] created a ThreadLocal with key of type [java.lang.ThreadLocal] (value [java.lang.ThreadLocal@26492b3d]) and a value of type [org.apache.logging.log4j.message.ReusableSimpleMessage] (value [org.apache.logging.log4j.message.ReusableSimpleMessage@472dd846]) but failed to remove it when the web application was stopped. Threads are going to be renewed over time to try and avoid a probable memory leak.
25-Oct-2018 12:17:28.718 GRAVE [main] org.apache.catalina.loader.WebappClassLoaderBase.checkThreadLocalMapForLeaks The web application [ROOT] created a ThreadLocal with key of type [java.lang.ThreadLocal] (value [java.lang.ThreadLocal@4a268e94]) and a value of type [io.netty.util.internal.InternalThreadLocalMap] (value [io.netty.util.internal.InternalThreadLocalMap@4fa032b6]) but failed to remove it when the web application was stopped. Threads are going to be renewed over time to try and avoid a probable memory leak.
25-Oct-2018 12:17:28.727 INFORMAÇÕES [main] org.apache.coyote.AbstractProtocol.stop Stopping ProtocolHandler ["http-nio-8080"]
25-Oct-2018 12:17:28.729 INFORMAÇÕES [main] org.apache.coyote.AbstractProtocol.stop Stopping ProtocolHandler ["ajp-nio-8009"]
25-Oct-2018 12:17:28.733 INFORMAÇÕES [main] org.apache.coyote.AbstractProtocol.destroy Destroying ProtocolHandler ["http-nio-8080"]
25-Oct-2018 12:17:28.734 INFORMAÇÕES [main] org.apache.coyote.AbstractProtocol.destroy Destroying ProtocolHandler ["ajp-nio-8009"]
25-Oct-2018 12:19:06.334 INFORMAÇÕES [main] org.apache.catalina.startup.VersionLoggerListener.log Server version:        Apache Tomcat/9.0.6
25-Oct-2018 12:19:06.338 INFORMAÇÕES [main] org.apache.catalina.startup.VersionLoggerListener.log Server built:          Mar 5 2018 09:34:35 UTC
25-Oct-2018 12:19:06.338 INFORMAÇÕES [main] org.apache.catalina.startup.VersionLoggerListener.log Server number:         9.0.6.0
25-Oct-2018 12:19:06.338 INFORMAÇÕES [main] org.apache.catalina.startup.VersionLoggerListener.log OS Name:               Linux
25-Oct-2018 12:19:06.338 INFORMAÇÕES [main] org.apache.catalina.startup.VersionLoggerListener.log OS Version:            4.15.0-36-generic
25-Oct-2018 12:19:06.339 INFORMAÇÕES [main] org.apache.catalina.startup.VersionLoggerListener.log Architecture:          amd64
25-Oct-2018 12:19:06.339 INFORMAÇÕES [main] org.apache.catalina.startup.VersionLoggerListener.log Java Home:             /usr/lib/jvm/java-8-oracle/jre
25-Oct-2018 12:19:06.339 INFORMAÇÕES [main] org.apache.catalina.startup.VersionLoggerListener.log JVM Version:           1.8.0_181-b13
25-Oct-2018 12:19:06.339 INFORMAÇÕES [main] org.apache.catalina.startup.VersionLoggerListener.log JVM Vendor:            Oracle Corporation
25-Oct-2018 12:19:06.340 INFORMAÇÕES [main] org.apache.catalina.startup.VersionLoggerListener.log CATALINA_BASE:         /media/dfs2/8db50751-1bdc-42e7-a702-5af7636b2a17/liferay-workspace-training/training-workspace/bundles/tomcat-9.0.6
25-Oct-2018 12:19:06.340 INFORMAÇÕES [main] org.apache.catalina.startup.VersionLoggerListener.log CATALINA_HOME:         /media/dfs2/8db50751-1bdc-42e7-a702-5af7636b2a17/liferay-workspace-training/training-workspace/bundles/tomcat-9.0.6
25-Oct-2018 12:19:06.341 INFORMAÇÕES [main] org.apache.catalina.startup.VersionLoggerListener.log Command line argument: -agentlib:jdwp=transport=dt_socket,suspend=y,address=localhost:33831
25-Oct-2018 12:19:06.341 INFORMAÇÕES [main] org.apache.catalina.startup.VersionLoggerListener.log Command line argument: -Xmx1024m
25-Oct-2018 12:19:06.341 INFORMAÇÕES [main] org.apache.catalina.startup.VersionLoggerListener.log Command line argument: -Dcatalina.base=/media/dfs2/8db50751-1bdc-42e7-a702-5af7636b2a17/liferay-workspace-training/training-workspace/bundles/tomcat-9.0.6
25-Oct-2018 12:19:06.342 INFORMAÇÕES [main] org.apache.catalina.startup.VersionLoggerListener.log Command line argument: -Dcatalina.home=/media/dfs2/8db50751-1bdc-42e7-a702-5af7636b2a17/liferay-workspace-training/training-workspace/bundles/tomcat-9.0.6
25-Oct-2018 12:19:06.342 INFORMAÇÕES [main] org.apache.catalina.startup.VersionLoggerListener.log Command line argument: -Dcom.sun.management.jmxremote
25-Oct-2018 12:19:06.342 INFORMAÇÕES [main] org.apache.catalina.startup.VersionLoggerListener.log Command line argument: -Dcom.sun.management.jmxremote.authenticate=false
25-Oct-2018 12:19:06.343 INFORMAÇÕES [main] org.apache.catalina.startup.VersionLoggerListener.log Command line argument: -Dcom.sun.management.jmxremote.port=8099
25-Oct-2018 12:19:06.343 INFORMAÇÕES [main] org.apache.catalina.startup.VersionLoggerListener.log Command line argument: -Dcom.sun.management.jmxremote.ssl=false
25-Oct-2018 12:19:06.343 INFORMAÇÕES [main] org.apache.catalina.startup.VersionLoggerListener.log Command line argument: -Dfile.encoding=UTF8
25-Oct-2018 12:19:06.344 INFORMAÇÕES [main] org.apache.catalina.startup.VersionLoggerListener.log Command line argument: -Djava.endorsed.dirs=/media/dfs2/8db50751-1bdc-42e7-a702-5af7636b2a17/liferay-workspace-training/training-workspace/bundles/tomcat-9.0.6/endorsed
25-Oct-2018 12:19:06.344 INFORMAÇÕES [main] org.apache.catalina.startup.VersionLoggerListener.log Command line argument: -Djava.io.tmpdir=/media/dfs2/8db50751-1bdc-42e7-a702-5af7636b2a17/liferay-workspace-training/training-workspace/bundles/tomcat-9.0.6/temp
25-Oct-2018 12:19:06.345 INFORMAÇÕES [main] org.apache.catalina.startup.VersionLoggerListener.log Command line argument: -Djava.net.preferIPv4Stack=true
25-Oct-2018 12:19:06.345 INFORMAÇÕES [main] org.apache.catalina.startup.VersionLoggerListener.log Command line argument: -Djava.util.logging.config.file=/media/dfs2/8db50751-1bdc-42e7-a702-5af7636b2a17/liferay-workspace-training/training-workspace/bundles/tomcat-9.0.6/conf/logging.properties
25-Oct-2018 12:19:06.345 INFORMAÇÕES [main] org.apache.catalina.startup.VersionLoggerListener.log Command line argument: -Djava.util.logging.manager=org.apache.juli.ClassLoaderLogManager
25-Oct-2018 12:19:06.345 INFORMAÇÕES [main] org.apache.catalina.startup.VersionLoggerListener.log Command line argument: -Dorg.apache.catalina.loader.WebappClassLoader.ENABLE_CLEAR_REFERENCES=false
25-Oct-2018 12:19:06.346 INFORMAÇÕES [main] org.apache.catalina.startup.VersionLoggerListener.log Command line argument: -Duser.timezone=GMT
25-Oct-2018 12:19:06.346 INFORMAÇÕES [main] org.apache.catalina.core.AprLifecycleListener.lifecycleEvent The APR based Apache Tomcat Native library which allows optimal performance in production environments was not found on the java.library.path: [/usr/java/packages/lib/amd64:/usr/lib64:/lib64:/lib:/usr/lib]
25-Oct-2018 12:19:06.672 INFORMAÇÕES [main] org.apache.coyote.AbstractProtocol.init Initializing ProtocolHandler ["http-nio-8080"]
25-Oct-2018 12:19:06.694 INFORMAÇÕES [main] org.apache.tomcat.util.net.NioSelectorPool.getSharedSelector Using a shared selector for servlet write/read
25-Oct-2018 12:19:06.712 INFORMAÇÕES [main] org.apache.coyote.AbstractProtocol.init Initializing ProtocolHandler ["ajp-nio-8009"]
25-Oct-2018 12:19:06.714 INFORMAÇÕES [main] org.apache.tomcat.util.net.NioSelectorPool.getSharedSelector Using a shared selector for servlet write/read
25-Oct-2018 12:19:06.714 INFORMAÇÕES [main] org.apache.catalina.startup.Catalina.load Initialization processed in 1110 ms
25-Oct-2018 12:19:06.777 INFORMAÇÕES [main] org.apache.catalina.core.StandardService.startInternal Starting service [Catalina]
25-Oct-2018 12:19:06.777 INFORMAÇÕES [main] org.apache.catalina.core.StandardEngine.startInternal Starting Servlet Engine: Apache Tomcat/9.0.6
25-Oct-2018 12:19:06.794 INFORMAÇÕES [main] org.apache.catalina.startup.HostConfig.deployDescriptor Deploying deployment descriptor [/media/dfs2/8db50751-1bdc-42e7-a702-5af7636b2a17/liferay-workspace-training/training-workspace/bundles/tomcat-9.0.6/conf/Catalina/localhost/ROOT.xml]
25-Oct-2018 12:19:06.845 ADVERTÊNCIA [main] org.apache.catalina.startup.HostConfig.deployDescriptor The path attribute with value [] in deployment descriptor [/media/dfs2/8db50751-1bdc-42e7-a702-5af7636b2a17/liferay-workspace-training/training-workspace/bundles/tomcat-9.0.6/conf/Catalina/localhost/ROOT.xml] has been ignored
25-Oct-2018 12:28:59.389 INFORMAÇÕES [main] org.apache.catalina.startup.HostConfig.deployDescriptor Deployment of deployment descriptor [/media/dfs2/8db50751-1bdc-42e7-a702-5af7636b2a17/liferay-workspace-training/training-workspace/bundles/tomcat-9.0.6/conf/Catalina/localhost/ROOT.xml] has finished in [592,594] ms
25-Oct-2018 12:28:59.394 INFORMAÇÕES [main] org.apache.coyote.AbstractProtocol.start Starting ProtocolHandler ["http-nio-8080"]
25-Oct-2018 12:28:59.411 INFORMAÇÕES [main] org.apache.coyote.AbstractProtocol.start Starting ProtocolHandler ["ajp-nio-8009"]
25-Oct-2018 12:28:59.423 INFORMAÇÕES [main] org.apache.catalina.startup.Catalina.start Server startup in 592707 ms
25-Oct-2018 15:07:28.306 INFORMAÇÕES [main] org.apache.catalina.core.StandardServer.await A valid shutdown command was received via the shutdown port. Stopping the Server instance.
25-Oct-2018 15:07:28.307 INFORMAÇÕES [main] org.apache.coyote.AbstractProtocol.pause Pausing ProtocolHandler ["http-nio-8080"]
25-Oct-2018 15:07:28.359 INFORMAÇÕES [main] org.apache.coyote.AbstractProtocol.pause Pausing ProtocolHandler ["ajp-nio-8009"]
25-Oct-2018 15:07:28.410 INFORMAÇÕES [main] org.apache.catalina.core.StandardService.stopInternal Stopping service [Catalina]
25-Oct-2018 15:08:03.001 GRAVE [main] org.apache.catalina.loader.WebappClassLoaderBase.checkThreadLocalMapForLeaks The web application [ROOT] created a ThreadLocal with key of type [java.lang.ThreadLocal] (value [java.lang.ThreadLocal@62e67785]) and a value of type [org.apache.logging.log4j.message.ReusableSimpleMessage] (value [org.apache.logging.log4j.message.ReusableSimpleMessage@307b719e]) but failed to remove it when the web application was stopped. Threads are going to be renewed over time to try and avoid a probable memory leak.
25-Oct-2018 15:08:03.002 GRAVE [main] org.apache.catalina.loader.WebappClassLoaderBase.checkThreadLocalMapForLeaks The web application [ROOT] created a ThreadLocal with key of type [java.lang.ThreadLocal] (value [java.lang.ThreadLocal@74c40b02]) and a value of type [org.apache.logging.log4j.message.ReusableParameterizedMessage] (value [ReusableParameterizedMessage[messagePattern={}, stringArgs=[null], throwable=null]]) but failed to remove it when the web application was stopped. Threads are going to be renewed over time to try and avoid a probable memory leak.
25-Oct-2018 15:08:03.005 GRAVE [main] org.apache.catalina.loader.WebappClassLoaderBase.checkThreadLocalMapForLeaks The web application [ROOT] created a ThreadLocal with key of type [java.lang.ThreadLocal] (value [java.lang.ThreadLocal@675a3a48]) and a value of type [org.apache.logging.log4j.core.pattern.DatePatternConverter.FixedFormatter] (value [org.apache.logging.log4j.core.pattern.DatePatternConverter$FixedFormatter@985df0c]) but failed to remove it when the web application was stopped. Threads are going to be renewed over time to try and avoid a probable memory leak.
25-Oct-2018 15:08:03.005 GRAVE [main] org.apache.catalina.loader.WebappClassLoaderBase.checkThreadLocalMapForLeaks The web application [ROOT] created a ThreadLocal with key of type [java.lang.ThreadLocal] (value [java.lang.ThreadLocal@4e8a7b]) and a value of type [io.netty.util.internal.InternalThreadLocalMap] (value [io.netty.util.internal.InternalThreadLocalMap@372979fd]) but failed to remove it when the web application was stopped. Threads are going to be renewed over time to try and avoid a probable memory leak.
25-Oct-2018 15:08:03.006 GRAVE [main] org.apache.catalina.loader.WebappClassLoaderBase.checkThreadLocalMapForLeaks The web application [ROOT] created a ThreadLocal with key of type [java.lang.ThreadLocal] (value [java.lang.ThreadLocal@1073adab]) and a value of type [org.apache.logging.log4j.core.impl.MutableLogEvent] (value [org.apache.logging.log4j.core.impl.MutableLogEvent@76ceb8f7]) but failed to remove it when the web application was stopped. Threads are going to be renewed over time to try and avoid a probable memory leak.
25-Oct-2018 15:08:03.014 INFORMAÇÕES [main] org.apache.coyote.AbstractProtocol.stop Stopping ProtocolHandler ["http-nio-8080"]
25-Oct-2018 15:08:03.020 INFORMAÇÕES [main] org.apache.coyote.AbstractProtocol.stop Stopping ProtocolHandler ["ajp-nio-8009"]
25-Oct-2018 15:08:03.024 INFORMAÇÕES [main] org.apache.coyote.AbstractProtocol.destroy Destroying ProtocolHandler ["http-nio-8080"]
25-Oct-2018 15:08:03.026 INFORMAÇÕES [main] org.apache.coyote.AbstractProtocol.destroy Destroying ProtocolHandler ["ajp-nio-8009"]
25-Oct-2018 15:08:26.111 INFORMAÇÕES [main] org.apache.catalina.startup.VersionLoggerListener.log Server version:        Apache Tomcat/9.0.6
25-Oct-2018 15:08:26.112 INFORMAÇÕES [main] org.apache.catalina.startup.VersionLoggerListener.log Server built:          Mar 5 2018 09:34:35 UTC
25-Oct-2018 15:08:26.112 INFORMAÇÕES [main] org.apache.catalina.startup.VersionLoggerListener.log Server number:         9.0.6.0
25-Oct-2018 15:08:26.112 INFORMAÇÕES [main] org.apache.catalina.startup.VersionLoggerListener.log OS Name:               Linux
25-Oct-2018 15:08:26.113 INFORMAÇÕES [main] org.apache.catalina.startup.VersionLoggerListener.log OS Version:            4.15.0-36-generic
25-Oct-2018 15:08:26.113 INFORMAÇÕES [main] org.apache.catalina.startup.VersionLoggerListener.log Architecture:          amd64
25-Oct-2018 15:08:26.113 INFORMAÇÕES [main] org.apache.catalina.startup.VersionLoggerListener.log Java Home:             /usr/lib/jvm/java-8-oracle/jre
25-Oct-2018 15:08:26.113 INFORMAÇÕES [main] org.apache.catalina.startup.VersionLoggerListener.log JVM Version:           1.8.0_181-b13
25-Oct-2018 15:08:26.113 INFORMAÇÕES [main] org.apache.catalina.startup.VersionLoggerListener.log JVM Vendor:            Oracle Corporation
25-Oct-2018 15:08:26.113 INFORMAÇÕES [main] org.apache.catalina.startup.VersionLoggerListener.log CATALINA_BASE:         /media/dfs2/8db50751-1bdc-42e7-a702-5af7636b2a17/liferay-workspace-training/training-workspace/bundles/tomcat-9.0.6
25-Oct-2018 15:08:26.113 INFORMAÇÕES [main] org.apache.catalina.startup.VersionLoggerListener.log CATALINA_HOME:         /media/dfs2/8db50751-1bdc-42e7-a702-5af7636b2a17/liferay-workspace-training/training-workspace/bundles/tomcat-9.0.6
25-Oct-2018 15:08:26.114 INFORMAÇÕES [main] org.apache.catalina.startup.VersionLoggerListener.log Command line argument: -agentlib:jdwp=transport=dt_socket,suspend=y,address=localhost:43859
25-Oct-2018 15:08:26.114 INFORMAÇÕES [main] org.apache.catalina.startup.VersionLoggerListener.log Command line argument: -Xmx1024m
25-Oct-2018 15:08:26.114 INFORMAÇÕES [main] org.apache.catalina.startup.VersionLoggerListener.log Command line argument: -Dcatalina.base=/media/dfs2/8db50751-1bdc-42e7-a702-5af7636b2a17/liferay-workspace-training/training-workspace/bundles/tomcat-9.0.6
25-Oct-2018 15:08:26.114 INFORMAÇÕES [main] org.apache.catalina.startup.VersionLoggerListener.log Command line argument: -Dcatalina.home=/media/dfs2/8db50751-1bdc-42e7-a702-5af7636b2a17/liferay-workspace-training/training-workspace/bundles/tomcat-9.0.6
25-Oct-2018 15:08:26.114 INFORMAÇÕES [main] org.apache.catalina.startup.VersionLoggerListener.log Command line argument: -Dcom.sun.management.jmxremote
25-Oct-2018 15:08:26.114 INFORMAÇÕES [main] org.apache.catalina.startup.VersionLoggerListener.log Command line argument: -Dcom.sun.management.jmxremote.authenticate=false
25-Oct-2018 15:08:26.114 INFORMAÇÕES [main] org.apache.catalina.startup.VersionLoggerListener.log Command line argument: -Dcom.sun.management.jmxremote.port=8099
25-Oct-2018 15:08:26.114 INFORMAÇÕES [main] org.apache.catalina.startup.VersionLoggerListener.log Command line argument: -Dcom.sun.management.jmxremote.ssl=false
25-Oct-2018 15:08:26.114 INFORMAÇÕES [main] org.apache.catalina.startup.VersionLoggerListener.log Command line argument: -Dfile.encoding=UTF8
25-Oct-2018 15:08:26.115 INFORMAÇÕES [main] org.apache.catalina.startup.VersionLoggerListener.log Command line argument: -Djava.endorsed.dirs=/media/dfs2/8db50751-1bdc-42e7-a702-5af7636b2a17/liferay-workspace-training/training-workspace/bundles/tomcat-9.0.6/endorsed
25-Oct-2018 15:08:26.115 INFORMAÇÕES [main] org.apache.catalina.startup.VersionLoggerListener.log Command line argument: -Djava.io.tmpdir=/media/dfs2/8db50751-1bdc-42e7-a702-5af7636b2a17/liferay-workspace-training/training-workspace/bundles/tomcat-9.0.6/temp
25-Oct-2018 15:08:26.115 INFORMAÇÕES [main] org.apache.catalina.startup.VersionLoggerListener.log Command line argument: -Djava.net.preferIPv4Stack=true
25-Oct-2018 15:08:26.115 INFORMAÇÕES [main] org.apache.catalina.startup.VersionLoggerListener.log Command line argument: -Djava.util.logging.config.file=/media/dfs2/8db50751-1bdc-42e7-a702-5af7636b2a17/liferay-workspace-training/training-workspace/bundles/tomcat-9.0.6/conf/logging.properties
25-Oct-2018 15:08:26.115 INFORMAÇÕES [main] org.apache.catalina.startup.VersionLoggerListener.log Command line argument: -Djava.util.logging.manager=org.apache.juli.ClassLoaderLogManager
25-Oct-2018 15:08:26.115 INFORMAÇÕES [main] org.apache.catalina.startup.VersionLoggerListener.log Command line argument: -Dorg.apache.catalina.loader.WebappClassLoader.ENABLE_CLEAR_REFERENCES=false
25-Oct-2018 15:08:26.115 INFORMAÇÕES [main] org.apache.catalina.startup.VersionLoggerListener.log Command line argument: -Duser.timezone=GMT
25-Oct-2018 15:08:26.115 INFORMAÇÕES [main] org.apache.catalina.core.AprLifecycleListener.lifecycleEvent The APR based Apache Tomcat Native library which allows optimal performance in production environments was not found on the java.library.path: [/usr/java/packages/lib/amd64:/usr/lib64:/lib64:/lib:/usr/lib]
25-Oct-2018 15:08:26.235 INFORMAÇÕES [main] org.apache.coyote.AbstractProtocol.init Initializing ProtocolHandler ["http-nio-8080"]
25-Oct-2018 15:08:26.243 INFORMAÇÕES [main] org.apache.tomcat.util.net.NioSelectorPool.getSharedSelector Using a shared selector for servlet write/read
25-Oct-2018 15:08:26.250 INFORMAÇÕES [main] org.apache.coyote.AbstractProtocol.init Initializing ProtocolHandler ["ajp-nio-8009"]
25-Oct-2018 15:08:26.251 INFORMAÇÕES [main] org.apache.tomcat.util.net.NioSelectorPool.getSharedSelector Using a shared selector for servlet write/read
25-Oct-2018 15:08:26.251 INFORMAÇÕES [main] org.apache.catalina.startup.Catalina.load Initialization processed in 475 ms
25-Oct-2018 15:08:26.273 INFORMAÇÕES [main] org.apache.catalina.core.StandardService.startInternal Starting service [Catalina]
25-Oct-2018 15:08:26.273 INFORMAÇÕES [main] org.apache.catalina.core.StandardEngine.startInternal Starting Servlet Engine: Apache Tomcat/9.0.6
25-Oct-2018 15:08:26.279 INFORMAÇÕES [main] org.apache.catalina.startup.HostConfig.deployDescriptor Deploying deployment descriptor [/media/dfs2/8db50751-1bdc-42e7-a702-5af7636b2a17/liferay-workspace-training/training-workspace/bundles/tomcat-9.0.6/conf/Catalina/localhost/ROOT.xml]
25-Oct-2018 15:08:26.300 ADVERTÊNCIA [main] org.apache.catalina.startup.HostConfig.deployDescriptor The path attribute with value [] in deployment descriptor [/media/dfs2/8db50751-1bdc-42e7-a702-5af7636b2a17/liferay-workspace-training/training-workspace/bundles/tomcat-9.0.6/conf/Catalina/localhost/ROOT.xml] has been ignored
25-Oct-2018 15:14:08.613 INFORMAÇÕES [main] org.apache.catalina.startup.HostConfig.deployDescriptor Deployment of deployment descriptor [/media/dfs2/8db50751-1bdc-42e7-a702-5af7636b2a17/liferay-workspace-training/training-workspace/bundles/tomcat-9.0.6/conf/Catalina/localhost/ROOT.xml] has finished in [342,334] ms
25-Oct-2018 15:14:08.617 INFORMAÇÕES [main] org.apache.coyote.AbstractProtocol.start Starting ProtocolHandler ["http-nio-8080"]
25-Oct-2018 15:14:08.631 INFORMAÇÕES [main] org.apache.coyote.AbstractProtocol.start Starting ProtocolHandler ["ajp-nio-8009"]
25-Oct-2018 15:14:08.638 INFORMAÇÕES [main] org.apache.catalina.startup.Catalina.start Server startup in 342386 ms
25-Oct-2018 19:34:42.525 INFORMAÇÕES [Thread-35] org.apache.coyote.AbstractProtocol.pause Pausing ProtocolHandler ["http-nio-8080"]
25-Oct-2018 19:34:42.577 INFORMAÇÕES [Thread-35] org.apache.coyote.AbstractProtocol.pause Pausing ProtocolHandler ["ajp-nio-8009"]
25-Oct-2018 19:34:42.627 INFORMAÇÕES [Thread-35] org.apache.catalina.core.StandardService.stopInternal Stopping service [Catalina]
25-Oct-2018 19:35:11.114 GRAVE [Thread-35] org.apache.catalina.loader.WebappClassLoaderBase.checkThreadLocalMapForLeaks The web application [ROOT] created a ThreadLocal with key of type [java.lang.ThreadLocal] (value [java.lang.ThreadLocal@71fe6d39]) and a value of type [org.apache.logging.log4j.core.pattern.DatePatternConverter.FixedFormatter] (value [org.apache.logging.log4j.core.pattern.DatePatternConverter$FixedFormatter@1e104fa8]) but failed to remove it when the web application was stopped. Threads are going to be renewed over time to try and avoid a probable memory leak.
25-Oct-2018 19:35:11.114 GRAVE [Thread-35] org.apache.catalina.loader.WebappClassLoaderBase.checkThreadLocalMapForLeaks The web application [ROOT] created a ThreadLocal with key of type [java.lang.ThreadLocal] (value [java.lang.ThreadLocal@1c856ef6]) and a value of type [io.netty.util.internal.InternalThreadLocalMap] (value [io.netty.util.internal.InternalThreadLocalMap@10ed0c12]) but failed to remove it when the web application was stopped. Threads are going to be renewed over time to try and avoid a probable memory leak.
25-Oct-2018 19:35:11.115 GRAVE [Thread-35] org.apache.catalina.loader.WebappClassLoaderBase.checkThreadLocalMapForLeaks The web application [ROOT] created a ThreadLocal with key of type [java.lang.ThreadLocal] (value [java.lang.ThreadLocal@5a0fa3ad]) and a value of type [org.apache.logging.log4j.core.impl.MutableLogEvent] (value [org.apache.logging.log4j.core.impl.MutableLogEvent@467eda4b]) but failed to remove it when the web application was stopped. Threads are going to be renewed over time to try and avoid a probable memory leak.
25-Oct-2018 19:35:11.115 GRAVE [Thread-35] org.apache.catalina.loader.WebappClassLoaderBase.checkThreadLocalMapForLeaks The web application [ROOT] created a ThreadLocal with key of type [java.lang.ThreadLocal] (value [java.lang.ThreadLocal@713beeac]) and a value of type [org.apache.logging.log4j.message.ReusableSimpleMessage] (value [org.apache.logging.log4j.message.ReusableSimpleMessage@94ef105]) but failed to remove it when the web application was stopped. Threads are going to be renewed over time to try and avoid a probable memory leak.
25-Oct-2018 19:35:11.115 GRAVE [Thread-35] org.apache.catalina.loader.WebappClassLoaderBase.checkThreadLocalMapForLeaks The web application [ROOT] created a ThreadLocal with key of type [java.lang.ThreadLocal] (value [java.lang.ThreadLocal@2efb394a]) and a value of type [org.apache.logging.log4j.message.ReusableParameterizedMessage] (value [ReusableParameterizedMessage[messagePattern={}, stringArgs=[null], throwable=null]]) but failed to remove it when the web application was stopped. Threads are going to be renewed over time to try and avoid a probable memory leak.
25-Oct-2018 19:35:11.117 GRAVE [Thread-35] org.apache.catalina.loader.WebappClassLoaderBase.checkThreadLocalMapForLeaks The web application [ROOT] created a ThreadLocal with key of type [java.lang.ThreadLocal] (value [java.lang.ThreadLocal@4ebfd87e]) and a value of type [org.eclipse.equinox.console.common.ConsoleInputStream] (value [org.eclipse.equinox.console.common.ConsoleInputStream@3979898a]) but failed to remove it when the web application was stopped. Threads are going to be renewed over time to try and avoid a probable memory leak.
25-Oct-2018 19:35:11.117 GRAVE [Thread-35] org.apache.catalina.loader.WebappClassLoaderBase.checkThreadLocalMapForLeaks The web application [ROOT] created a ThreadLocal with key of type [java.lang.InheritableThreadLocal] (value [java.lang.InheritableThreadLocal@1faa990b]) and a value of type [org.eclipse.equinox.console.common.ConsoleInputStream] (value [org.eclipse.equinox.console.common.ConsoleInputStream@3979898a]) but failed to remove it when the web application was stopped. Threads are going to be renewed over time to try and avoid a probable memory leak.
25-Oct-2018 19:35:11.117 GRAVE [Thread-35] org.apache.catalina.loader.WebappClassLoaderBase.checkThreadLocalMapForLeaks The web application [ROOT] created a ThreadLocal with key of type [java.lang.InheritableThreadLocal] (value [java.lang.InheritableThreadLocal@112ec10d]) and a value of type [org.apache.felix.gogo.runtime.threadio.Marker] (value [org.apache.felix.gogo.runtime.threadio.Marker@21e2977e]) but failed to remove it when the web application was stopped. Threads are going to be renewed over time to try and avoid a probable memory leak.
25-Oct-2018 19:35:11.121 INFORMAÇÕES [Thread-35] org.apache.coyote.AbstractProtocol.stop Stopping ProtocolHandler ["http-nio-8080"]
25-Oct-2018 19:35:11.123 INFORMAÇÕES [Thread-35] org.apache.coyote.AbstractProtocol.stop Stopping ProtocolHandler ["ajp-nio-8009"]
25-Oct-2018 19:35:11.126 INFORMAÇÕES [Thread-35] org.apache.coyote.AbstractProtocol.destroy Destroying ProtocolHandler ["http-nio-8080"]
25-Oct-2018 19:35:11.127 INFORMAÇÕES [Thread-35] org.apache.coyote.AbstractProtocol.destroy Destroying ProtocolHandler ["ajp-nio-8009"]
25-Oct-2018 19:38:59.517 INFORMAÇÕES [main] org.apache.catalina.startup.VersionLoggerListener.log Server version:        Apache Tomcat/9.0.6
25-Oct-2018 19:38:59.519 INFORMAÇÕES [main] org.apache.catalina.startup.VersionLoggerListener.log Server built:          Mar 5 2018 09:34:35 UTC
25-Oct-2018 19:38:59.519 INFORMAÇÕES [main] org.apache.catalina.startup.VersionLoggerListener.log Server number:         9.0.6.0
25-Oct-2018 19:38:59.520 INFORMAÇÕES [main] org.apache.catalina.startup.VersionLoggerListener.log OS Name:               Linux
25-Oct-2018 19:38:59.520 INFORMAÇÕES [main] org.apache.catalina.startup.VersionLoggerListener.log OS Version:            4.15.0-36-generic
25-Oct-2018 19:38:59.520 INFORMAÇÕES [main] org.apache.catalina.startup.VersionLoggerListener.log Architecture:          amd64
25-Oct-2018 19:38:59.520 INFORMAÇÕES [main] org.apache.catalina.startup.VersionLoggerListener.log Java Home:             /usr/lib/jvm/java-8-oracle/jre
25-Oct-2018 19:38:59.520 INFORMAÇÕES [main] org.apache.catalina.startup.VersionLoggerListener.log JVM Version:           1.8.0_181-b13
25-Oct-2018 19:38:59.520 INFORMAÇÕES [main] org.apache.catalina.startup.VersionLoggerListener.log JVM Vendor:            Oracle Corporation
25-Oct-2018 19:38:59.520 INFORMAÇÕES [main] org.apache.catalina.startup.VersionLoggerListener.log CATALINA_BASE:         /media/dfs2/8db50751-1bdc-42e7-a702-5af7636b2a17/liferay-workspace-training/training-workspace/bundles/tomcat-9.0.6
25-Oct-2018 19:38:59.520 INFORMAÇÕES [main] org.apache.catalina.startup.VersionLoggerListener.log CATALINA_HOME:         /media/dfs2/8db50751-1bdc-42e7-a702-5af7636b2a17/liferay-workspace-training/training-workspace/bundles/tomcat-9.0.6
25-Oct-2018 19:38:59.521 INFORMAÇÕES [main] org.apache.catalina.startup.VersionLoggerListener.log Command line argument: -agentlib:jdwp=transport=dt_socket,suspend=y,address=localhost:36229
25-Oct-2018 19:38:59.521 INFORMAÇÕES [main] org.apache.catalina.startup.VersionLoggerListener.log Command line argument: -Xmx1024m
25-Oct-2018 19:38:59.521 INFORMAÇÕES [main] org.apache.catalina.startup.VersionLoggerListener.log Command line argument: -Dcatalina.base=/media/dfs2/8db50751-1bdc-42e7-a702-5af7636b2a17/liferay-workspace-training/training-workspace/bundles/tomcat-9.0.6
25-Oct-2018 19:38:59.521 INFORMAÇÕES [main] org.apache.catalina.startup.VersionLoggerListener.log Command line argument: -Dcatalina.home=/media/dfs2/8db50751-1bdc-42e7-a702-5af7636b2a17/liferay-workspace-training/training-workspace/bundles/tomcat-9.0.6
25-Oct-2018 19:38:59.521 INFORMAÇÕES [main] org.apache.catalina.startup.VersionLoggerListener.log Command line argument: -Dcom.sun.management.jmxremote
25-Oct-2018 19:38:59.521 INFORMAÇÕES [main] org.apache.catalina.startup.VersionLoggerListener.log Command line argument: -Dcom.sun.management.jmxremote.authenticate=false
25-Oct-2018 19:38:59.521 INFORMAÇÕES [main] org.apache.catalina.startup.VersionLoggerListener.log Command line argument: -Dcom.sun.management.jmxremote.port=8099
25-Oct-2018 19:38:59.522 INFORMAÇÕES [main] org.apache.catalina.startup.VersionLoggerListener.log Command line argument: -Dcom.sun.management.jmxremote.ssl=false
25-Oct-2018 19:38:59.522 INFORMAÇÕES [main] org.apache.catalina.startup.VersionLoggerListener.log Command line argument: -Dfile.encoding=UTF8
25-Oct-2018 19:38:59.522 INFORMAÇÕES [main] org.apache.catalina.startup.VersionLoggerListener.log Command line argument: -Djava.endorsed.dirs=/media/dfs2/8db50751-1bdc-42e7-a702-5af7636b2a17/liferay-workspace-training/training-workspace/bundles/tomcat-9.0.6/endorsed
25-Oct-2018 19:38:59.522 INFORMAÇÕES [main] org.apache.catalina.startup.VersionLoggerListener.log Command line argument: -Djava.io.tmpdir=/media/dfs2/8db50751-1bdc-42e7-a702-5af7636b2a17/liferay-workspace-training/training-workspace/bundles/tomcat-9.0.6/temp
25-Oct-2018 19:38:59.522 INFORMAÇÕES [main] org.apache.catalina.startup.VersionLoggerListener.log Command line argument: -Djava.net.preferIPv4Stack=true
25-Oct-2018 19:38:59.522 INFORMAÇÕES [main] org.apache.catalina.startup.VersionLoggerListener.log Command line argument: -Djava.util.logging.config.file=/media/dfs2/8db50751-1bdc-42e7-a702-5af7636b2a17/liferay-workspace-training/training-workspace/bundles/tomcat-9.0.6/conf/logging.properties
25-Oct-2018 19:38:59.522 INFORMAÇÕES [main] org.apache.catalina.startup.VersionLoggerListener.log Command line argument: -Djava.util.logging.manager=org.apache.juli.ClassLoaderLogManager
25-Oct-2018 19:38:59.522 INFORMAÇÕES [main] org.apache.catalina.startup.VersionLoggerListener.log Command line argument: -Dorg.apache.catalina.loader.WebappClassLoader.ENABLE_CLEAR_REFERENCES=false
25-Oct-2018 19:38:59.523 INFORMAÇÕES [main] org.apache.catalina.startup.VersionLoggerListener.log Command line argument: -Duser.timezone=GMT
25-Oct-2018 19:38:59.523 INFORMAÇÕES [main] org.apache.catalina.core.AprLifecycleListener.lifecycleEvent The APR based Apache Tomcat Native library which allows optimal performance in production environments was not found on the java.library.path: [/usr/java/packages/lib/amd64:/usr/lib64:/lib64:/lib:/usr/lib]
25-Oct-2018 19:38:59.666 INFORMAÇÕES [main] org.apache.coyote.AbstractProtocol.init Initializing ProtocolHandler ["http-nio-8080"]
25-Oct-2018 19:38:59.677 INFORMAÇÕES [main] org.apache.tomcat.util.net.NioSelectorPool.getSharedSelector Using a shared selector for servlet write/read
25-Oct-2018 19:38:59.684 INFORMAÇÕES [main] org.apache.coyote.AbstractProtocol.init Initializing ProtocolHandler ["ajp-nio-8009"]
25-Oct-2018 19:38:59.685 INFORMAÇÕES [main] org.apache.tomcat.util.net.NioSelectorPool.getSharedSelector Using a shared selector for servlet write/read
25-Oct-2018 19:38:59.686 INFORMAÇÕES [main] org.apache.catalina.startup.Catalina.load Initialization processed in 543 ms
25-Oct-2018 19:38:59.710 INFORMAÇÕES [main] org.apache.catalina.core.StandardService.startInternal Starting service [Catalina]
25-Oct-2018 19:38:59.711 INFORMAÇÕES [main] org.apache.catalina.core.StandardEngine.startInternal Starting Servlet Engine: Apache Tomcat/9.0.6
25-Oct-2018 19:38:59.718 INFORMAÇÕES [main] org.apache.catalina.startup.HostConfig.deployDescriptor Deploying deployment descriptor [/media/dfs2/8db50751-1bdc-42e7-a702-5af7636b2a17/liferay-workspace-training/training-workspace/bundles/tomcat-9.0.6/conf/Catalina/localhost/ROOT.xml]
25-Oct-2018 19:38:59.857 ADVERTÊNCIA [main] org.apache.catalina.startup.HostConfig.deployDescriptor The path attribute with value [] in deployment descriptor [/media/dfs2/8db50751-1bdc-42e7-a702-5af7636b2a17/liferay-workspace-training/training-workspace/bundles/tomcat-9.0.6/conf/Catalina/localhost/ROOT.xml] has been ignored
25-Oct-2018 19:45:27.008 INFORMAÇÕES [main] org.apache.catalina.startup.HostConfig.deployDescriptor Deployment of deployment descriptor [/media/dfs2/8db50751-1bdc-42e7-a702-5af7636b2a17/liferay-workspace-training/training-workspace/bundles/tomcat-9.0.6/conf/Catalina/localhost/ROOT.xml] has finished in [387,290] ms
25-Oct-2018 19:45:27.013 INFORMAÇÕES [main] org.apache.coyote.AbstractProtocol.start Starting ProtocolHandler ["http-nio-8080"]
25-Oct-2018 19:45:27.029 INFORMAÇÕES [main] org.apache.coyote.AbstractProtocol.start Starting ProtocolHandler ["ajp-nio-8009"]
25-Oct-2018 19:45:27.043 INFORMAÇÕES [main] org.apache.catalina.startup.Catalina.start Server startup in 387357 ms
