24-Oct-2018 14:34:37.462 INFORMAÇÕES [Thread-34] org.apache.coyote.AbstractProtocol.pause Pausing ProtocolHandler ["http-nio-8080"]
24-Oct-2018 14:34:37.515 INFORMAÇÕES [Thread-34] org.apache.coyote.AbstractProtocol.pause Pausing ProtocolHandler ["ajp-nio-8009"]
24-Oct-2018 14:34:37.566 INFORMAÇÕES [Thread-34] org.apache.catalina.core.StandardService.stopInternal Stopping service [Catalina]
24-Oct-2018 14:35:01.546 GRAVE [Thread-34] org.apache.catalina.loader.WebappClassLoaderBase.checkThreadLocalMapForLeaks The web application [ROOT] created a ThreadLocal with key of type [java.lang.ThreadLocal] (value [java.lang.ThreadLocal@28b058d5]) and a value of type [org.apache.logging.log4j.core.pattern.DatePatternConverter.FixedFormatter] (value [org.apache.logging.log4j.core.pattern.DatePatternConverter$FixedFormatter@696e8adb]) but failed to remove it when the web application was stopped. Threads are going to be renewed over time to try and avoid a probable memory leak.
24-Oct-2018 14:35:01.547 GRAVE [Thread-34] org.apache.catalina.loader.WebappClassLoaderBase.checkThreadLocalMapForLeaks The web application [ROOT] created a ThreadLocal with key of type [java.lang.ThreadLocal] (value [java.lang.ThreadLocal@433201d3]) and a value of type [io.netty.util.internal.InternalThreadLocalMap] (value [io.netty.util.internal.InternalThreadLocalMap@146afa1f]) but failed to remove it when the web application was stopped. Threads are going to be renewed over time to try and avoid a probable memory leak.
24-Oct-2018 14:35:01.548 GRAVE [Thread-34] org.apache.catalina.loader.WebappClassLoaderBase.checkThreadLocalMapForLeaks The web application [ROOT] created a ThreadLocal with key of type [java.lang.ThreadLocal] (value [java.lang.ThreadLocal@233b1e9c]) and a value of type [org.apache.logging.log4j.core.impl.MutableLogEvent] (value [org.apache.logging.log4j.core.impl.MutableLogEvent@3e1e6072]) but failed to remove it when the web application was stopped. Threads are going to be renewed over time to try and avoid a probable memory leak.
24-Oct-2018 14:35:01.549 GRAVE [Thread-34] org.apache.catalina.loader.WebappClassLoaderBase.checkThreadLocalMapForLeaks The web application [ROOT] created a ThreadLocal with key of type [java.lang.ThreadLocal] (value [java.lang.ThreadLocal@6df1d2fb]) and a value of type [org.apache.logging.log4j.message.ReusableSimpleMessage] (value [org.apache.logging.log4j.message.ReusableSimpleMessage@2e886758]) but failed to remove it when the web application was stopped. Threads are going to be renewed over time to try and avoid a probable memory leak.
24-Oct-2018 14:35:01.551 GRAVE [Thread-34] org.apache.catalina.loader.WebappClassLoaderBase.checkThreadLocalMapForLeaks The web application [ROOT] created a ThreadLocal with key of type [java.lang.ThreadLocal] (value [java.lang.ThreadLocal@553c43eb]) and a value of type [org.apache.logging.log4j.message.ReusableParameterizedMessage] (value [ReusableParameterizedMessage[messagePattern={}, stringArgs=[null], throwable=null]]) but failed to remove it when the web application was stopped. Threads are going to be renewed over time to try and avoid a probable memory leak.
24-Oct-2018 14:35:01.569 INFORMAÇÕES [Thread-34] org.apache.coyote.AbstractProtocol.stop Stopping ProtocolHandler ["http-nio-8080"]
24-Oct-2018 14:35:01.570 INFORMAÇÕES [Thread-34] org.apache.coyote.AbstractProtocol.stop Stopping ProtocolHandler ["ajp-nio-8009"]
24-Oct-2018 14:35:01.574 INFORMAÇÕES [Thread-34] org.apache.coyote.AbstractProtocol.destroy Destroying ProtocolHandler ["http-nio-8080"]
24-Oct-2018 14:35:01.575 INFORMAÇÕES [Thread-34] org.apache.coyote.AbstractProtocol.destroy Destroying ProtocolHandler ["ajp-nio-8009"]
24-Oct-2018 14:35:56.161 INFORMAÇÕES [main] org.apache.catalina.startup.VersionLoggerListener.log Server version:        Apache Tomcat/9.0.6
24-Oct-2018 14:35:56.163 INFORMAÇÕES [main] org.apache.catalina.startup.VersionLoggerListener.log Server built:          Mar 5 2018 09:34:35 UTC
24-Oct-2018 14:35:56.163 INFORMAÇÕES [main] org.apache.catalina.startup.VersionLoggerListener.log Server number:         9.0.6.0
24-Oct-2018 14:35:56.163 INFORMAÇÕES [main] org.apache.catalina.startup.VersionLoggerListener.log OS Name:               Linux
24-Oct-2018 14:35:56.163 INFORMAÇÕES [main] org.apache.catalina.startup.VersionLoggerListener.log OS Version:            4.15.0-36-generic
24-Oct-2018 14:35:56.163 INFORMAÇÕES [main] org.apache.catalina.startup.VersionLoggerListener.log Architecture:          amd64
24-Oct-2018 14:35:56.163 INFORMAÇÕES [main] org.apache.catalina.startup.VersionLoggerListener.log Java Home:             /usr/lib/jvm/java-8-oracle/jre
24-Oct-2018 14:35:56.163 INFORMAÇÕES [main] org.apache.catalina.startup.VersionLoggerListener.log JVM Version:           1.8.0_181-b13
24-Oct-2018 14:35:56.164 INFORMAÇÕES [main] org.apache.catalina.startup.VersionLoggerListener.log JVM Vendor:            Oracle Corporation
24-Oct-2018 14:35:56.164 INFORMAÇÕES [main] org.apache.catalina.startup.VersionLoggerListener.log CATALINA_BASE:         /media/dfs2/8db50751-1bdc-42e7-a702-5af7636b2a17/liferay-workspace-training/training-workspace/bundles/tomcat-9.0.6
24-Oct-2018 14:35:56.164 INFORMAÇÕES [main] org.apache.catalina.startup.VersionLoggerListener.log CATALINA_HOME:         /media/dfs2/8db50751-1bdc-42e7-a702-5af7636b2a17/liferay-workspace-training/training-workspace/bundles/tomcat-9.0.6
24-Oct-2018 14:35:56.164 INFORMAÇÕES [main] org.apache.catalina.startup.VersionLoggerListener.log Command line argument: -agentlib:jdwp=transport=dt_socket,suspend=y,address=localhost:42515
24-Oct-2018 14:35:56.164 INFORMAÇÕES [main] org.apache.catalina.startup.VersionLoggerListener.log Command line argument: -Xmx1024m
24-Oct-2018 14:35:56.164 INFORMAÇÕES [main] org.apache.catalina.startup.VersionLoggerListener.log Command line argument: -Dcatalina.base=/media/dfs2/8db50751-1bdc-42e7-a702-5af7636b2a17/liferay-workspace-training/training-workspace/bundles/tomcat-9.0.6
24-Oct-2018 14:35:56.164 INFORMAÇÕES [main] org.apache.catalina.startup.VersionLoggerListener.log Command line argument: -Dcatalina.home=/media/dfs2/8db50751-1bdc-42e7-a702-5af7636b2a17/liferay-workspace-training/training-workspace/bundles/tomcat-9.0.6
24-Oct-2018 14:35:56.165 INFORMAÇÕES [main] org.apache.catalina.startup.VersionLoggerListener.log Command line argument: -Dcom.sun.management.jmxremote
24-Oct-2018 14:35:56.165 INFORMAÇÕES [main] org.apache.catalina.startup.VersionLoggerListener.log Command line argument: -Dcom.sun.management.jmxremote.authenticate=false
24-Oct-2018 14:35:56.165 INFORMAÇÕES [main] org.apache.catalina.startup.VersionLoggerListener.log Command line argument: -Dcom.sun.management.jmxremote.port=8099
24-Oct-2018 14:35:56.165 INFORMAÇÕES [main] org.apache.catalina.startup.VersionLoggerListener.log Command line argument: -Dcom.sun.management.jmxremote.ssl=false
24-Oct-2018 14:35:56.165 INFORMAÇÕES [main] org.apache.catalina.startup.VersionLoggerListener.log Command line argument: -Dfile.encoding=UTF8
24-Oct-2018 14:35:56.165 INFORMAÇÕES [main] org.apache.catalina.startup.VersionLoggerListener.log Command line argument: -Djava.endorsed.dirs=/media/dfs2/8db50751-1bdc-42e7-a702-5af7636b2a17/liferay-workspace-training/training-workspace/bundles/tomcat-9.0.6/endorsed
24-Oct-2018 14:35:56.165 INFORMAÇÕES [main] org.apache.catalina.startup.VersionLoggerListener.log Command line argument: -Djava.io.tmpdir=/media/dfs2/8db50751-1bdc-42e7-a702-5af7636b2a17/liferay-workspace-training/training-workspace/bundles/tomcat-9.0.6/temp
24-Oct-2018 14:35:56.165 INFORMAÇÕES [main] org.apache.catalina.startup.VersionLoggerListener.log Command line argument: -Djava.net.preferIPv4Stack=true
24-Oct-2018 14:35:56.166 INFORMAÇÕES [main] org.apache.catalina.startup.VersionLoggerListener.log Command line argument: -Djava.util.logging.config.file=/media/dfs2/8db50751-1bdc-42e7-a702-5af7636b2a17/liferay-workspace-training/training-workspace/bundles/tomcat-9.0.6/conf/logging.properties
24-Oct-2018 14:35:56.166 INFORMAÇÕES [main] org.apache.catalina.startup.VersionLoggerListener.log Command line argument: -Djava.util.logging.manager=org.apache.juli.ClassLoaderLogManager
24-Oct-2018 14:35:56.166 INFORMAÇÕES [main] org.apache.catalina.startup.VersionLoggerListener.log Command line argument: -Dorg.apache.catalina.loader.WebappClassLoader.ENABLE_CLEAR_REFERENCES=false
24-Oct-2018 14:35:56.166 INFORMAÇÕES [main] org.apache.catalina.startup.VersionLoggerListener.log Command line argument: -Duser.timezone=GMT
24-Oct-2018 14:35:56.166 INFORMAÇÕES [main] org.apache.catalina.core.AprLifecycleListener.lifecycleEvent The APR based Apache Tomcat Native library which allows optimal performance in production environments was not found on the java.library.path: [/usr/java/packages/lib/amd64:/usr/lib64:/lib64:/lib:/usr/lib]
24-Oct-2018 14:35:56.306 INFORMAÇÕES [main] org.apache.coyote.AbstractProtocol.init Initializing ProtocolHandler ["http-nio-8080"]
24-Oct-2018 14:35:56.313 INFORMAÇÕES [main] org.apache.tomcat.util.net.NioSelectorPool.getSharedSelector Using a shared selector for servlet write/read
24-Oct-2018 14:35:56.322 INFORMAÇÕES [main] org.apache.coyote.AbstractProtocol.init Initializing ProtocolHandler ["ajp-nio-8009"]
24-Oct-2018 14:35:56.323 INFORMAÇÕES [main] org.apache.tomcat.util.net.NioSelectorPool.getSharedSelector Using a shared selector for servlet write/read
24-Oct-2018 14:35:56.324 INFORMAÇÕES [main] org.apache.catalina.startup.Catalina.load Initialization processed in 602 ms
24-Oct-2018 14:35:56.349 INFORMAÇÕES [main] org.apache.catalina.core.StandardService.startInternal Starting service [Catalina]
24-Oct-2018 14:35:56.349 INFORMAÇÕES [main] org.apache.catalina.core.StandardEngine.startInternal Starting Servlet Engine: Apache Tomcat/9.0.6
24-Oct-2018 14:35:56.356 INFORMAÇÕES [main] org.apache.catalina.startup.HostConfig.deployDescriptor Deploying deployment descriptor [/media/dfs2/8db50751-1bdc-42e7-a702-5af7636b2a17/liferay-workspace-training/training-workspace/bundles/tomcat-9.0.6/conf/Catalina/localhost/ROOT.xml]
24-Oct-2018 14:35:56.376 ADVERTÊNCIA [main] org.apache.catalina.startup.HostConfig.deployDescriptor The path attribute with value [] in deployment descriptor [/media/dfs2/8db50751-1bdc-42e7-a702-5af7636b2a17/liferay-workspace-training/training-workspace/bundles/tomcat-9.0.6/conf/Catalina/localhost/ROOT.xml] has been ignored
24-Oct-2018 14:42:26.709 INFORMAÇÕES [main] org.apache.catalina.startup.HostConfig.deployDescriptor Deployment of deployment descriptor [/media/dfs2/8db50751-1bdc-42e7-a702-5af7636b2a17/liferay-workspace-training/training-workspace/bundles/tomcat-9.0.6/conf/Catalina/localhost/ROOT.xml] has finished in [390,353] ms
24-Oct-2018 14:42:26.713 INFORMAÇÕES [main] org.apache.coyote.AbstractProtocol.start Starting ProtocolHandler ["http-nio-8080"]
24-Oct-2018 14:42:26.726 INFORMAÇÕES [main] org.apache.coyote.AbstractProtocol.start Starting ProtocolHandler ["ajp-nio-8009"]
24-Oct-2018 14:42:26.735 INFORMAÇÕES [main] org.apache.catalina.startup.Catalina.start Server startup in 390410 ms
24-Oct-2018 21:01:37.646 INFORMAÇÕES [main] org.apache.catalina.core.StandardServer.await A valid shutdown command was received via the shutdown port. Stopping the Server instance.
24-Oct-2018 21:01:37.647 INFORMAÇÕES [main] org.apache.coyote.AbstractProtocol.pause Pausing ProtocolHandler ["http-nio-8080"]
24-Oct-2018 21:01:37.698 INFORMAÇÕES [main] org.apache.coyote.AbstractProtocol.pause Pausing ProtocolHandler ["ajp-nio-8009"]
24-Oct-2018 21:01:37.749 INFORMAÇÕES [main] org.apache.catalina.core.StandardService.stopInternal Stopping service [Catalina]
24-Oct-2018 21:02:10.133 GRAVE [main] org.apache.catalina.loader.WebappClassLoaderBase.checkThreadLocalMapForLeaks The web application [ROOT] created a ThreadLocal with key of type [java.lang.ThreadLocal] (value [java.lang.ThreadLocal@7a4f392]) and a value of type [org.apache.logging.log4j.core.pattern.DatePatternConverter.FixedFormatter] (value [org.apache.logging.log4j.core.pattern.DatePatternConverter$FixedFormatter@d70d420]) but failed to remove it when the web application was stopped. Threads are going to be renewed over time to try and avoid a probable memory leak.
24-Oct-2018 21:02:10.133 GRAVE [main] org.apache.catalina.loader.WebappClassLoaderBase.checkThreadLocalMapForLeaks The web application [ROOT] created a ThreadLocal with key of type [java.lang.ThreadLocal] (value [java.lang.ThreadLocal@2d689e7f]) and a value of type [io.netty.util.internal.InternalThreadLocalMap] (value [io.netty.util.internal.InternalThreadLocalMap@1a252d30]) but failed to remove it when the web application was stopped. Threads are going to be renewed over time to try and avoid a probable memory leak.
24-Oct-2018 21:02:10.133 GRAVE [main] org.apache.catalina.loader.WebappClassLoaderBase.checkThreadLocalMapForLeaks The web application [ROOT] created a ThreadLocal with key of type [java.lang.ThreadLocal] (value [java.lang.ThreadLocal@3ab3746f]) and a value of type [org.apache.logging.log4j.core.impl.MutableLogEvent] (value [org.apache.logging.log4j.core.impl.MutableLogEvent@316976cd]) but failed to remove it when the web application was stopped. Threads are going to be renewed over time to try and avoid a probable memory leak.
24-Oct-2018 21:02:10.134 GRAVE [main] org.apache.catalina.loader.WebappClassLoaderBase.checkThreadLocalMapForLeaks The web application [ROOT] created a ThreadLocal with key of type [java.lang.ThreadLocal] (value [java.lang.ThreadLocal@581b8df9]) and a value of type [org.apache.logging.log4j.message.ReusableSimpleMessage] (value [org.apache.logging.log4j.message.ReusableSimpleMessage@6b647767]) but failed to remove it when the web application was stopped. Threads are going to be renewed over time to try and avoid a probable memory leak.
24-Oct-2018 21:02:10.135 GRAVE [main] org.apache.catalina.loader.WebappClassLoaderBase.checkThreadLocalMapForLeaks The web application [ROOT] created a ThreadLocal with key of type [java.lang.ThreadLocal] (value [java.lang.ThreadLocal@4ad57668]) and a value of type [org.apache.logging.log4j.message.ReusableParameterizedMessage] (value [ReusableParameterizedMessage[messagePattern={}, stringArgs=[null], throwable=null]]) but failed to remove it when the web application was stopped. Threads are going to be renewed over time to try and avoid a probable memory leak.
24-Oct-2018 21:02:10.141 INFORMAÇÕES [main] org.apache.coyote.AbstractProtocol.stop Stopping ProtocolHandler ["http-nio-8080"]
24-Oct-2018 21:02:10.144 INFORMAÇÕES [main] org.apache.coyote.AbstractProtocol.stop Stopping ProtocolHandler ["ajp-nio-8009"]
24-Oct-2018 21:02:10.147 INFORMAÇÕES [main] org.apache.coyote.AbstractProtocol.destroy Destroying ProtocolHandler ["http-nio-8080"]
24-Oct-2018 21:02:10.148 INFORMAÇÕES [main] org.apache.coyote.AbstractProtocol.destroy Destroying ProtocolHandler ["ajp-nio-8009"]
24-Oct-2018 21:02:16.484 INFORMAÇÕES [main] org.apache.catalina.startup.VersionLoggerListener.log Server version:        Apache Tomcat/9.0.6
24-Oct-2018 21:02:16.485 INFORMAÇÕES [main] org.apache.catalina.startup.VersionLoggerListener.log Server built:          Mar 5 2018 09:34:35 UTC
24-Oct-2018 21:02:16.485 INFORMAÇÕES [main] org.apache.catalina.startup.VersionLoggerListener.log Server number:         9.0.6.0
24-Oct-2018 21:02:16.486 INFORMAÇÕES [main] org.apache.catalina.startup.VersionLoggerListener.log OS Name:               Linux
24-Oct-2018 21:02:16.486 INFORMAÇÕES [main] org.apache.catalina.startup.VersionLoggerListener.log OS Version:            4.15.0-36-generic
24-Oct-2018 21:02:16.486 INFORMAÇÕES [main] org.apache.catalina.startup.VersionLoggerListener.log Architecture:          amd64
24-Oct-2018 21:02:16.486 INFORMAÇÕES [main] org.apache.catalina.startup.VersionLoggerListener.log Java Home:             /usr/lib/jvm/java-8-oracle/jre
24-Oct-2018 21:02:16.486 INFORMAÇÕES [main] org.apache.catalina.startup.VersionLoggerListener.log JVM Version:           1.8.0_181-b13
24-Oct-2018 21:02:16.486 INFORMAÇÕES [main] org.apache.catalina.startup.VersionLoggerListener.log JVM Vendor:            Oracle Corporation
24-Oct-2018 21:02:16.486 INFORMAÇÕES [main] org.apache.catalina.startup.VersionLoggerListener.log CATALINA_BASE:         /media/dfs2/8db50751-1bdc-42e7-a702-5af7636b2a17/liferay-workspace-training/training-workspace/bundles/tomcat-9.0.6
24-Oct-2018 21:02:16.487 INFORMAÇÕES [main] org.apache.catalina.startup.VersionLoggerListener.log CATALINA_HOME:         /media/dfs2/8db50751-1bdc-42e7-a702-5af7636b2a17/liferay-workspace-training/training-workspace/bundles/tomcat-9.0.6
24-Oct-2018 21:02:16.487 INFORMAÇÕES [main] org.apache.catalina.startup.VersionLoggerListener.log Command line argument: -Xmx1024m
24-Oct-2018 21:02:16.487 INFORMAÇÕES [main] org.apache.catalina.startup.VersionLoggerListener.log Command line argument: -Dcatalina.base=/media/dfs2/8db50751-1bdc-42e7-a702-5af7636b2a17/liferay-workspace-training/training-workspace/bundles/tomcat-9.0.6
24-Oct-2018 21:02:16.487 INFORMAÇÕES [main] org.apache.catalina.startup.VersionLoggerListener.log Command line argument: -Dcatalina.home=/media/dfs2/8db50751-1bdc-42e7-a702-5af7636b2a17/liferay-workspace-training/training-workspace/bundles/tomcat-9.0.6
24-Oct-2018 21:02:16.488 INFORMAÇÕES [main] org.apache.catalina.startup.VersionLoggerListener.log Command line argument: -Dcom.sun.management.jmxremote
24-Oct-2018 21:02:16.488 INFORMAÇÕES [main] org.apache.catalina.startup.VersionLoggerListener.log Command line argument: -Dcom.sun.management.jmxremote.authenticate=false
24-Oct-2018 21:02:16.488 INFORMAÇÕES [main] org.apache.catalina.startup.VersionLoggerListener.log Command line argument: -Dcom.sun.management.jmxremote.port=8099
24-Oct-2018 21:02:16.488 INFORMAÇÕES [main] org.apache.catalina.startup.VersionLoggerListener.log Command line argument: -Dcom.sun.management.jmxremote.ssl=false
24-Oct-2018 21:02:16.488 INFORMAÇÕES [main] org.apache.catalina.startup.VersionLoggerListener.log Command line argument: -Dfile.encoding=UTF8
24-Oct-2018 21:02:16.488 INFORMAÇÕES [main] org.apache.catalina.startup.VersionLoggerListener.log Command line argument: -Djava.endorsed.dirs=/media/dfs2/8db50751-1bdc-42e7-a702-5af7636b2a17/liferay-workspace-training/training-workspace/bundles/tomcat-9.0.6/endorsed
24-Oct-2018 21:02:16.488 INFORMAÇÕES [main] org.apache.catalina.startup.VersionLoggerListener.log Command line argument: -Djava.io.tmpdir=/media/dfs2/8db50751-1bdc-42e7-a702-5af7636b2a17/liferay-workspace-training/training-workspace/bundles/tomcat-9.0.6/temp
24-Oct-2018 21:02:16.488 INFORMAÇÕES [main] org.apache.catalina.startup.VersionLoggerListener.log Command line argument: -Djava.net.preferIPv4Stack=true
24-Oct-2018 21:02:16.489 INFORMAÇÕES [main] org.apache.catalina.startup.VersionLoggerListener.log Command line argument: -Djava.util.logging.config.file=/media/dfs2/8db50751-1bdc-42e7-a702-5af7636b2a17/liferay-workspace-training/training-workspace/bundles/tomcat-9.0.6/conf/logging.properties
24-Oct-2018 21:02:16.489 INFORMAÇÕES [main] org.apache.catalina.startup.VersionLoggerListener.log Command line argument: -Djava.util.logging.manager=org.apache.juli.ClassLoaderLogManager
24-Oct-2018 21:02:16.489 INFORMAÇÕES [main] org.apache.catalina.startup.VersionLoggerListener.log Command line argument: -Dorg.apache.catalina.loader.WebappClassLoader.ENABLE_CLEAR_REFERENCES=false
24-Oct-2018 21:02:16.489 INFORMAÇÕES [main] org.apache.catalina.startup.VersionLoggerListener.log Command line argument: -Duser.timezone=GMT
24-Oct-2018 21:02:16.489 INFORMAÇÕES [main] org.apache.catalina.core.AprLifecycleListener.lifecycleEvent The APR based Apache Tomcat Native library which allows optimal performance in production environments was not found on the java.library.path: [/usr/java/packages/lib/amd64:/usr/lib64:/lib64:/lib:/usr/lib]
24-Oct-2018 21:02:16.601 INFORMAÇÕES [main] org.apache.coyote.AbstractProtocol.init Initializing ProtocolHandler ["http-nio-8080"]
24-Oct-2018 21:02:16.608 INFORMAÇÕES [main] org.apache.tomcat.util.net.NioSelectorPool.getSharedSelector Using a shared selector for servlet write/read
24-Oct-2018 21:02:16.613 INFORMAÇÕES [main] org.apache.coyote.AbstractProtocol.init Initializing ProtocolHandler ["ajp-nio-8009"]
24-Oct-2018 21:02:16.614 INFORMAÇÕES [main] org.apache.tomcat.util.net.NioSelectorPool.getSharedSelector Using a shared selector for servlet write/read
24-Oct-2018 21:02:16.615 INFORMAÇÕES [main] org.apache.catalina.startup.Catalina.load Initialization processed in 450 ms
24-Oct-2018 21:02:16.632 INFORMAÇÕES [main] org.apache.catalina.core.StandardService.startInternal Starting service [Catalina]
24-Oct-2018 21:02:16.632 INFORMAÇÕES [main] org.apache.catalina.core.StandardEngine.startInternal Starting Servlet Engine: Apache Tomcat/9.0.6
24-Oct-2018 21:02:16.637 INFORMAÇÕES [main] org.apache.catalina.startup.HostConfig.deployDescriptor Deploying deployment descriptor [/media/dfs2/8db50751-1bdc-42e7-a702-5af7636b2a17/liferay-workspace-training/training-workspace/bundles/tomcat-9.0.6/conf/Catalina/localhost/ROOT.xml]
24-Oct-2018 21:02:16.655 ADVERTÊNCIA [main] org.apache.catalina.startup.HostConfig.deployDescriptor The path attribute with value [] in deployment descriptor [/media/dfs2/8db50751-1bdc-42e7-a702-5af7636b2a17/liferay-workspace-training/training-workspace/bundles/tomcat-9.0.6/conf/Catalina/localhost/ROOT.xml] has been ignored
24-Oct-2018 21:08:11.267 INFORMAÇÕES [main] org.apache.catalina.startup.HostConfig.deployDescriptor Deployment of deployment descriptor [/media/dfs2/8db50751-1bdc-42e7-a702-5af7636b2a17/liferay-workspace-training/training-workspace/bundles/tomcat-9.0.6/conf/Catalina/localhost/ROOT.xml] has finished in [354,630] ms
24-Oct-2018 21:08:11.271 INFORMAÇÕES [main] org.apache.coyote.AbstractProtocol.start Starting ProtocolHandler ["http-nio-8080"]
24-Oct-2018 21:08:11.281 INFORMAÇÕES [main] org.apache.coyote.AbstractProtocol.start Starting ProtocolHandler ["ajp-nio-8009"]
24-Oct-2018 21:08:11.289 INFORMAÇÕES [main] org.apache.catalina.startup.Catalina.start Server startup in 354674 ms
