2018/10/22 17:40:33 INFO  [liferay/hot_deploy-1][SigarNativeLoader:84] Sigar native library /media/dfs2/8db50751-1bdc-42e7-a702-5af7636b2a17/liferay-workspace-training/training-workspace/bundles/data/sigar/libsigar-amd64-linux.so is loaded
2018/10/22 17:40:33 INFO  [liferay/hot_deploy-1][LCSHotDeployMessageListener:52] LCS portlet 4.2.0 deployed
2018/10/22 17:40:34 WARN  [LCS Worker 1][LCSConnectorRunnable:81] The LCS activation token file is missing from directory /media/dfs2/8db50751-1bdc-42e7-a702-5af7636b2a17/liferay-workspace-training/training-workspace/bundles/data
2018/10/22 17:40:34 INFO  [LCS Worker 1][LCSConnectorRunnable:119] LCS portlet is not connected
2018/10/22 17:40:34 INFO  [LCS Worker 1][LCSConnectorRunnable:124] Retry in 60 seconds
2018/10/22 17:41:34 WARN  [LCS Worker 1][LCSConnectorRunnable:81] The LCS activation token file is missing from directory /media/dfs2/8db50751-1bdc-42e7-a702-5af7636b2a17/liferay-workspace-training/training-workspace/bundles/data
2018/10/22 17:41:34 INFO  [LCS Worker 1][LCSConnectorRunnable:119] LCS portlet is not connected
2018/10/22 17:41:34 INFO  [LCS Worker 1][LCSConnectorRunnable:124] Retry in 60 seconds
2018/10/22 17:42:34 WARN  [LCS Worker 1][LCSConnectorRunnable:81] The LCS activation token file is missing from directory /media/dfs2/8db50751-1bdc-42e7-a702-5af7636b2a17/liferay-workspace-training/training-workspace/bundles/data
2018/10/22 17:42:34 INFO  [LCS Worker 1][LCSConnectorRunnable:119] LCS portlet is not connected
2018/10/22 17:42:34 INFO  [LCS Worker 1][LCSConnectorRunnable:124] Retry in 60 seconds
2018/10/22 17:43:34 WARN  [LCS Worker 1][LCSConnectorRunnable:81] The LCS activation token file is missing from directory /media/dfs2/8db50751-1bdc-42e7-a702-5af7636b2a17/liferay-workspace-training/training-workspace/bundles/data
2018/10/22 17:43:34 INFO  [LCS Worker 1][LCSConnectorRunnable:119] LCS portlet is not connected
2018/10/22 17:43:34 INFO  [LCS Worker 1][LCSConnectorRunnable:124] Retry in 60 seconds
2018/10/22 17:44:08 INFO  [liferay/hot_deploy-1][LCSHotDeployMessageListener:67] LCS portlet 4.2.0 undeployed
2018/10/22 17:44:14 WARN  [LCS Worker 1][LCSConnectorRunnable:131] Interrupted while waiting for connection
2018/10/22 17:48:07 INFO  [liferay/hot_deploy-1][SigarNativeLoader:84] Sigar native library /media/dfs2/8db50751-1bdc-42e7-a702-5af7636b2a17/liferay-workspace-training/training-workspace/bundles/data/sigar/libsigar-amd64-linux.so is loaded
2018/10/22 17:48:07 INFO  [liferay/hot_deploy-1][LCSHotDeployMessageListener:52] LCS portlet 4.2.0 deployed
2018/10/22 17:48:07 WARN  [LCS Worker 1][LCSConnectorRunnable:81] The LCS activation token file is missing from directory /media/dfs2/8db50751-1bdc-42e7-a702-5af7636b2a17/liferay-workspace-training/training-workspace/bundles/data
2018/10/22 17:48:07 INFO  [LCS Worker 1][LCSConnectorRunnable:119] LCS portlet is not connected
2018/10/22 17:48:07 INFO  [LCS Worker 1][LCSConnectorRunnable:124] Retry in 60 seconds
2018/10/22 17:49:07 WARN  [LCS Worker 1][LCSConnectorRunnable:81] The LCS activation token file is missing from directory /media/dfs2/8db50751-1bdc-42e7-a702-5af7636b2a17/liferay-workspace-training/training-workspace/bundles/data
2018/10/22 17:49:07 INFO  [LCS Worker 1][LCSConnectorRunnable:119] LCS portlet is not connected
2018/10/22 17:49:07 INFO  [LCS Worker 1][LCSConnectorRunnable:124] Retry in 60 seconds
2018/10/22 17:50:07 WARN  [LCS Worker 1][LCSConnectorRunnable:81] The LCS activation token file is missing from directory /media/dfs2/8db50751-1bdc-42e7-a702-5af7636b2a17/liferay-workspace-training/training-workspace/bundles/data
2018/10/22 17:50:07 INFO  [LCS Worker 1][LCSConnectorRunnable:119] LCS portlet is not connected
2018/10/22 17:50:07 INFO  [LCS Worker 1][LCSConnectorRunnable:124] Retry in 60 seconds
2018/10/22 17:51:07 WARN  [LCS Worker 1][LCSConnectorRunnable:81] The LCS activation token file is missing from directory /media/dfs2/8db50751-1bdc-42e7-a702-5af7636b2a17/liferay-workspace-training/training-workspace/bundles/data
2018/10/22 17:51:07 INFO  [LCS Worker 1][LCSConnectorRunnable:119] LCS portlet is not connected
2018/10/22 17:51:07 INFO  [LCS Worker 1][LCSConnectorRunnable:124] Retry in 60 seconds
2018/10/22 17:52:07 WARN  [LCS Worker 1][LCSConnectorRunnable:81] The LCS activation token file is missing from directory /media/dfs2/8db50751-1bdc-42e7-a702-5af7636b2a17/liferay-workspace-training/training-workspace/bundles/data
2018/10/22 17:52:07 INFO  [LCS Worker 1][LCSConnectorRunnable:119] LCS portlet is not connected
2018/10/22 17:52:07 INFO  [LCS Worker 1][LCSConnectorRunnable:124] Retry in 60 seconds
2018/10/22 17:53:07 WARN  [LCS Worker 1][LCSConnectorRunnable:81] The LCS activation token file is missing from directory /media/dfs2/8db50751-1bdc-42e7-a702-5af7636b2a17/liferay-workspace-training/training-workspace/bundles/data
2018/10/22 17:53:07 INFO  [LCS Worker 1][LCSConnectorRunnable:119] LCS portlet is not connected
2018/10/22 17:53:07 INFO  [LCS Worker 1][LCSConnectorRunnable:124] Retry in 60 seconds
2018/10/22 17:54:07 WARN  [LCS Worker 1][LCSConnectorRunnable:81] The LCS activation token file is missing from directory /media/dfs2/8db50751-1bdc-42e7-a702-5af7636b2a17/liferay-workspace-training/training-workspace/bundles/data
2018/10/22 17:54:07 INFO  [LCS Worker 1][LCSConnectorRunnable:119] LCS portlet is not connected
2018/10/22 17:54:07 INFO  [LCS Worker 1][LCSConnectorRunnable:124] Retry in 60 seconds
2018/10/22 17:55:07 WARN  [LCS Worker 1][LCSConnectorRunnable:81] The LCS activation token file is missing from directory /media/dfs2/8db50751-1bdc-42e7-a702-5af7636b2a17/liferay-workspace-training/training-workspace/bundles/data
2018/10/22 17:55:07 INFO  [LCS Worker 1][LCSConnectorRunnable:119] LCS portlet is not connected
2018/10/22 17:55:07 INFO  [LCS Worker 1][LCSConnectorRunnable:124] Retry in 60 seconds
2018/10/22 17:56:07 WARN  [LCS Worker 1][LCSConnectorRunnable:81] The LCS activation token file is missing from directory /media/dfs2/8db50751-1bdc-42e7-a702-5af7636b2a17/liferay-workspace-training/training-workspace/bundles/data
2018/10/22 17:56:07 INFO  [LCS Worker 1][LCSConnectorRunnable:119] LCS portlet is not connected
2018/10/22 17:56:07 INFO  [LCS Worker 1][LCSConnectorRunnable:124] Retry in 60 seconds
2018/10/22 17:57:07 WARN  [LCS Worker 1][LCSConnectorRunnable:81] The LCS activation token file is missing from directory /media/dfs2/8db50751-1bdc-42e7-a702-5af7636b2a17/liferay-workspace-training/training-workspace/bundles/data
2018/10/22 17:57:07 INFO  [LCS Worker 1][LCSConnectorRunnable:119] LCS portlet is not connected
2018/10/22 17:57:07 INFO  [LCS Worker 1][LCSConnectorRunnable:124] Retry in 60 seconds
2018/10/22 17:58:07 WARN  [LCS Worker 1][LCSConnectorRunnable:81] The LCS activation token file is missing from directory /media/dfs2/8db50751-1bdc-42e7-a702-5af7636b2a17/liferay-workspace-training/training-workspace/bundles/data
2018/10/22 17:58:07 INFO  [LCS Worker 1][LCSConnectorRunnable:119] LCS portlet is not connected
2018/10/22 17:58:07 INFO  [LCS Worker 1][LCSConnectorRunnable:124] Retry in 60 seconds
2018/10/22 17:59:07 WARN  [LCS Worker 1][LCSConnectorRunnable:81] The LCS activation token file is missing from directory /media/dfs2/8db50751-1bdc-42e7-a702-5af7636b2a17/liferay-workspace-training/training-workspace/bundles/data
2018/10/22 17:59:07 INFO  [LCS Worker 1][LCSConnectorRunnable:119] LCS portlet is not connected
2018/10/22 17:59:07 INFO  [LCS Worker 1][LCSConnectorRunnable:124] Retry in 60 seconds
2018/10/22 18:00:07 WARN  [LCS Worker 1][LCSConnectorRunnable:81] The LCS activation token file is missing from directory /media/dfs2/8db50751-1bdc-42e7-a702-5af7636b2a17/liferay-workspace-training/training-workspace/bundles/data
2018/10/22 18:00:07 INFO  [LCS Worker 1][LCSConnectorRunnable:119] LCS portlet is not connected
2018/10/22 18:00:07 INFO  [LCS Worker 1][LCSConnectorRunnable:124] Retry in 60 seconds
2018/10/22 18:01:07 WARN  [LCS Worker 1][LCSConnectorRunnable:81] The LCS activation token file is missing from directory /media/dfs2/8db50751-1bdc-42e7-a702-5af7636b2a17/liferay-workspace-training/training-workspace/bundles/data
2018/10/22 18:01:07 INFO  [LCS Worker 1][LCSConnectorRunnable:119] LCS portlet is not connected
2018/10/22 18:01:07 INFO  [LCS Worker 1][LCSConnectorRunnable:124] Retry in 60 seconds
2018/10/22 18:02:07 WARN  [LCS Worker 1][LCSConnectorRunnable:81] The LCS activation token file is missing from directory /media/dfs2/8db50751-1bdc-42e7-a702-5af7636b2a17/liferay-workspace-training/training-workspace/bundles/data
2018/10/22 18:02:07 INFO  [LCS Worker 1][LCSConnectorRunnable:119] LCS portlet is not connected
2018/10/22 18:02:07 INFO  [LCS Worker 1][LCSConnectorRunnable:124] Retry in 60 seconds
2018/10/22 18:03:07 WARN  [LCS Worker 1][LCSConnectorRunnable:81] The LCS activation token file is missing from directory /media/dfs2/8db50751-1bdc-42e7-a702-5af7636b2a17/liferay-workspace-training/training-workspace/bundles/data
2018/10/22 18:03:07 INFO  [LCS Worker 1][LCSConnectorRunnable:119] LCS portlet is not connected
2018/10/22 18:03:07 INFO  [LCS Worker 1][LCSConnectorRunnable:124] Retry in 60 seconds
2018/10/22 18:04:07 WARN  [LCS Worker 1][LCSConnectorRunnable:81] The LCS activation token file is missing from directory /media/dfs2/8db50751-1bdc-42e7-a702-5af7636b2a17/liferay-workspace-training/training-workspace/bundles/data
2018/10/22 18:04:07 INFO  [LCS Worker 1][LCSConnectorRunnable:119] LCS portlet is not connected
2018/10/22 18:04:07 INFO  [LCS Worker 1][LCSConnectorRunnable:124] Retry in 60 seconds
2018/10/22 18:05:07 WARN  [LCS Worker 1][LCSConnectorRunnable:81] The LCS activation token file is missing from directory /media/dfs2/8db50751-1bdc-42e7-a702-5af7636b2a17/liferay-workspace-training/training-workspace/bundles/data
2018/10/22 18:05:07 INFO  [LCS Worker 1][LCSConnectorRunnable:119] LCS portlet is not connected
2018/10/22 18:05:07 INFO  [LCS Worker 1][LCSConnectorRunnable:124] Retry in 60 seconds
2018/10/22 18:06:07 WARN  [LCS Worker 1][LCSConnectorRunnable:81] The LCS activation token file is missing from directory /media/dfs2/8db50751-1bdc-42e7-a702-5af7636b2a17/liferay-workspace-training/training-workspace/bundles/data
2018/10/22 18:06:07 INFO  [LCS Worker 1][LCSConnectorRunnable:119] LCS portlet is not connected
2018/10/22 18:06:07 INFO  [LCS Worker 1][LCSConnectorRunnable:124] Retry in 60 seconds
2018/10/22 18:07:07 WARN  [LCS Worker 1][LCSConnectorRunnable:81] The LCS activation token file is missing from directory /media/dfs2/8db50751-1bdc-42e7-a702-5af7636b2a17/liferay-workspace-training/training-workspace/bundles/data
2018/10/22 18:07:07 INFO  [LCS Worker 1][LCSConnectorRunnable:119] LCS portlet is not connected
2018/10/22 18:07:07 INFO  [LCS Worker 1][LCSConnectorRunnable:124] Retry in 60 seconds
2018/10/22 18:08:07 WARN  [LCS Worker 1][LCSConnectorRunnable:81] The LCS activation token file is missing from directory /media/dfs2/8db50751-1bdc-42e7-a702-5af7636b2a17/liferay-workspace-training/training-workspace/bundles/data
2018/10/22 18:08:07 INFO  [LCS Worker 1][LCSConnectorRunnable:119] LCS portlet is not connected
2018/10/22 18:08:07 INFO  [LCS Worker 1][LCSConnectorRunnable:124] Retry in 60 seconds
2018/10/22 18:09:08 WARN  [LCS Worker 1][LCSConnectorRunnable:81] The LCS activation token file is missing from directory /media/dfs2/8db50751-1bdc-42e7-a702-5af7636b2a17/liferay-workspace-training/training-workspace/bundles/data
2018/10/22 18:09:08 INFO  [LCS Worker 1][LCSConnectorRunnable:119] LCS portlet is not connected
2018/10/22 18:09:08 INFO  [LCS Worker 1][LCSConnectorRunnable:124] Retry in 60 seconds
2018/10/22 18:10:08 WARN  [LCS Worker 1][LCSConnectorRunnable:81] The LCS activation token file is missing from directory /media/dfs2/8db50751-1bdc-42e7-a702-5af7636b2a17/liferay-workspace-training/training-workspace/bundles/data
2018/10/22 18:10:08 INFO  [LCS Worker 1][LCSConnectorRunnable:119] LCS portlet is not connected
2018/10/22 18:10:08 INFO  [LCS Worker 1][LCSConnectorRunnable:124] Retry in 60 seconds
2018/10/22 18:11:08 WARN  [LCS Worker 1][LCSConnectorRunnable:81] The LCS activation token file is missing from directory /media/dfs2/8db50751-1bdc-42e7-a702-5af7636b2a17/liferay-workspace-training/training-workspace/bundles/data
2018/10/22 18:11:08 INFO  [LCS Worker 1][LCSConnectorRunnable:119] LCS portlet is not connected
2018/10/22 18:11:08 INFO  [LCS Worker 1][LCSConnectorRunnable:124] Retry in 60 seconds
2018/10/22 18:12:08 WARN  [LCS Worker 1][LCSConnectorRunnable:81] The LCS activation token file is missing from directory /media/dfs2/8db50751-1bdc-42e7-a702-5af7636b2a17/liferay-workspace-training/training-workspace/bundles/data
2018/10/22 18:12:08 INFO  [LCS Worker 1][LCSConnectorRunnable:119] LCS portlet is not connected
2018/10/22 18:12:08 INFO  [LCS Worker 1][LCSConnectorRunnable:124] Retry in 60 seconds
2018/10/22 18:13:08 WARN  [LCS Worker 1][LCSConnectorRunnable:81] The LCS activation token file is missing from directory /media/dfs2/8db50751-1bdc-42e7-a702-5af7636b2a17/liferay-workspace-training/training-workspace/bundles/data
2018/10/22 18:13:08 INFO  [LCS Worker 1][LCSConnectorRunnable:119] LCS portlet is not connected
2018/10/22 18:13:08 INFO  [LCS Worker 1][LCSConnectorRunnable:124] Retry in 60 seconds
2018/10/22 18:14:08 WARN  [LCS Worker 1][LCSConnectorRunnable:81] The LCS activation token file is missing from directory /media/dfs2/8db50751-1bdc-42e7-a702-5af7636b2a17/liferay-workspace-training/training-workspace/bundles/data
2018/10/22 18:14:08 INFO  [LCS Worker 1][LCSConnectorRunnable:119] LCS portlet is not connected
2018/10/22 18:14:08 INFO  [LCS Worker 1][LCSConnectorRunnable:124] Retry in 60 seconds
2018/10/22 18:15:08 WARN  [LCS Worker 1][LCSConnectorRunnable:81] The LCS activation token file is missing from directory /media/dfs2/8db50751-1bdc-42e7-a702-5af7636b2a17/liferay-workspace-training/training-workspace/bundles/data
2018/10/22 18:15:08 INFO  [LCS Worker 1][LCSConnectorRunnable:119] LCS portlet is not connected
2018/10/22 18:15:08 INFO  [LCS Worker 1][LCSConnectorRunnable:124] Retry in 60 seconds
2018/10/22 18:16:08 WARN  [LCS Worker 1][LCSConnectorRunnable:81] The LCS activation token file is missing from directory /media/dfs2/8db50751-1bdc-42e7-a702-5af7636b2a17/liferay-workspace-training/training-workspace/bundles/data
2018/10/22 18:16:08 INFO  [LCS Worker 1][LCSConnectorRunnable:119] LCS portlet is not connected
2018/10/22 18:16:08 INFO  [LCS Worker 1][LCSConnectorRunnable:124] Retry in 60 seconds
2018/10/22 18:17:08 WARN  [LCS Worker 1][LCSConnectorRunnable:81] The LCS activation token file is missing from directory /media/dfs2/8db50751-1bdc-42e7-a702-5af7636b2a17/liferay-workspace-training/training-workspace/bundles/data
2018/10/22 18:17:08 INFO  [LCS Worker 1][LCSConnectorRunnable:119] LCS portlet is not connected
2018/10/22 18:17:08 INFO  [LCS Worker 1][LCSConnectorRunnable:124] Retry in 60 seconds
2018/10/22 18:18:08 WARN  [LCS Worker 1][LCSConnectorRunnable:81] The LCS activation token file is missing from directory /media/dfs2/8db50751-1bdc-42e7-a702-5af7636b2a17/liferay-workspace-training/training-workspace/bundles/data
2018/10/22 18:18:08 INFO  [LCS Worker 1][LCSConnectorRunnable:119] LCS portlet is not connected
2018/10/22 18:18:08 INFO  [LCS Worker 1][LCSConnectorRunnable:124] Retry in 60 seconds
2018/10/22 18:19:08 WARN  [LCS Worker 1][LCSConnectorRunnable:81] The LCS activation token file is missing from directory /media/dfs2/8db50751-1bdc-42e7-a702-5af7636b2a17/liferay-workspace-training/training-workspace/bundles/data
2018/10/22 18:19:08 INFO  [LCS Worker 1][LCSConnectorRunnable:119] LCS portlet is not connected
2018/10/22 18:19:08 INFO  [LCS Worker 1][LCSConnectorRunnable:124] Retry in 60 seconds
2018/10/22 18:20:08 WARN  [LCS Worker 1][LCSConnectorRunnable:81] The LCS activation token file is missing from directory /media/dfs2/8db50751-1bdc-42e7-a702-5af7636b2a17/liferay-workspace-training/training-workspace/bundles/data
2018/10/22 18:20:08 INFO  [LCS Worker 1][LCSConnectorRunnable:119] LCS portlet is not connected
2018/10/22 18:20:08 INFO  [LCS Worker 1][LCSConnectorRunnable:124] Retry in 60 seconds
2018/10/22 18:21:08 WARN  [LCS Worker 1][LCSConnectorRunnable:81] The LCS activation token file is missing from directory /media/dfs2/8db50751-1bdc-42e7-a702-5af7636b2a17/liferay-workspace-training/training-workspace/bundles/data
2018/10/22 18:21:08 INFO  [LCS Worker 1][LCSConnectorRunnable:119] LCS portlet is not connected
2018/10/22 18:21:08 INFO  [LCS Worker 1][LCSConnectorRunnable:124] Retry in 60 seconds
2018/10/22 18:22:08 WARN  [LCS Worker 1][LCSConnectorRunnable:81] The LCS activation token file is missing from directory /media/dfs2/8db50751-1bdc-42e7-a702-5af7636b2a17/liferay-workspace-training/training-workspace/bundles/data
2018/10/22 18:22:08 INFO  [LCS Worker 1][LCSConnectorRunnable:119] LCS portlet is not connected
2018/10/22 18:22:08 INFO  [LCS Worker 1][LCSConnectorRunnable:124] Retry in 60 seconds
2018/10/22 18:23:08 WARN  [LCS Worker 1][LCSConnectorRunnable:81] The LCS activation token file is missing from directory /media/dfs2/8db50751-1bdc-42e7-a702-5af7636b2a17/liferay-workspace-training/training-workspace/bundles/data
2018/10/22 18:23:08 INFO  [LCS Worker 1][LCSConnectorRunnable:119] LCS portlet is not connected
2018/10/22 18:23:08 INFO  [LCS Worker 1][LCSConnectorRunnable:124] Retry in 60 seconds
2018/10/22 18:24:08 WARN  [LCS Worker 1][LCSConnectorRunnable:81] The LCS activation token file is missing from directory /media/dfs2/8db50751-1bdc-42e7-a702-5af7636b2a17/liferay-workspace-training/training-workspace/bundles/data
2018/10/22 18:24:08 INFO  [LCS Worker 1][LCSConnectorRunnable:119] LCS portlet is not connected
2018/10/22 18:24:08 INFO  [LCS Worker 1][LCSConnectorRunnable:124] Retry in 60 seconds
2018/10/22 18:25:08 WARN  [LCS Worker 1][LCSConnectorRunnable:81] The LCS activation token file is missing from directory /media/dfs2/8db50751-1bdc-42e7-a702-5af7636b2a17/liferay-workspace-training/training-workspace/bundles/data
2018/10/22 18:25:08 INFO  [LCS Worker 1][LCSConnectorRunnable:119] LCS portlet is not connected
2018/10/22 18:25:08 INFO  [LCS Worker 1][LCSConnectorRunnable:124] Retry in 60 seconds
2018/10/22 18:26:08 WARN  [LCS Worker 1][LCSConnectorRunnable:81] The LCS activation token file is missing from directory /media/dfs2/8db50751-1bdc-42e7-a702-5af7636b2a17/liferay-workspace-training/training-workspace/bundles/data
2018/10/22 18:26:08 INFO  [LCS Worker 1][LCSConnectorRunnable:119] LCS portlet is not connected
2018/10/22 18:26:08 INFO  [LCS Worker 1][LCSConnectorRunnable:124] Retry in 60 seconds
2018/10/22 18:27:08 WARN  [LCS Worker 1][LCSConnectorRunnable:81] The LCS activation token file is missing from directory /media/dfs2/8db50751-1bdc-42e7-a702-5af7636b2a17/liferay-workspace-training/training-workspace/bundles/data
2018/10/22 18:27:08 INFO  [LCS Worker 1][LCSConnectorRunnable:119] LCS portlet is not connected
2018/10/22 18:27:08 INFO  [LCS Worker 1][LCSConnectorRunnable:124] Retry in 60 seconds
2018/10/22 18:28:08 WARN  [LCS Worker 1][LCSConnectorRunnable:81] The LCS activation token file is missing from directory /media/dfs2/8db50751-1bdc-42e7-a702-5af7636b2a17/liferay-workspace-training/training-workspace/bundles/data
2018/10/22 18:28:08 INFO  [LCS Worker 1][LCSConnectorRunnable:119] LCS portlet is not connected
2018/10/22 18:28:08 INFO  [LCS Worker 1][LCSConnectorRunnable:124] Retry in 60 seconds
2018/10/22 18:29:08 WARN  [LCS Worker 1][LCSConnectorRunnable:81] The LCS activation token file is missing from directory /media/dfs2/8db50751-1bdc-42e7-a702-5af7636b2a17/liferay-workspace-training/training-workspace/bundles/data
2018/10/22 18:29:08 INFO  [LCS Worker 1][LCSConnectorRunnable:119] LCS portlet is not connected
2018/10/22 18:29:08 INFO  [LCS Worker 1][LCSConnectorRunnable:124] Retry in 60 seconds
2018/10/22 18:30:08 WARN  [LCS Worker 1][LCSConnectorRunnable:81] The LCS activation token file is missing from directory /media/dfs2/8db50751-1bdc-42e7-a702-5af7636b2a17/liferay-workspace-training/training-workspace/bundles/data
2018/10/22 18:30:08 INFO  [LCS Worker 1][LCSConnectorRunnable:119] LCS portlet is not connected
2018/10/22 18:30:08 INFO  [LCS Worker 1][LCSConnectorRunnable:124] Retry in 60 seconds
2018/10/22 18:31:08 WARN  [LCS Worker 1][LCSConnectorRunnable:81] The LCS activation token file is missing from directory /media/dfs2/8db50751-1bdc-42e7-a702-5af7636b2a17/liferay-workspace-training/training-workspace/bundles/data
2018/10/22 18:31:08 INFO  [LCS Worker 1][LCSConnectorRunnable:119] LCS portlet is not connected
2018/10/22 18:31:08 INFO  [LCS Worker 1][LCSConnectorRunnable:124] Retry in 60 seconds
2018/10/22 18:32:08 WARN  [LCS Worker 1][LCSConnectorRunnable:81] The LCS activation token file is missing from directory /media/dfs2/8db50751-1bdc-42e7-a702-5af7636b2a17/liferay-workspace-training/training-workspace/bundles/data
2018/10/22 18:32:08 INFO  [LCS Worker 1][LCSConnectorRunnable:119] LCS portlet is not connected
2018/10/22 18:32:08 INFO  [LCS Worker 1][LCSConnectorRunnable:124] Retry in 60 seconds
2018/10/22 18:33:08 WARN  [LCS Worker 1][LCSConnectorRunnable:81] The LCS activation token file is missing from directory /media/dfs2/8db50751-1bdc-42e7-a702-5af7636b2a17/liferay-workspace-training/training-workspace/bundles/data
2018/10/22 18:33:08 INFO  [LCS Worker 1][LCSConnectorRunnable:119] LCS portlet is not connected
2018/10/22 18:33:08 INFO  [LCS Worker 1][LCSConnectorRunnable:124] Retry in 60 seconds
2018/10/22 18:34:08 WARN  [LCS Worker 1][LCSConnectorRunnable:81] The LCS activation token file is missing from directory /media/dfs2/8db50751-1bdc-42e7-a702-5af7636b2a17/liferay-workspace-training/training-workspace/bundles/data
2018/10/22 18:34:08 INFO  [LCS Worker 1][LCSConnectorRunnable:119] LCS portlet is not connected
2018/10/22 18:34:08 INFO  [LCS Worker 1][LCSConnectorRunnable:124] Retry in 60 seconds
2018/10/22 18:35:08 WARN  [LCS Worker 1][LCSConnectorRunnable:81] The LCS activation token file is missing from directory /media/dfs2/8db50751-1bdc-42e7-a702-5af7636b2a17/liferay-workspace-training/training-workspace/bundles/data
2018/10/22 18:35:08 INFO  [LCS Worker 1][LCSConnectorRunnable:119] LCS portlet is not connected
2018/10/22 18:35:08 INFO  [LCS Worker 1][LCSConnectorRunnable:124] Retry in 60 seconds
2018/10/22 18:36:08 WARN  [LCS Worker 1][LCSConnectorRunnable:81] The LCS activation token file is missing from directory /media/dfs2/8db50751-1bdc-42e7-a702-5af7636b2a17/liferay-workspace-training/training-workspace/bundles/data
2018/10/22 18:36:08 INFO  [LCS Worker 1][LCSConnectorRunnable:119] LCS portlet is not connected
2018/10/22 18:36:08 INFO  [LCS Worker 1][LCSConnectorRunnable:124] Retry in 60 seconds
2018/10/22 18:37:08 WARN  [LCS Worker 1][LCSConnectorRunnable:81] The LCS activation token file is missing from directory /media/dfs2/8db50751-1bdc-42e7-a702-5af7636b2a17/liferay-workspace-training/training-workspace/bundles/data
2018/10/22 18:37:08 INFO  [LCS Worker 1][LCSConnectorRunnable:119] LCS portlet is not connected
2018/10/22 18:37:08 INFO  [LCS Worker 1][LCSConnectorRunnable:124] Retry in 60 seconds
2018/10/22 18:38:08 WARN  [LCS Worker 1][LCSConnectorRunnable:81] The LCS activation token file is missing from directory /media/dfs2/8db50751-1bdc-42e7-a702-5af7636b2a17/liferay-workspace-training/training-workspace/bundles/data
2018/10/22 18:38:08 INFO  [LCS Worker 1][LCSConnectorRunnable:119] LCS portlet is not connected
2018/10/22 18:38:08 INFO  [LCS Worker 1][LCSConnectorRunnable:124] Retry in 60 seconds
2018/10/22 18:39:08 WARN  [LCS Worker 1][LCSConnectorRunnable:81] The LCS activation token file is missing from directory /media/dfs2/8db50751-1bdc-42e7-a702-5af7636b2a17/liferay-workspace-training/training-workspace/bundles/data
2018/10/22 18:39:08 INFO  [LCS Worker 1][LCSConnectorRunnable:119] LCS portlet is not connected
2018/10/22 18:39:08 INFO  [LCS Worker 1][LCSConnectorRunnable:124] Retry in 60 seconds
2018/10/22 18:40:08 WARN  [LCS Worker 1][LCSConnectorRunnable:81] The LCS activation token file is missing from directory /media/dfs2/8db50751-1bdc-42e7-a702-5af7636b2a17/liferay-workspace-training/training-workspace/bundles/data
2018/10/22 18:40:08 INFO  [LCS Worker 1][LCSConnectorRunnable:119] LCS portlet is not connected
2018/10/22 18:40:08 INFO  [LCS Worker 1][LCSConnectorRunnable:124] Retry in 60 seconds
2018/10/22 18:41:08 WARN  [LCS Worker 1][LCSConnectorRunnable:81] The LCS activation token file is missing from directory /media/dfs2/8db50751-1bdc-42e7-a702-5af7636b2a17/liferay-workspace-training/training-workspace/bundles/data
2018/10/22 18:41:08 INFO  [LCS Worker 1][LCSConnectorRunnable:119] LCS portlet is not connected
2018/10/22 18:41:08 INFO  [LCS Worker 1][LCSConnectorRunnable:124] Retry in 60 seconds
2018/10/22 18:42:08 WARN  [LCS Worker 1][LCSConnectorRunnable:81] The LCS activation token file is missing from directory /media/dfs2/8db50751-1bdc-42e7-a702-5af7636b2a17/liferay-workspace-training/training-workspace/bundles/data
2018/10/22 18:42:08 INFO  [LCS Worker 1][LCSConnectorRunnable:119] LCS portlet is not connected
2018/10/22 18:42:08 INFO  [LCS Worker 1][LCSConnectorRunnable:124] Retry in 60 seconds
2018/10/22 18:43:08 WARN  [LCS Worker 1][LCSConnectorRunnable:81] The LCS activation token file is missing from directory /media/dfs2/8db50751-1bdc-42e7-a702-5af7636b2a17/liferay-workspace-training/training-workspace/bundles/data
2018/10/22 18:43:08 INFO  [LCS Worker 1][LCSConnectorRunnable:119] LCS portlet is not connected
2018/10/22 18:43:08 INFO  [LCS Worker 1][LCSConnectorRunnable:124] Retry in 60 seconds
2018/10/22 18:44:08 WARN  [LCS Worker 1][LCSConnectorRunnable:81] The LCS activation token file is missing from directory /media/dfs2/8db50751-1bdc-42e7-a702-5af7636b2a17/liferay-workspace-training/training-workspace/bundles/data
2018/10/22 18:44:08 INFO  [LCS Worker 1][LCSConnectorRunnable:119] LCS portlet is not connected
2018/10/22 18:44:08 INFO  [LCS Worker 1][LCSConnectorRunnable:124] Retry in 60 seconds
2018/10/22 18:45:08 WARN  [LCS Worker 1][LCSConnectorRunnable:81] The LCS activation token file is missing from directory /media/dfs2/8db50751-1bdc-42e7-a702-5af7636b2a17/liferay-workspace-training/training-workspace/bundles/data
2018/10/22 18:45:08 INFO  [LCS Worker 1][LCSConnectorRunnable:119] LCS portlet is not connected
2018/10/22 18:45:08 INFO  [LCS Worker 1][LCSConnectorRunnable:124] Retry in 60 seconds
2018/10/22 18:46:08 WARN  [LCS Worker 1][LCSConnectorRunnable:81] The LCS activation token file is missing from directory /media/dfs2/8db50751-1bdc-42e7-a702-5af7636b2a17/liferay-workspace-training/training-workspace/bundles/data
2018/10/22 18:46:08 INFO  [LCS Worker 1][LCSConnectorRunnable:119] LCS portlet is not connected
2018/10/22 18:46:08 INFO  [LCS Worker 1][LCSConnectorRunnable:124] Retry in 60 seconds
2018/10/22 18:47:08 WARN  [LCS Worker 1][LCSConnectorRunnable:81] The LCS activation token file is missing from directory /media/dfs2/8db50751-1bdc-42e7-a702-5af7636b2a17/liferay-workspace-training/training-workspace/bundles/data
2018/10/22 18:47:08 INFO  [LCS Worker 1][LCSConnectorRunnable:119] LCS portlet is not connected
2018/10/22 18:47:08 INFO  [LCS Worker 1][LCSConnectorRunnable:124] Retry in 60 seconds
2018/10/22 18:48:08 WARN  [LCS Worker 1][LCSConnectorRunnable:81] The LCS activation token file is missing from directory /media/dfs2/8db50751-1bdc-42e7-a702-5af7636b2a17/liferay-workspace-training/training-workspace/bundles/data
2018/10/22 18:48:08 INFO  [LCS Worker 1][LCSConnectorRunnable:119] LCS portlet is not connected
2018/10/22 18:48:08 INFO  [LCS Worker 1][LCSConnectorRunnable:124] Retry in 60 seconds
2018/10/22 18:49:08 WARN  [LCS Worker 1][LCSConnectorRunnable:81] The LCS activation token file is missing from directory /media/dfs2/8db50751-1bdc-42e7-a702-5af7636b2a17/liferay-workspace-training/training-workspace/bundles/data
2018/10/22 18:49:08 INFO  [LCS Worker 1][LCSConnectorRunnable:119] LCS portlet is not connected
2018/10/22 18:49:08 INFO  [LCS Worker 1][LCSConnectorRunnable:124] Retry in 60 seconds
2018/10/22 18:50:08 WARN  [LCS Worker 1][LCSConnectorRunnable:81] The LCS activation token file is missing from directory /media/dfs2/8db50751-1bdc-42e7-a702-5af7636b2a17/liferay-workspace-training/training-workspace/bundles/data
2018/10/22 18:50:08 INFO  [LCS Worker 1][LCSConnectorRunnable:119] LCS portlet is not connected
2018/10/22 18:50:08 INFO  [LCS Worker 1][LCSConnectorRunnable:124] Retry in 60 seconds
2018/10/22 18:51:08 WARN  [LCS Worker 1][LCSConnectorRunnable:81] The LCS activation token file is missing from directory /media/dfs2/8db50751-1bdc-42e7-a702-5af7636b2a17/liferay-workspace-training/training-workspace/bundles/data
2018/10/22 18:51:08 INFO  [LCS Worker 1][LCSConnectorRunnable:119] LCS portlet is not connected
2018/10/22 18:51:08 INFO  [LCS Worker 1][LCSConnectorRunnable:124] Retry in 60 seconds
2018/10/22 18:52:08 WARN  [LCS Worker 1][LCSConnectorRunnable:81] The LCS activation token file is missing from directory /media/dfs2/8db50751-1bdc-42e7-a702-5af7636b2a17/liferay-workspace-training/training-workspace/bundles/data
2018/10/22 18:52:08 INFO  [LCS Worker 1][LCSConnectorRunnable:119] LCS portlet is not connected
2018/10/22 18:52:08 INFO  [LCS Worker 1][LCSConnectorRunnable:124] Retry in 60 seconds
2018/10/22 18:53:08 WARN  [LCS Worker 1][LCSConnectorRunnable:81] The LCS activation token file is missing from directory /media/dfs2/8db50751-1bdc-42e7-a702-5af7636b2a17/liferay-workspace-training/training-workspace/bundles/data
2018/10/22 18:53:08 INFO  [LCS Worker 1][LCSConnectorRunnable:119] LCS portlet is not connected
2018/10/22 18:53:08 INFO  [LCS Worker 1][LCSConnectorRunnable:124] Retry in 60 seconds
2018/10/22 18:54:08 WARN  [LCS Worker 1][LCSConnectorRunnable:81] The LCS activation token file is missing from directory /media/dfs2/8db50751-1bdc-42e7-a702-5af7636b2a17/liferay-workspace-training/training-workspace/bundles/data
2018/10/22 18:54:08 INFO  [LCS Worker 1][LCSConnectorRunnable:119] LCS portlet is not connected
2018/10/22 18:54:08 INFO  [LCS Worker 1][LCSConnectorRunnable:124] Retry in 60 seconds
2018/10/22 18:55:08 WARN  [LCS Worker 1][LCSConnectorRunnable:81] The LCS activation token file is missing from directory /media/dfs2/8db50751-1bdc-42e7-a702-5af7636b2a17/liferay-workspace-training/training-workspace/bundles/data
2018/10/22 18:55:08 INFO  [LCS Worker 1][LCSConnectorRunnable:119] LCS portlet is not connected
2018/10/22 18:55:08 INFO  [LCS Worker 1][LCSConnectorRunnable:124] Retry in 60 seconds
2018/10/22 18:56:08 WARN  [LCS Worker 1][LCSConnectorRunnable:81] The LCS activation token file is missing from directory /media/dfs2/8db50751-1bdc-42e7-a702-5af7636b2a17/liferay-workspace-training/training-workspace/bundles/data
2018/10/22 18:56:08 INFO  [LCS Worker 1][LCSConnectorRunnable:119] LCS portlet is not connected
2018/10/22 18:56:08 INFO  [LCS Worker 1][LCSConnectorRunnable:124] Retry in 60 seconds
2018/10/22 18:57:08 WARN  [LCS Worker 1][LCSConnectorRunnable:81] The LCS activation token file is missing from directory /media/dfs2/8db50751-1bdc-42e7-a702-5af7636b2a17/liferay-workspace-training/training-workspace/bundles/data
2018/10/22 18:57:08 INFO  [LCS Worker 1][LCSConnectorRunnable:119] LCS portlet is not connected
2018/10/22 18:57:08 INFO  [LCS Worker 1][LCSConnectorRunnable:124] Retry in 60 seconds
2018/10/22 18:58:08 WARN  [LCS Worker 1][LCSConnectorRunnable:81] The LCS activation token file is missing from directory /media/dfs2/8db50751-1bdc-42e7-a702-5af7636b2a17/liferay-workspace-training/training-workspace/bundles/data
2018/10/22 18:58:08 INFO  [LCS Worker 1][LCSConnectorRunnable:119] LCS portlet is not connected
2018/10/22 18:58:08 INFO  [LCS Worker 1][LCSConnectorRunnable:124] Retry in 60 seconds
2018/10/22 18:59:08 WARN  [LCS Worker 1][LCSConnectorRunnable:81] The LCS activation token file is missing from directory /media/dfs2/8db50751-1bdc-42e7-a702-5af7636b2a17/liferay-workspace-training/training-workspace/bundles/data
2018/10/22 18:59:08 INFO  [LCS Worker 1][LCSConnectorRunnable:119] LCS portlet is not connected
2018/10/22 18:59:08 INFO  [LCS Worker 1][LCSConnectorRunnable:124] Retry in 60 seconds
2018/10/22 19:00:08 WARN  [LCS Worker 1][LCSConnectorRunnable:81] The LCS activation token file is missing from directory /media/dfs2/8db50751-1bdc-42e7-a702-5af7636b2a17/liferay-workspace-training/training-workspace/bundles/data
2018/10/22 19:00:08 INFO  [LCS Worker 1][LCSConnectorRunnable:119] LCS portlet is not connected
2018/10/22 19:00:08 INFO  [LCS Worker 1][LCSConnectorRunnable:124] Retry in 60 seconds
2018/10/22 19:01:08 WARN  [LCS Worker 1][LCSConnectorRunnable:81] The LCS activation token file is missing from directory /media/dfs2/8db50751-1bdc-42e7-a702-5af7636b2a17/liferay-workspace-training/training-workspace/bundles/data
2018/10/22 19:01:08 INFO  [LCS Worker 1][LCSConnectorRunnable:119] LCS portlet is not connected
2018/10/22 19:01:08 INFO  [LCS Worker 1][LCSConnectorRunnable:124] Retry in 60 seconds
2018/10/22 19:02:08 WARN  [LCS Worker 1][LCSConnectorRunnable:81] The LCS activation token file is missing from directory /media/dfs2/8db50751-1bdc-42e7-a702-5af7636b2a17/liferay-workspace-training/training-workspace/bundles/data
2018/10/22 19:02:08 INFO  [LCS Worker 1][LCSConnectorRunnable:119] LCS portlet is not connected
2018/10/22 19:02:08 INFO  [LCS Worker 1][LCSConnectorRunnable:124] Retry in 60 seconds
2018/10/22 19:03:08 WARN  [LCS Worker 1][LCSConnectorRunnable:81] The LCS activation token file is missing from directory /media/dfs2/8db50751-1bdc-42e7-a702-5af7636b2a17/liferay-workspace-training/training-workspace/bundles/data
2018/10/22 19:03:08 INFO  [LCS Worker 1][LCSConnectorRunnable:119] LCS portlet is not connected
2018/10/22 19:03:08 INFO  [LCS Worker 1][LCSConnectorRunnable:124] Retry in 60 seconds
2018/10/22 19:04:08 WARN  [LCS Worker 1][LCSConnectorRunnable:81] The LCS activation token file is missing from directory /media/dfs2/8db50751-1bdc-42e7-a702-5af7636b2a17/liferay-workspace-training/training-workspace/bundles/data
2018/10/22 19:04:08 INFO  [LCS Worker 1][LCSConnectorRunnable:119] LCS portlet is not connected
2018/10/22 19:04:08 INFO  [LCS Worker 1][LCSConnectorRunnable:124] Retry in 60 seconds
2018/10/22 19:05:08 WARN  [LCS Worker 1][LCSConnectorRunnable:81] The LCS activation token file is missing from directory /media/dfs2/8db50751-1bdc-42e7-a702-5af7636b2a17/liferay-workspace-training/training-workspace/bundles/data
2018/10/22 19:05:08 INFO  [LCS Worker 1][LCSConnectorRunnable:119] LCS portlet is not connected
2018/10/22 19:05:08 INFO  [LCS Worker 1][LCSConnectorRunnable:124] Retry in 60 seconds
2018/10/22 19:06:08 WARN  [LCS Worker 1][LCSConnectorRunnable:81] The LCS activation token file is missing from directory /media/dfs2/8db50751-1bdc-42e7-a702-5af7636b2a17/liferay-workspace-training/training-workspace/bundles/data
2018/10/22 19:06:08 INFO  [LCS Worker 1][LCSConnectorRunnable:119] LCS portlet is not connected
2018/10/22 19:06:08 INFO  [LCS Worker 1][LCSConnectorRunnable:124] Retry in 60 seconds
2018/10/22 19:07:08 WARN  [LCS Worker 1][LCSConnectorRunnable:81] The LCS activation token file is missing from directory /media/dfs2/8db50751-1bdc-42e7-a702-5af7636b2a17/liferay-workspace-training/training-workspace/bundles/data
2018/10/22 19:07:08 INFO  [LCS Worker 1][LCSConnectorRunnable:119] LCS portlet is not connected
2018/10/22 19:07:08 INFO  [LCS Worker 1][LCSConnectorRunnable:124] Retry in 60 seconds
2018/10/22 19:08:08 WARN  [LCS Worker 1][LCSConnectorRunnable:81] The LCS activation token file is missing from directory /media/dfs2/8db50751-1bdc-42e7-a702-5af7636b2a17/liferay-workspace-training/training-workspace/bundles/data
2018/10/22 19:08:08 INFO  [LCS Worker 1][LCSConnectorRunnable:119] LCS portlet is not connected
2018/10/22 19:08:08 INFO  [LCS Worker 1][LCSConnectorRunnable:124] Retry in 60 seconds
2018/10/22 19:09:08 WARN  [LCS Worker 1][LCSConnectorRunnable:81] The LCS activation token file is missing from directory /media/dfs2/8db50751-1bdc-42e7-a702-5af7636b2a17/liferay-workspace-training/training-workspace/bundles/data
2018/10/22 19:09:08 INFO  [LCS Worker 1][LCSConnectorRunnable:119] LCS portlet is not connected
2018/10/22 19:09:08 INFO  [LCS Worker 1][LCSConnectorRunnable:124] Retry in 60 seconds
2018/10/22 19:10:08 WARN  [LCS Worker 1][LCSConnectorRunnable:81] The LCS activation token file is missing from directory /media/dfs2/8db50751-1bdc-42e7-a702-5af7636b2a17/liferay-workspace-training/training-workspace/bundles/data
2018/10/22 19:10:08 INFO  [LCS Worker 1][LCSConnectorRunnable:119] LCS portlet is not connected
2018/10/22 19:10:08 INFO  [LCS Worker 1][LCSConnectorRunnable:124] Retry in 60 seconds
2018/10/22 19:11:08 WARN  [LCS Worker 1][LCSConnectorRunnable:81] The LCS activation token file is missing from directory /media/dfs2/8db50751-1bdc-42e7-a702-5af7636b2a17/liferay-workspace-training/training-workspace/bundles/data
2018/10/22 19:11:08 INFO  [LCS Worker 1][LCSConnectorRunnable:119] LCS portlet is not connected
2018/10/22 19:11:08 INFO  [LCS Worker 1][LCSConnectorRunnable:124] Retry in 60 seconds
2018/10/22 19:12:08 WARN  [LCS Worker 1][LCSConnectorRunnable:81] The LCS activation token file is missing from directory /media/dfs2/8db50751-1bdc-42e7-a702-5af7636b2a17/liferay-workspace-training/training-workspace/bundles/data
2018/10/22 19:12:08 INFO  [LCS Worker 1][LCSConnectorRunnable:119] LCS portlet is not connected
2018/10/22 19:12:08 INFO  [LCS Worker 1][LCSConnectorRunnable:124] Retry in 60 seconds
2018/10/22 19:13:08 WARN  [LCS Worker 1][LCSConnectorRunnable:81] The LCS activation token file is missing from directory /media/dfs2/8db50751-1bdc-42e7-a702-5af7636b2a17/liferay-workspace-training/training-workspace/bundles/data
2018/10/22 19:13:08 INFO  [LCS Worker 1][LCSConnectorRunnable:119] LCS portlet is not connected
2018/10/22 19:13:08 INFO  [LCS Worker 1][LCSConnectorRunnable:124] Retry in 60 seconds
2018/10/22 19:14:08 WARN  [LCS Worker 1][LCSConnectorRunnable:81] The LCS activation token file is missing from directory /media/dfs2/8db50751-1bdc-42e7-a702-5af7636b2a17/liferay-workspace-training/training-workspace/bundles/data
2018/10/22 19:14:08 INFO  [LCS Worker 1][LCSConnectorRunnable:119] LCS portlet is not connected
2018/10/22 19:14:08 INFO  [LCS Worker 1][LCSConnectorRunnable:124] Retry in 60 seconds
2018/10/22 19:15:08 WARN  [LCS Worker 1][LCSConnectorRunnable:81] The LCS activation token file is missing from directory /media/dfs2/8db50751-1bdc-42e7-a702-5af7636b2a17/liferay-workspace-training/training-workspace/bundles/data
2018/10/22 19:15:08 INFO  [LCS Worker 1][LCSConnectorRunnable:119] LCS portlet is not connected
2018/10/22 19:15:08 INFO  [LCS Worker 1][LCSConnectorRunnable:124] Retry in 60 seconds
2018/10/22 19:16:08 WARN  [LCS Worker 1][LCSConnectorRunnable:81] The LCS activation token file is missing from directory /media/dfs2/8db50751-1bdc-42e7-a702-5af7636b2a17/liferay-workspace-training/training-workspace/bundles/data
2018/10/22 19:16:08 INFO  [LCS Worker 1][LCSConnectorRunnable:119] LCS portlet is not connected
2018/10/22 19:16:08 INFO  [LCS Worker 1][LCSConnectorRunnable:124] Retry in 60 seconds
2018/10/22 19:17:08 WARN  [LCS Worker 1][LCSConnectorRunnable:81] The LCS activation token file is missing from directory /media/dfs2/8db50751-1bdc-42e7-a702-5af7636b2a17/liferay-workspace-training/training-workspace/bundles/data
2018/10/22 19:17:08 INFO  [LCS Worker 1][LCSConnectorRunnable:119] LCS portlet is not connected
2018/10/22 19:17:08 INFO  [LCS Worker 1][LCSConnectorRunnable:124] Retry in 60 seconds
2018/10/22 19:18:08 WARN  [LCS Worker 1][LCSConnectorRunnable:81] The LCS activation token file is missing from directory /media/dfs2/8db50751-1bdc-42e7-a702-5af7636b2a17/liferay-workspace-training/training-workspace/bundles/data
2018/10/22 19:18:08 INFO  [LCS Worker 1][LCSConnectorRunnable:119] LCS portlet is not connected
2018/10/22 19:18:08 INFO  [LCS Worker 1][LCSConnectorRunnable:124] Retry in 60 seconds
2018/10/22 19:19:08 WARN  [LCS Worker 1][LCSConnectorRunnable:81] The LCS activation token file is missing from directory /media/dfs2/8db50751-1bdc-42e7-a702-5af7636b2a17/liferay-workspace-training/training-workspace/bundles/data
2018/10/22 19:19:08 INFO  [LCS Worker 1][LCSConnectorRunnable:119] LCS portlet is not connected
2018/10/22 19:19:08 INFO  [LCS Worker 1][LCSConnectorRunnable:124] Retry in 60 seconds
2018/10/22 19:20:08 WARN  [LCS Worker 1][LCSConnectorRunnable:81] The LCS activation token file is missing from directory /media/dfs2/8db50751-1bdc-42e7-a702-5af7636b2a17/liferay-workspace-training/training-workspace/bundles/data
2018/10/22 19:20:08 INFO  [LCS Worker 1][LCSConnectorRunnable:119] LCS portlet is not connected
2018/10/22 19:20:08 INFO  [LCS Worker 1][LCSConnectorRunnable:124] Retry in 60 seconds
2018/10/22 19:21:08 WARN  [LCS Worker 1][LCSConnectorRunnable:81] The LCS activation token file is missing from directory /media/dfs2/8db50751-1bdc-42e7-a702-5af7636b2a17/liferay-workspace-training/training-workspace/bundles/data
2018/10/22 19:21:08 INFO  [LCS Worker 1][LCSConnectorRunnable:119] LCS portlet is not connected
2018/10/22 19:21:08 INFO  [LCS Worker 1][LCSConnectorRunnable:124] Retry in 60 seconds
2018/10/22 19:22:08 WARN  [LCS Worker 1][LCSConnectorRunnable:81] The LCS activation token file is missing from directory /media/dfs2/8db50751-1bdc-42e7-a702-5af7636b2a17/liferay-workspace-training/training-workspace/bundles/data
2018/10/22 19:22:08 INFO  [LCS Worker 1][LCSConnectorRunnable:119] LCS portlet is not connected
2018/10/22 19:22:08 INFO  [LCS Worker 1][LCSConnectorRunnable:124] Retry in 60 seconds
2018/10/22 19:23:08 WARN  [LCS Worker 1][LCSConnectorRunnable:81] The LCS activation token file is missing from directory /media/dfs2/8db50751-1bdc-42e7-a702-5af7636b2a17/liferay-workspace-training/training-workspace/bundles/data
2018/10/22 19:23:08 INFO  [LCS Worker 1][LCSConnectorRunnable:119] LCS portlet is not connected
2018/10/22 19:23:08 INFO  [LCS Worker 1][LCSConnectorRunnable:124] Retry in 60 seconds
2018/10/22 19:24:08 WARN  [LCS Worker 1][LCSConnectorRunnable:81] The LCS activation token file is missing from directory /media/dfs2/8db50751-1bdc-42e7-a702-5af7636b2a17/liferay-workspace-training/training-workspace/bundles/data
2018/10/22 19:24:08 INFO  [LCS Worker 1][LCSConnectorRunnable:119] LCS portlet is not connected
2018/10/22 19:24:08 INFO  [LCS Worker 1][LCSConnectorRunnable:124] Retry in 60 seconds
2018/10/22 19:25:08 WARN  [LCS Worker 1][LCSConnectorRunnable:81] The LCS activation token file is missing from directory /media/dfs2/8db50751-1bdc-42e7-a702-5af7636b2a17/liferay-workspace-training/training-workspace/bundles/data
2018/10/22 19:25:08 INFO  [LCS Worker 1][LCSConnectorRunnable:119] LCS portlet is not connected
2018/10/22 19:25:08 INFO  [LCS Worker 1][LCSConnectorRunnable:124] Retry in 60 seconds
2018/10/22 19:26:08 WARN  [LCS Worker 1][LCSConnectorRunnable:81] The LCS activation token file is missing from directory /media/dfs2/8db50751-1bdc-42e7-a702-5af7636b2a17/liferay-workspace-training/training-workspace/bundles/data
2018/10/22 19:26:08 INFO  [LCS Worker 1][LCSConnectorRunnable:119] LCS portlet is not connected
2018/10/22 19:26:08 INFO  [LCS Worker 1][LCSConnectorRunnable:124] Retry in 60 seconds
2018/10/22 19:27:08 WARN  [LCS Worker 1][LCSConnectorRunnable:81] The LCS activation token file is missing from directory /media/dfs2/8db50751-1bdc-42e7-a702-5af7636b2a17/liferay-workspace-training/training-workspace/bundles/data
2018/10/22 19:27:08 INFO  [LCS Worker 1][LCSConnectorRunnable:119] LCS portlet is not connected
2018/10/22 19:27:08 INFO  [LCS Worker 1][LCSConnectorRunnable:124] Retry in 60 seconds
2018/10/22 19:28:08 WARN  [LCS Worker 1][LCSConnectorRunnable:81] The LCS activation token file is missing from directory /media/dfs2/8db50751-1bdc-42e7-a702-5af7636b2a17/liferay-workspace-training/training-workspace/bundles/data
2018/10/22 19:28:08 INFO  [LCS Worker 1][LCSConnectorRunnable:119] LCS portlet is not connected
2018/10/22 19:28:08 INFO  [LCS Worker 1][LCSConnectorRunnable:124] Retry in 60 seconds
2018/10/22 19:29:08 WARN  [LCS Worker 1][LCSConnectorRunnable:81] The LCS activation token file is missing from directory /media/dfs2/8db50751-1bdc-42e7-a702-5af7636b2a17/liferay-workspace-training/training-workspace/bundles/data
2018/10/22 19:29:08 INFO  [LCS Worker 1][LCSConnectorRunnable:119] LCS portlet is not connected
2018/10/22 19:29:08 INFO  [LCS Worker 1][LCSConnectorRunnable:124] Retry in 60 seconds
2018/10/22 19:30:08 WARN  [LCS Worker 1][LCSConnectorRunnable:81] The LCS activation token file is missing from directory /media/dfs2/8db50751-1bdc-42e7-a702-5af7636b2a17/liferay-workspace-training/training-workspace/bundles/data
2018/10/22 19:30:08 INFO  [LCS Worker 1][LCSConnectorRunnable:119] LCS portlet is not connected
2018/10/22 19:30:08 INFO  [LCS Worker 1][LCSConnectorRunnable:124] Retry in 60 seconds
2018/10/22 19:31:08 WARN  [LCS Worker 1][LCSConnectorRunnable:81] The LCS activation token file is missing from directory /media/dfs2/8db50751-1bdc-42e7-a702-5af7636b2a17/liferay-workspace-training/training-workspace/bundles/data
2018/10/22 19:31:08 INFO  [LCS Worker 1][LCSConnectorRunnable:119] LCS portlet is not connected
2018/10/22 19:31:08 INFO  [LCS Worker 1][LCSConnectorRunnable:124] Retry in 60 seconds
2018/10/22 19:32:08 WARN  [LCS Worker 1][LCSConnectorRunnable:81] The LCS activation token file is missing from directory /media/dfs2/8db50751-1bdc-42e7-a702-5af7636b2a17/liferay-workspace-training/training-workspace/bundles/data
2018/10/22 19:32:08 INFO  [LCS Worker 1][LCSConnectorRunnable:119] LCS portlet is not connected
2018/10/22 19:32:08 INFO  [LCS Worker 1][LCSConnectorRunnable:124] Retry in 60 seconds
2018/10/22 19:33:08 WARN  [LCS Worker 1][LCSConnectorRunnable:81] The LCS activation token file is missing from directory /media/dfs2/8db50751-1bdc-42e7-a702-5af7636b2a17/liferay-workspace-training/training-workspace/bundles/data
2018/10/22 19:33:08 INFO  [LCS Worker 1][LCSConnectorRunnable:119] LCS portlet is not connected
2018/10/22 19:33:08 INFO  [LCS Worker 1][LCSConnectorRunnable:124] Retry in 60 seconds
2018/10/22 19:34:08 WARN  [LCS Worker 1][LCSConnectorRunnable:81] The LCS activation token file is missing from directory /media/dfs2/8db50751-1bdc-42e7-a702-5af7636b2a17/liferay-workspace-training/training-workspace/bundles/data
2018/10/22 19:34:08 INFO  [LCS Worker 1][LCSConnectorRunnable:119] LCS portlet is not connected
2018/10/22 19:34:08 INFO  [LCS Worker 1][LCSConnectorRunnable:124] Retry in 60 seconds
2018/10/22 19:35:08 WARN  [LCS Worker 1][LCSConnectorRunnable:81] The LCS activation token file is missing from directory /media/dfs2/8db50751-1bdc-42e7-a702-5af7636b2a17/liferay-workspace-training/training-workspace/bundles/data
2018/10/22 19:35:08 INFO  [LCS Worker 1][LCSConnectorRunnable:119] LCS portlet is not connected
2018/10/22 19:35:08 INFO  [LCS Worker 1][LCSConnectorRunnable:124] Retry in 60 seconds
2018/10/22 19:36:08 WARN  [LCS Worker 1][LCSConnectorRunnable:81] The LCS activation token file is missing from directory /media/dfs2/8db50751-1bdc-42e7-a702-5af7636b2a17/liferay-workspace-training/training-workspace/bundles/data
2018/10/22 19:36:08 INFO  [LCS Worker 1][LCSConnectorRunnable:119] LCS portlet is not connected
2018/10/22 19:36:08 INFO  [LCS Worker 1][LCSConnectorRunnable:124] Retry in 60 seconds
2018/10/22 19:37:09 WARN  [LCS Worker 1][LCSConnectorRunnable:81] The LCS activation token file is missing from directory /media/dfs2/8db50751-1bdc-42e7-a702-5af7636b2a17/liferay-workspace-training/training-workspace/bundles/data
2018/10/22 19:37:09 INFO  [LCS Worker 1][LCSConnectorRunnable:119] LCS portlet is not connected
2018/10/22 19:37:09 INFO  [LCS Worker 1][LCSConnectorRunnable:124] Retry in 60 seconds
2018/10/22 19:38:09 WARN  [LCS Worker 1][LCSConnectorRunnable:81] The LCS activation token file is missing from directory /media/dfs2/8db50751-1bdc-42e7-a702-5af7636b2a17/liferay-workspace-training/training-workspace/bundles/data
2018/10/22 19:38:09 INFO  [LCS Worker 1][LCSConnectorRunnable:119] LCS portlet is not connected
2018/10/22 19:38:09 INFO  [LCS Worker 1][LCSConnectorRunnable:124] Retry in 60 seconds
2018/10/22 19:39:09 WARN  [LCS Worker 1][LCSConnectorRunnable:81] The LCS activation token file is missing from directory /media/dfs2/8db50751-1bdc-42e7-a702-5af7636b2a17/liferay-workspace-training/training-workspace/bundles/data
2018/10/22 19:39:09 INFO  [LCS Worker 1][LCSConnectorRunnable:119] LCS portlet is not connected
2018/10/22 19:39:09 INFO  [LCS Worker 1][LCSConnectorRunnable:124] Retry in 60 seconds
2018/10/22 19:40:09 WARN  [LCS Worker 1][LCSConnectorRunnable:81] The LCS activation token file is missing from directory /media/dfs2/8db50751-1bdc-42e7-a702-5af7636b2a17/liferay-workspace-training/training-workspace/bundles/data
2018/10/22 19:40:09 INFO  [LCS Worker 1][LCSConnectorRunnable:119] LCS portlet is not connected
2018/10/22 19:40:09 INFO  [LCS Worker 1][LCSConnectorRunnable:124] Retry in 60 seconds
2018/10/22 19:41:09 WARN  [LCS Worker 1][LCSConnectorRunnable:81] The LCS activation token file is missing from directory /media/dfs2/8db50751-1bdc-42e7-a702-5af7636b2a17/liferay-workspace-training/training-workspace/bundles/data
2018/10/22 19:41:09 INFO  [LCS Worker 1][LCSConnectorRunnable:119] LCS portlet is not connected
2018/10/22 19:41:09 INFO  [LCS Worker 1][LCSConnectorRunnable:124] Retry in 60 seconds
2018/10/22 19:42:09 WARN  [LCS Worker 1][LCSConnectorRunnable:81] The LCS activation token file is missing from directory /media/dfs2/8db50751-1bdc-42e7-a702-5af7636b2a17/liferay-workspace-training/training-workspace/bundles/data
2018/10/22 19:42:09 INFO  [LCS Worker 1][LCSConnectorRunnable:119] LCS portlet is not connected
2018/10/22 19:42:09 INFO  [LCS Worker 1][LCSConnectorRunnable:124] Retry in 60 seconds
2018/10/22 19:43:09 WARN  [LCS Worker 1][LCSConnectorRunnable:81] The LCS activation token file is missing from directory /media/dfs2/8db50751-1bdc-42e7-a702-5af7636b2a17/liferay-workspace-training/training-workspace/bundles/data
2018/10/22 19:43:09 INFO  [LCS Worker 1][LCSConnectorRunnable:119] LCS portlet is not connected
2018/10/22 19:43:09 INFO  [LCS Worker 1][LCSConnectorRunnable:124] Retry in 60 seconds
2018/10/22 19:44:09 WARN  [LCS Worker 1][LCSConnectorRunnable:81] The LCS activation token file is missing from directory /media/dfs2/8db50751-1bdc-42e7-a702-5af7636b2a17/liferay-workspace-training/training-workspace/bundles/data
2018/10/22 19:44:09 INFO  [LCS Worker 1][LCSConnectorRunnable:119] LCS portlet is not connected
2018/10/22 19:44:09 INFO  [LCS Worker 1][LCSConnectorRunnable:124] Retry in 60 seconds
2018/10/22 19:45:09 WARN  [LCS Worker 1][LCSConnectorRunnable:81] The LCS activation token file is missing from directory /media/dfs2/8db50751-1bdc-42e7-a702-5af7636b2a17/liferay-workspace-training/training-workspace/bundles/data
2018/10/22 19:45:09 INFO  [LCS Worker 1][LCSConnectorRunnable:119] LCS portlet is not connected
2018/10/22 19:45:09 INFO  [LCS Worker 1][LCSConnectorRunnable:124] Retry in 60 seconds
2018/10/22 19:46:09 WARN  [LCS Worker 1][LCSConnectorRunnable:81] The LCS activation token file is missing from directory /media/dfs2/8db50751-1bdc-42e7-a702-5af7636b2a17/liferay-workspace-training/training-workspace/bundles/data
2018/10/22 19:46:09 INFO  [LCS Worker 1][LCSConnectorRunnable:119] LCS portlet is not connected
2018/10/22 19:46:09 INFO  [LCS Worker 1][LCSConnectorRunnable:124] Retry in 60 seconds
2018/10/22 19:47:09 WARN  [LCS Worker 1][LCSConnectorRunnable:81] The LCS activation token file is missing from directory /media/dfs2/8db50751-1bdc-42e7-a702-5af7636b2a17/liferay-workspace-training/training-workspace/bundles/data
2018/10/22 19:47:09 INFO  [LCS Worker 1][LCSConnectorRunnable:119] LCS portlet is not connected
2018/10/22 19:47:09 INFO  [LCS Worker 1][LCSConnectorRunnable:124] Retry in 60 seconds
2018/10/22 19:48:09 WARN  [LCS Worker 1][LCSConnectorRunnable:81] The LCS activation token file is missing from directory /media/dfs2/8db50751-1bdc-42e7-a702-5af7636b2a17/liferay-workspace-training/training-workspace/bundles/data
2018/10/22 19:48:09 INFO  [LCS Worker 1][LCSConnectorRunnable:119] LCS portlet is not connected
2018/10/22 19:48:09 INFO  [LCS Worker 1][LCSConnectorRunnable:124] Retry in 60 seconds
2018/10/22 19:49:09 WARN  [LCS Worker 1][LCSConnectorRunnable:81] The LCS activation token file is missing from directory /media/dfs2/8db50751-1bdc-42e7-a702-5af7636b2a17/liferay-workspace-training/training-workspace/bundles/data
2018/10/22 19:49:09 INFO  [LCS Worker 1][LCSConnectorRunnable:119] LCS portlet is not connected
2018/10/22 19:49:09 INFO  [LCS Worker 1][LCSConnectorRunnable:124] Retry in 60 seconds
2018/10/22 19:50:09 WARN  [LCS Worker 1][LCSConnectorRunnable:81] The LCS activation token file is missing from directory /media/dfs2/8db50751-1bdc-42e7-a702-5af7636b2a17/liferay-workspace-training/training-workspace/bundles/data
2018/10/22 19:50:09 INFO  [LCS Worker 1][LCSConnectorRunnable:119] LCS portlet is not connected
2018/10/22 19:50:09 INFO  [LCS Worker 1][LCSConnectorRunnable:124] Retry in 60 seconds
2018/10/22 19:51:09 WARN  [LCS Worker 1][LCSConnectorRunnable:81] The LCS activation token file is missing from directory /media/dfs2/8db50751-1bdc-42e7-a702-5af7636b2a17/liferay-workspace-training/training-workspace/bundles/data
2018/10/22 19:51:09 INFO  [LCS Worker 1][LCSConnectorRunnable:119] LCS portlet is not connected
2018/10/22 19:51:09 INFO  [LCS Worker 1][LCSConnectorRunnable:124] Retry in 60 seconds
2018/10/22 19:52:09 WARN  [LCS Worker 1][LCSConnectorRunnable:81] The LCS activation token file is missing from directory /media/dfs2/8db50751-1bdc-42e7-a702-5af7636b2a17/liferay-workspace-training/training-workspace/bundles/data
2018/10/22 19:52:09 INFO  [LCS Worker 1][LCSConnectorRunnable:119] LCS portlet is not connected
2018/10/22 19:52:09 INFO  [LCS Worker 1][LCSConnectorRunnable:124] Retry in 60 seconds
2018/10/22 19:53:09 WARN  [LCS Worker 1][LCSConnectorRunnable:81] The LCS activation token file is missing from directory /media/dfs2/8db50751-1bdc-42e7-a702-5af7636b2a17/liferay-workspace-training/training-workspace/bundles/data
2018/10/22 19:53:09 INFO  [LCS Worker 1][LCSConnectorRunnable:119] LCS portlet is not connected
2018/10/22 19:53:09 INFO  [LCS Worker 1][LCSConnectorRunnable:124] Retry in 60 seconds
2018/10/22 19:54:09 WARN  [LCS Worker 1][LCSConnectorRunnable:81] The LCS activation token file is missing from directory /media/dfs2/8db50751-1bdc-42e7-a702-5af7636b2a17/liferay-workspace-training/training-workspace/bundles/data
2018/10/22 19:54:09 INFO  [LCS Worker 1][LCSConnectorRunnable:119] LCS portlet is not connected
2018/10/22 19:54:09 INFO  [LCS Worker 1][LCSConnectorRunnable:124] Retry in 60 seconds
2018/10/22 19:55:09 WARN  [LCS Worker 1][LCSConnectorRunnable:81] The LCS activation token file is missing from directory /media/dfs2/8db50751-1bdc-42e7-a702-5af7636b2a17/liferay-workspace-training/training-workspace/bundles/data
2018/10/22 19:55:09 INFO  [LCS Worker 1][LCSConnectorRunnable:119] LCS portlet is not connected
2018/10/22 19:55:09 INFO  [LCS Worker 1][LCSConnectorRunnable:124] Retry in 60 seconds
2018/10/22 19:56:09 WARN  [LCS Worker 1][LCSConnectorRunnable:81] The LCS activation token file is missing from directory /media/dfs2/8db50751-1bdc-42e7-a702-5af7636b2a17/liferay-workspace-training/training-workspace/bundles/data
2018/10/22 19:56:09 INFO  [LCS Worker 1][LCSConnectorRunnable:119] LCS portlet is not connected
2018/10/22 19:56:09 INFO  [LCS Worker 1][LCSConnectorRunnable:124] Retry in 60 seconds
2018/10/22 19:57:09 WARN  [LCS Worker 1][LCSConnectorRunnable:81] The LCS activation token file is missing from directory /media/dfs2/8db50751-1bdc-42e7-a702-5af7636b2a17/liferay-workspace-training/training-workspace/bundles/data
2018/10/22 19:57:09 INFO  [LCS Worker 1][LCSConnectorRunnable:119] LCS portlet is not connected
2018/10/22 19:57:09 INFO  [LCS Worker 1][LCSConnectorRunnable:124] Retry in 60 seconds
2018/10/22 19:58:09 WARN  [LCS Worker 1][LCSConnectorRunnable:81] The LCS activation token file is missing from directory /media/dfs2/8db50751-1bdc-42e7-a702-5af7636b2a17/liferay-workspace-training/training-workspace/bundles/data
2018/10/22 19:58:09 INFO  [LCS Worker 1][LCSConnectorRunnable:119] LCS portlet is not connected
2018/10/22 19:58:09 INFO  [LCS Worker 1][LCSConnectorRunnable:124] Retry in 60 seconds
2018/10/22 19:59:09 WARN  [LCS Worker 1][LCSConnectorRunnable:81] The LCS activation token file is missing from directory /media/dfs2/8db50751-1bdc-42e7-a702-5af7636b2a17/liferay-workspace-training/training-workspace/bundles/data
2018/10/22 19:59:09 INFO  [LCS Worker 1][LCSConnectorRunnable:119] LCS portlet is not connected
2018/10/22 19:59:09 INFO  [LCS Worker 1][LCSConnectorRunnable:124] Retry in 60 seconds
2018/10/22 20:00:09 WARN  [LCS Worker 1][LCSConnectorRunnable:81] The LCS activation token file is missing from directory /media/dfs2/8db50751-1bdc-42e7-a702-5af7636b2a17/liferay-workspace-training/training-workspace/bundles/data
2018/10/22 20:00:09 INFO  [LCS Worker 1][LCSConnectorRunnable:119] LCS portlet is not connected
2018/10/22 20:00:09 INFO  [LCS Worker 1][LCSConnectorRunnable:124] Retry in 60 seconds
2018/10/22 20:01:09 WARN  [LCS Worker 1][LCSConnectorRunnable:81] The LCS activation token file is missing from directory /media/dfs2/8db50751-1bdc-42e7-a702-5af7636b2a17/liferay-workspace-training/training-workspace/bundles/data
2018/10/22 20:01:09 INFO  [LCS Worker 1][LCSConnectorRunnable:119] LCS portlet is not connected
2018/10/22 20:01:09 INFO  [LCS Worker 1][LCSConnectorRunnable:124] Retry in 60 seconds
2018/10/22 20:02:09 WARN  [LCS Worker 1][LCSConnectorRunnable:81] The LCS activation token file is missing from directory /media/dfs2/8db50751-1bdc-42e7-a702-5af7636b2a17/liferay-workspace-training/training-workspace/bundles/data
2018/10/22 20:02:09 INFO  [LCS Worker 1][LCSConnectorRunnable:119] LCS portlet is not connected
2018/10/22 20:02:09 INFO  [LCS Worker 1][LCSConnectorRunnable:124] Retry in 60 seconds
2018/10/22 20:02:51 INFO  [liferay/hot_deploy-1][LCSHotDeployMessageListener:67] LCS portlet 4.2.0 undeployed
2018/10/22 20:02:56 WARN  [LCS Worker 1][LCSConnectorRunnable:131] Interrupted while waiting for connection
