2018/10/26 11:44:11 WARN  [LCS Worker 1][LCSConnectorRunnable:81] The LCS activation token file is missing from directory /media/dfs2/8db50751-1bdc-42e7-a702-5af7636b2a17/liferay-workspace-training/training-workspace/bundles/data
2018/10/26 11:44:11 INFO  [LCS Worker 1][LCSConnectorRunnable:119] LCS portlet is not connected
2018/10/26 11:44:11 INFO  [LCS Worker 1][LCSConnectorRunnable:124] Retry in 60 seconds
2018/10/26 11:45:13 WARN  [LCS Worker 1][LCSConnectorRunnable:81] The LCS activation token file is missing from directory /media/dfs2/8db50751-1bdc-42e7-a702-5af7636b2a17/liferay-workspace-training/training-workspace/bundles/data
2018/10/26 11:45:13 INFO  [LCS Worker 1][LCSConnectorRunnable:119] LCS portlet is not connected
2018/10/26 11:45:13 INFO  [LCS Worker 1][LCSConnectorRunnable:124] Retry in 60 seconds
2018/10/26 11:46:13 WARN  [LCS Worker 1][LCSConnectorRunnable:81] The LCS activation token file is missing from directory /media/dfs2/8db50751-1bdc-42e7-a702-5af7636b2a17/liferay-workspace-training/training-workspace/bundles/data
2018/10/26 11:46:13 INFO  [LCS Worker 1][LCSConnectorRunnable:119] LCS portlet is not connected
2018/10/26 11:46:13 INFO  [LCS Worker 1][LCSConnectorRunnable:124] Retry in 60 seconds
2018/10/26 11:47:13 WARN  [LCS Worker 1][LCSConnectorRunnable:81] The LCS activation token file is missing from directory /media/dfs2/8db50751-1bdc-42e7-a702-5af7636b2a17/liferay-workspace-training/training-workspace/bundles/data
2018/10/26 11:47:13 INFO  [LCS Worker 1][LCSConnectorRunnable:119] LCS portlet is not connected
2018/10/26 11:47:13 INFO  [LCS Worker 1][LCSConnectorRunnable:124] Retry in 60 seconds
2018/10/26 11:48:13 WARN  [LCS Worker 1][LCSConnectorRunnable:81] The LCS activation token file is missing from directory /media/dfs2/8db50751-1bdc-42e7-a702-5af7636b2a17/liferay-workspace-training/training-workspace/bundles/data
2018/10/26 11:48:13 INFO  [LCS Worker 1][LCSConnectorRunnable:119] LCS portlet is not connected
2018/10/26 11:48:13 INFO  [LCS Worker 1][LCSConnectorRunnable:124] Retry in 60 seconds
2018/10/26 11:49:13 WARN  [LCS Worker 1][LCSConnectorRunnable:81] The LCS activation token file is missing from directory /media/dfs2/8db50751-1bdc-42e7-a702-5af7636b2a17/liferay-workspace-training/training-workspace/bundles/data
2018/10/26 11:49:13 INFO  [LCS Worker 1][LCSConnectorRunnable:119] LCS portlet is not connected
2018/10/26 11:49:13 INFO  [LCS Worker 1][LCSConnectorRunnable:124] Retry in 60 seconds
2018/10/26 11:50:13 WARN  [LCS Worker 1][LCSConnectorRunnable:81] The LCS activation token file is missing from directory /media/dfs2/8db50751-1bdc-42e7-a702-5af7636b2a17/liferay-workspace-training/training-workspace/bundles/data
2018/10/26 11:50:13 INFO  [LCS Worker 1][LCSConnectorRunnable:119] LCS portlet is not connected
2018/10/26 11:50:13 INFO  [LCS Worker 1][LCSConnectorRunnable:124] Retry in 60 seconds
2018/10/26 11:51:13 WARN  [LCS Worker 1][LCSConnectorRunnable:81] The LCS activation token file is missing from directory /media/dfs2/8db50751-1bdc-42e7-a702-5af7636b2a17/liferay-workspace-training/training-workspace/bundles/data
2018/10/26 11:51:13 INFO  [LCS Worker 1][LCSConnectorRunnable:119] LCS portlet is not connected
2018/10/26 11:51:13 INFO  [LCS Worker 1][LCSConnectorRunnable:124] Retry in 60 seconds
2018/10/26 11:52:13 WARN  [LCS Worker 1][LCSConnectorRunnable:81] The LCS activation token file is missing from directory /media/dfs2/8db50751-1bdc-42e7-a702-5af7636b2a17/liferay-workspace-training/training-workspace/bundles/data
2018/10/26 11:52:13 INFO  [LCS Worker 1][LCSConnectorRunnable:119] LCS portlet is not connected
2018/10/26 11:52:13 INFO  [LCS Worker 1][LCSConnectorRunnable:124] Retry in 60 seconds
2018/10/26 11:53:13 WARN  [LCS Worker 1][LCSConnectorRunnable:81] The LCS activation token file is missing from directory /media/dfs2/8db50751-1bdc-42e7-a702-5af7636b2a17/liferay-workspace-training/training-workspace/bundles/data
2018/10/26 11:53:13 INFO  [LCS Worker 1][LCSConnectorRunnable:119] LCS portlet is not connected
2018/10/26 11:53:13 INFO  [LCS Worker 1][LCSConnectorRunnable:124] Retry in 60 seconds
2018/10/26 11:54:13 WARN  [LCS Worker 1][LCSConnectorRunnable:81] The LCS activation token file is missing from directory /media/dfs2/8db50751-1bdc-42e7-a702-5af7636b2a17/liferay-workspace-training/training-workspace/bundles/data
2018/10/26 11:54:13 INFO  [LCS Worker 1][LCSConnectorRunnable:119] LCS portlet is not connected
2018/10/26 11:54:13 INFO  [LCS Worker 1][LCSConnectorRunnable:124] Retry in 60 seconds
2018/10/26 11:55:13 WARN  [LCS Worker 1][LCSConnectorRunnable:81] The LCS activation token file is missing from directory /media/dfs2/8db50751-1bdc-42e7-a702-5af7636b2a17/liferay-workspace-training/training-workspace/bundles/data
2018/10/26 11:55:13 INFO  [LCS Worker 1][LCSConnectorRunnable:119] LCS portlet is not connected
2018/10/26 11:55:13 INFO  [LCS Worker 1][LCSConnectorRunnable:124] Retry in 60 seconds
2018/10/26 11:55:42 INFO  [liferay/hot_deploy-1][LCSHotDeployMessageListener:67] LCS portlet 4.2.0 undeployed
2018/10/26 11:55:47 WARN  [LCS Worker 1][LCSConnectorRunnable:131] Interrupted while waiting for connection
